# JRE version: Java(TM) SE Runtime Environment (8.0_261-b12) (build 1.8.0_261-b12)
# Java VM: Java HotSpot(TM) 64-Bit Server VM (25.261-b12 mixed mode windows-amd64 compressed oops)
Heap:
 PSYoungGen      total 139264K, used 84219K [0x000000076b580000, 0x000000077c800000, 0x00000007c0000000)
  eden space 128512K, 65% used [0x000000076b580000,0x00000007707bec38,0x0000000773300000)
  from space 10752K, 0% used [0x0000000773300000,0x0000000773300000,0x0000000773d80000)
  to   space 14336K, 0% used [0x000000077ba00000,0x000000077ba00000,0x000000077c800000)
 ParOldGen       total 263168K, used 228101K [0x00000006c2000000, 0x00000006d2100000, 0x000000076b580000)
  object space 263168K, 86% used [0x00000006c2000000,0x00000006cfec1410,0x00000006d2100000)
 Metaspace       used 13430K, capacity 14010K, committed 14080K, reserved 1060864K
  class space    used 1831K, capacity 1995K, committed 2048K, reserved 1048576K
GC Heap History (10 events):
Event: 3.414 GC heap before
{Heap before GC invocations=7 (full 2):
 PSYoungGen      total 139264K, used 3754K [0x000000076b580000, 0x000000077c800000, 0x00000007c0000000)
  eden space 128512K, 0% used [0x000000076b580000,0x000000076b580000,0x0000000773300000)
  from space 10752K, 34% used [0x0000000773300000,0x00000007736aa910,0x0000000773d80000)
  to   space 14336K, 0% used [0x000000077ba00000,0x000000077ba00000,0x000000077c800000)
 ParOldGen       total 263168K, used 256418K [0x00000006c2000000, 0x00000006d2100000, 0x000000076b580000)
  object space 263168K, 97% used [0x00000006c2000000,0x00000006d1a688e8,0x00000006d2100000)
 Metaspace       used 13104K, capacity 13674K, committed 13824K, reserved 1060864K
  class space    used 1822K, capacity 1993K, committed 2048K, reserved 1048576K
Event: 3.448 GC heap after
Heap after GC invocations=7 (full 2):
 PSYoungGen      total 139264K, used 0K [0x000000076b580000, 0x000000077c800000, 0x00000007c0000000)
  eden space 128512K, 0% used [0x000000076b580000,0x000000076b580000,0x0000000773300000)
  from space 10752K, 0% used [0x0000000773300000,0x0000000773300000,0x0000000773d80000)
  to   space 14336K, 0% used [0x000000077ba00000,0x000000077ba00000,0x000000077c800000)
 ParOldGen       total 263168K, used 245365K [0x00000006c2000000, 0x00000006d2100000, 0x000000076b580000)
  object space 263168K, 93% used [0x00000006c2000000,0x00000006d0f9d630,0x00000006d2100000)
 Metaspace       used 13104K, capacity 13674K, committed 13824K, reserved 1060864K
  class space    used 1822K, capacity 1993K, committed 2048K, reserved 1048576K
}
Event: 3.594 GC heap before
{Heap before GC invocations=8 (full 3):
 PSYoungGen      total 139264K, used 117604K [0x000000076b580000, 0x000000077c800000, 0x00000007c0000000)
  eden space 128512K, 91% used [0x000000076b580000,0x0000000772859278,0x0000000773300000)
  from space 10752K, 0% used [0x0000000773300000,0x0000000773300000,0x0000000773d80000)
  to   space 14336K, 0% used [0x000000077ba00000,0x000000077ba00000,0x000000077c800000)
 ParOldGen       total 263168K, used 245365K [0x00000006c2000000, 0x00000006d2100000, 0x000000076b580000)
  object space 263168K, 93% used [0x00000006c2000000,0x00000006d0f9d630,0x00000006d2100000)
 Metaspace       used 13189K, capacity 13746K, committed 13824K, reserved 1060864K
  class space    used 1830K, capacity 1995K, committed 2048K, reserved 1048576K
Event: 3.629 GC heap after
Heap after GC invocations=8 (full 3):
 PSYoungGen      total 139264K, used 0K [0x000000076b580000, 0x000000077c800000, 0x00000007c0000000)
  eden space 128512K, 0% used [0x000000076b580000,0x000000076b580000,0x0000000773300000)
  from space 10752K, 0% used [0x0000000773300000,0x0000000773300000,0x0000000773d80000)
  to   space 14336K, 0% used [0x000000077ba00000,0x000000077ba00000,0x000000077c800000)
 ParOldGen       total 263168K, used 227877K [0x00000006c2000000, 0x00000006d2100000, 0x000000076b580000)
  object space 263168K, 86% used [0x00000006c2000000,0x00000006cfe89660,0x00000006d2100000)
 Metaspace       used 13189K, capacity 13746K, committed 13824K, reserved 1060864K
  class space    used 1830K, capacity 1995K, committed 2048K, reserved 1048576K
}
Event: 3.851 GC heap before
{Heap before GC invocations=9 (full 4):
 PSYoungGen      total 139264K, used 118859K [0x000000076b580000, 0x000000077c800000, 0x00000007c0000000)
  eden space 128512K, 92% used [0x000000076b580000,0x0000000772992dd0,0x0000000773300000)
  from space 10752K, 0% used [0x0000000773300000,0x0000000773300000,0x0000000773d80000)
  to   space 14336K, 0% used [0x000000077ba00000,0x000000077ba00000,0x000000077c800000)
 ParOldGen       total 263168K, used 227877K [0x00000006c2000000, 0x00000006d2100000, 0x000000076b580000)
  object space 263168K, 86% used [0x00000006c2000000,0x00000006cfe89660,0x00000006d2100000)
 Metaspace       used 13275K, capacity 13874K, committed 14080K, reserved 1060864K
  class space    used 1831K, capacity 1995K, committed 2048K, reserved 1048576K
Event: 3.868 GC heap after
Heap after GC invocations=9 (full 4):
 PSYoungGen      total 139264K, used 0K [0x000000076b580000, 0x000000077c800000, 0x00000007c0000000)
  eden space 128512K, 0% used [0x000000076b580000,0x000000076b580000,0x0000000773300000)
  from space 10752K, 0% used [0x0000000773300000,0x0000000773300000,0x0000000773d80000)
  to   space 14336K, 0% used [0x000000077ba00000,0x000000077ba00000,0x000000077c800000)
 ParOldGen       total 263168K, used 227943K [0x00000006c2000000, 0x00000006d2100000, 0x000000076b580000)
  object space 263168K, 86% used [0x00000006c2000000,0x00000006cfe99e08,0x00000006d2100000)
 Metaspace       used 13275K, capacity 13874K, committed 14080K, reserved 1060864K
  class space    used 1831K, capacity 1995K, committed 2048K, reserved 1048576K
}
Event: 4.075 GC heap before
{Heap before GC invocations=10 (full 5):
 PSYoungGen      total 139264K, used 115971K [0x000000076b580000, 0x000000077c800000, 0x00000007c0000000)
  eden space 128512K, 90% used [0x000000076b580000,0x00000007726c0fe0,0x0000000773300000)
  from space 10752K, 0% used [0x0000000773300000,0x0000000773300000,0x0000000773d80000)
  to   space 14336K, 0% used [0x000000077ba00000,0x000000077ba00000,0x000000077c800000)
 ParOldGen       total 263168K, used 227943K [0x00000006c2000000, 0x00000006d2100000, 0x000000076b580000)
  object space 263168K, 86% used [0x00000006c2000000,0x00000006cfe99e08,0x00000006d2100000)
 Metaspace       used 13332K, capacity 13938K, committed 14080K, reserved 1060864K
  class space    used 1831K, capacity 1995K, committed 2048K, reserved 1048576K
Event: 4.087 GC heap after
Heap after GC invocations=10 (full 5):
 PSYoungGen      total 139264K, used 0K [0x000000076b580000, 0x000000077c800000, 0x00000007c0000000)
  eden space 128512K, 0% used [0x000000076b580000,0x000000076b580000,0x0000000773300000)
  from space 10752K, 0% used [0x0000000773300000,0x0000000773300000,0x0000000773d80000)
  to   space 14336K, 0% used [0x000000077ba00000,0x000000077ba00000,0x000000077c800000)
 ParOldGen       total 263168K, used 228034K [0x00000006c2000000, 0x00000006d2100000, 0x000000076b580000)
  object space 263168K, 86% used [0x00000006c2000000,0x00000006cfeb0978,0x00000006d2100000)
 Metaspace       used 13332K, capacity 13938K, committed 14080K, reserved 1060864K
  class space    used 1831K, capacity 1995K, committed 2048K, reserved 1048576K
}
Event: 4.221 GC heap before
{Heap before GC invocations=11 (full 6):
 PSYoungGen      total 139264K, used 115313K [0x000000076b580000, 0x000000077c800000, 0x00000007c0000000)
  eden space 128512K, 89% used [0x000000076b580000,0x000000077261c5a8,0x0000000773300000)
  from space 10752K, 0% used [0x0000000773300000,0x0000000773300000,0x0000000773d80000)
  to   space 14336K, 0% used [0x000000077ba00000,0x000000077ba00000,0x000000077c800000)
 ParOldGen       total 263168K, used 228034K [0x00000006c2000000, 0x00000006d2100000, 0x000000076b580000)
  object space 263168K, 86% used [0x00000006c2000000,0x00000006cfeb0978,0x00000006d2100000)
 Metaspace       used 13350K, capacity 13946K, committed 14080K, reserved 1060864K
  class space    used 1831K, capacity 1995K, committed 2048K, reserved 1048576K
Event: 4.233 GC heap after
Heap after GC invocations=11 (full 6):
 PSYoungGen      total 139264K, used 0K [0x000000076b580000, 0x000000077c800000, 0x00000007c0000000)
  eden space 128512K, 0% used [0x000000076b580000,0x000000076b580000,0x0000000773300000)
  from space 10752K, 0% used [0x0000000773300000,0x0000000773300000,0x0000000773d80000)
  to   space 14336K, 0% used [0x000000077ba00000,0x000000077ba00000,0x000000077c800000)
 ParOldGen       total 263168K, used 228101K [0x00000006c2000000, 0x00000006d2100000, 0x000000076b580000)
  object space 263168K, 86% used [0x00000006c2000000,0x00000006cfec1410,0x00000006d2100000)
 Metaspace       used 13350K, capacity 13946K, committed 14080K, reserved 1060864K
  class space    used 1831K, capacity 1995K, committed 2048K, reserved 1048576K
}

