# JRE version: Java(TM) SE Runtime Environment (8.0_261-b12) (build 1.8.0_261-b12)
# Java VM: Java HotSpot(TM) 64-Bit Server VM (25.261-b12 mixed mode windows-amd64 compressed oops)
Heap:
 PSYoungGen      total 429568K, used 184663K [0x000000076b580000, 0x0000000787080000, 0x00000007c0000000)
  eden space 409088K, 41% used [0x000000076b580000,0x0000000775b811c8,0x0000000784500000)
  from space 20480K, 71% used [0x0000000785900000,0x0000000786754df0,0x0000000786d00000)
  to   space 20480K, 0% used [0x0000000784500000,0x0000000784500000,0x0000000785900000)
 ParOldGen       total 409088K, used 239846K [0x00000006c2000000, 0x00000006daf80000, 0x000000076b580000)
  object space 409088K, 58% used [0x00000006c2000000,0x00000006d0a39848,0x00000006daf80000)
 Metaspace       used 13735K, capacity 14348K, committed 14592K, reserved 1062912K
  class space    used 1834K, capacity 1996K, committed 2048K, reserved 1048576K
GC Heap History (10 events):
Event: 3.069 GC heap before
{Heap before GC invocations=11 (full 3):
 PSYoungGen      total 251392K, used 248076K [0x000000076b580000, 0x0000000783700000, 0x00000007c0000000)
  eden space 237568K, 98% used [0x000000076b580000,0x0000000779a60c30,0x0000000779d80000)
  from space 13824K, 99% used [0x0000000779d80000,0x000000077aae2410,0x000000077ab00000)
  to   space 15360K, 0% used [0x0000000782800000,0x0000000782800000,0x0000000783700000)
 ParOldGen       total 409088K, used 233155K [0x00000006c2000000, 0x00000006daf80000, 0x000000076b580000)
  object space 409088K, 56% used [0x00000006c2000000,0x00000006d03b0dd8,0x00000006daf80000)
 Metaspace       used 13316K, capacity 13870K, committed 14080K, reserved 1060864K
  class space    used 1832K, capacity 1995K, committed 2048K, reserved 1048576K
Event: 3.077 GC heap after
Heap after GC invocations=11 (full 3):
 PSYoungGen      total 363520K, used 13958K [0x000000076b580000, 0x0000000783600000, 0x00000007c0000000)
  eden space 349184K, 0% used [0x000000076b580000,0x000000076b580000,0x0000000780a80000)
  from space 14336K, 97% used [0x0000000782800000,0x00000007835a1bd0,0x0000000783600000)
  to   space 16896K, 0% used [0x0000000781500000,0x0000000781500000,0x0000000782580000)
 ParOldGen       total 409088K, used 233163K [0x00000006c2000000, 0x00000006daf80000, 0x000000076b580000)
  object space 409088K, 56% used [0x00000006c2000000,0x00000006d03b2dd8,0x00000006daf80000)
 Metaspace       used 13316K, capacity 13870K, committed 14080K, reserved 1060864K
  class space    used 1832K, capacity 1995K, committed 2048K, reserved 1048576K
}
Event: 3.684 GC heap before
{Heap before GC invocations=12 (full 3):
 PSYoungGen      total 363520K, used 360083K [0x000000076b580000, 0x0000000783600000, 0x00000007c0000000)
  eden space 349184K, 99% used [0x000000076b580000,0x00000007807830f0,0x0000000780a80000)
  from space 14336K, 97% used [0x0000000782800000,0x00000007835a1bd0,0x0000000783600000)
  to   space 16896K, 0% used [0x0000000781500000,0x0000000781500000,0x0000000782580000)
 ParOldGen       total 409088K, used 233163K [0x00000006c2000000, 0x00000006daf80000, 0x000000076b580000)
  object space 409088K, 56% used [0x00000006c2000000,0x00000006d03b2dd8,0x00000006daf80000)
 Metaspace       used 13449K, capacity 14024K, committed 14080K, reserved 1060864K
  class space    used 1834K, capacity 1996K, committed 2048K, reserved 1048576K
Event: 3.691 GC heap after
Heap after GC invocations=12 (full 3):
 PSYoungGen      total 366080K, used 14246K [0x000000076b580000, 0x0000000783600000, 0x00000007c0000000)
  eden space 349184K, 0% used [0x000000076b580000,0x000000076b580000,0x0000000780a80000)
  from space 16896K, 84% used [0x0000000781500000,0x00000007822e9bd0,0x0000000782580000)
  to   space 14336K, 0% used [0x0000000782800000,0x0000000782800000,0x0000000783600000)
 ParOldGen       total 409088K, used 236477K [0x00000006c2000000, 0x00000006daf80000, 0x000000076b580000)
  object space 409088K, 57% used [0x00000006c2000000,0x00000006d06ef6e8,0x00000006daf80000)
 Metaspace       used 13449K, capacity 14024K, committed 14080K, reserved 1060864K
  class space    used 1834K, capacity 1996K, committed 2048K, reserved 1048576K
}
Event: 4.181 GC heap before
{Heap before GC invocations=13 (full 3):
 PSYoungGen      total 366080K, used 356515K [0x000000076b580000, 0x0000000783600000, 0x00000007c0000000)
  eden space 349184K, 98% used [0x000000076b580000,0x00000007803bf298,0x0000000780a80000)
  from space 16896K, 84% used [0x0000000781500000,0x00000007822e9bd0,0x0000000782580000)
  to   space 14336K, 0% used [0x0000000782800000,0x0000000782800000,0x0000000783600000)
 ParOldGen       total 409088K, used 236477K [0x00000006c2000000, 0x00000006daf80000, 0x000000076b580000)
  object space 409088K, 57% used [0x00000006c2000000,0x00000006d06ef6e8,0x00000006daf80000)
 Metaspace       used 13570K, capacity 14216K, committed 14336K, reserved 1060864K
  class space    used 1834K, capacity 1996K, committed 2048K, reserved 1048576K
Event: 4.184 GC heap after
Heap after GC invocations=13 (full 3):
 PSYoungGen      total 363520K, used 14310K [0x000000076b580000, 0x0000000783600000, 0x00000007c0000000)
  eden space 349184K, 0% used [0x000000076b580000,0x000000076b580000,0x0000000780a80000)
  from space 14336K, 99% used [0x0000000782800000,0x00000007835f9bd0,0x0000000783600000)
  to   space 16896K, 0% used [0x0000000781500000,0x0000000781500000,0x0000000782580000)
 ParOldGen       total 409088K, used 239830K [0x00000006c2000000, 0x00000006daf80000, 0x000000076b580000)
  object space 409088K, 58% used [0x00000006c2000000,0x00000006d0a35848,0x00000006daf80000)
 Metaspace       used 13570K, capacity 14216K, committed 14336K, reserved 1060864K
  class space    used 1834K, capacity 1996K, committed 2048K, reserved 1048576K
}
Event: 4.839 GC heap before
{Heap before GC invocations=14 (full 3):
 PSYoungGen      total 363520K, used 363192K [0x000000076b580000, 0x0000000783600000, 0x00000007c0000000)
  eden space 349184K, 99% used [0x000000076b580000,0x0000000780a345c8,0x0000000780a80000)
  from space 14336K, 99% used [0x0000000782800000,0x00000007835f9bd0,0x0000000783600000)
  to   space 16896K, 0% used [0x0000000781500000,0x0000000781500000,0x0000000782580000)
 ParOldGen       total 409088K, used 239830K [0x00000006c2000000, 0x00000006daf80000, 0x000000076b580000)
  object space 409088K, 58% used [0x00000006c2000000,0x00000006d0a35848,0x00000006daf80000)
 Metaspace       used 13705K, capacity 14284K, committed 14336K, reserved 1060864K
  class space    used 1834K, capacity 1996K, committed 2048K, reserved 1048576K
Event: 4.841 GC heap after
Heap after GC invocations=14 (full 3):
 PSYoungGen      total 376832K, used 14598K [0x000000076b580000, 0x0000000786d00000, 0x00000007c0000000)
  eden space 359936K, 0% used [0x000000076b580000,0x000000076b580000,0x0000000781500000)
  from space 16896K, 86% used [0x0000000781500000,0x0000000782341bd0,0x0000000782580000)
  to   space 20480K, 0% used [0x0000000785900000,0x0000000785900000,0x0000000786d00000)
 ParOldGen       total 409088K, used 239838K [0x00000006c2000000, 0x00000006daf80000, 0x000000076b580000)
  object space 409088K, 58% used [0x00000006c2000000,0x00000006d0a37848,0x00000006daf80000)
 Metaspace       used 13705K, capacity 14284K, committed 14336K, reserved 1060864K
  class space    used 1834K, capacity 1996K, committed 2048K, reserved 1048576K
}
Event: 5.283 GC heap before
{Heap before GC invocations=15 (full 3):
 PSYoungGen      total 376832K, used 373577K [0x000000076b580000, 0x0000000786d00000, 0x00000007c0000000)
  eden space 359936K, 99% used [0x000000076b580000,0x0000000781410910,0x0000000781500000)
  from space 16896K, 86% used [0x0000000781500000,0x0000000782341bd0,0x0000000782580000)
  to   space 20480K, 0% used [0x0000000785900000,0x0000000785900000,0x0000000786d00000)
 ParOldGen       total 409088K, used 239838K [0x00000006c2000000, 0x00000006daf80000, 0x000000076b580000)
  object space 409088K, 58% used [0x00000006c2000000,0x00000006d0a37848,0x00000006daf80000)
 Metaspace       used 13714K, capacity 14284K, committed 14336K, reserved 1060864K
  class space    used 1834K, capacity 1996K, committed 2048K, reserved 1048576K
Event: 5.290 GC heap after
Heap after GC invocations=15 (full 3):
 PSYoungGen      total 429568K, used 14675K [0x000000076b580000, 0x0000000787080000, 0x00000007c0000000)
  eden space 409088K, 0% used [0x000000076b580000,0x000000076b580000,0x0000000784500000)
  from space 20480K, 71% used [0x0000000785900000,0x0000000786754df0,0x0000000786d00000)
  to   space 20480K, 0% used [0x0000000784500000,0x0000000784500000,0x0000000785900000)
 ParOldGen       total 409088K, used 239846K [0x00000006c2000000, 0x00000006daf80000, 0x000000076b580000)
  object space 409088K, 58% used [0x00000006c2000000,0x00000006d0a39848,0x00000006daf80000)
 Metaspace       used 13714K, capacity 14284K, committed 14336K, reserved 1060864K
  class space    used 1834K, capacity 1996K, committed 2048K, reserved 1048576K
}

