# JRE version: Java(TM) SE Runtime Environment (8.0_261-b12) (build 1.8.0_261-b12)
# Java VM: Java HotSpot(TM) 64-Bit Server VM (25.261-b12 mixed mode windows-amd64 compressed oops)
Heap:
 PSYoungGen      total 139264K, used 50658K [0x000000076b580000, 0x000000077c700000, 0x00000007c0000000)
  eden space 128512K, 39% used [0x000000076b580000,0x000000076e6f8ba0,0x0000000773300000)
  from space 10752K, 0% used [0x0000000773300000,0x0000000773300000,0x0000000773d80000)
  to   space 13824K, 0% used [0x000000077b980000,0x000000077b980000,0x000000077c700000)
 ParOldGen       total 249856K, used 228229K [0x00000006c2000000, 0x00000006d1400000, 0x000000076b580000)
  object space 249856K, 91% used [0x00000006c2000000,0x00000006cfee14e8,0x00000006d1400000)
 Metaspace       used 13370K, capacity 13950K, committed 14080K, reserved 1060864K
  class space    used 1825K, capacity 1995K, committed 2048K, reserved 1048576K
GC Heap History (10 events):
Event: 2.725 GC heap before
{Heap before GC invocations=9 (full 4):
 PSYoungGen      total 139264K, used 128450K [0x000000076b580000, 0x000000077c700000, 0x00000007c0000000)
  eden space 128512K, 99% used [0x000000076b580000,0x00000007732f0b10,0x0000000773300000)
  from space 10752K, 0% used [0x0000000773300000,0x0000000773300000,0x0000000773d80000)
  to   space 13824K, 0% used [0x000000077b980000,0x000000077b980000,0x000000077c700000)
 ParOldGen       total 249856K, used 227824K [0x00000006c2000000, 0x00000006d1400000, 0x000000076b580000)
  object space 249856K, 91% used [0x00000006c2000000,0x00000006cfe7c2a8,0x00000006d1400000)
 Metaspace       used 13118K, capacity 13680K, committed 13824K, reserved 1060864K
  class space    used 1820K, capacity 1994K, committed 2048K, reserved 1048576K
Event: 2.735 GC heap after
Heap after GC invocations=9 (full 4):
 PSYoungGen      total 139264K, used 0K [0x000000076b580000, 0x000000077c700000, 0x00000007c0000000)
  eden space 128512K, 0% used [0x000000076b580000,0x000000076b580000,0x0000000773300000)
  from space 10752K, 0% used [0x0000000773300000,0x0000000773300000,0x0000000773d80000)
  to   space 13824K, 0% used [0x000000077b980000,0x000000077b980000,0x000000077c700000)
 ParOldGen       total 249856K, used 224588K [0x00000006c2000000, 0x00000006d1400000, 0x000000076b580000)
  object space 249856K, 89% used [0x00000006c2000000,0x00000006cfb533f8,0x00000006d1400000)
 Metaspace       used 13118K, capacity 13680K, committed 13824K, reserved 1060864K
  class space    used 1820K, capacity 1994K, committed 2048K, reserved 1048576K
}
Event: 2.945 GC heap before
{Heap before GC invocations=10 (full 5):
 PSYoungGen      total 139264K, used 124298K [0x000000076b580000, 0x000000077c700000, 0x00000007c0000000)
  eden space 128512K, 96% used [0x000000076b580000,0x0000000772ee2880,0x0000000773300000)
  from space 10752K, 0% used [0x0000000773300000,0x0000000773300000,0x0000000773d80000)
  to   space 13824K, 0% used [0x000000077b980000,0x000000077b980000,0x000000077c700000)
 ParOldGen       total 249856K, used 224588K [0x00000006c2000000, 0x00000006d1400000, 0x000000076b580000)
  object space 249856K, 89% used [0x00000006c2000000,0x00000006cfb533f8,0x00000006d1400000)
 Metaspace       used 13265K, capacity 13818K, committed 14080K, reserved 1060864K
  class space    used 1825K, capacity 1995K, committed 2048K, reserved 1048576K
Event: 2.954 GC heap after
Heap after GC invocations=10 (full 5):
 PSYoungGen      total 139264K, used 0K [0x000000076b580000, 0x000000077c700000, 0x00000007c0000000)
  eden space 128512K, 0% used [0x000000076b580000,0x000000076b580000,0x0000000773300000)
  from space 10752K, 0% used [0x0000000773300000,0x0000000773300000,0x0000000773d80000)
  to   space 13824K, 0% used [0x000000077b980000,0x000000077b980000,0x000000077c700000)
 ParOldGen       total 249856K, used 228020K [0x00000006c2000000, 0x00000006d1400000, 0x000000076b580000)
  object space 249856K, 91% used [0x00000006c2000000,0x00000006cfead370,0x00000006d1400000)
 Metaspace       used 13265K, capacity 13818K, committed 14080K, reserved 1060864K
  class space    used 1825K, capacity 1995K, committed 2048K, reserved 1048576K
}
Event: 3.071 GC heap before
{Heap before GC invocations=11 (full 6):
 PSYoungGen      total 139264K, used 115655K [0x000000076b580000, 0x000000077c700000, 0x00000007c0000000)
  eden space 128512K, 89% used [0x000000076b580000,0x0000000772671eb8,0x0000000773300000)
  from space 10752K, 0% used [0x0000000773300000,0x0000000773300000,0x0000000773d80000)
  to   space 13824K, 0% used [0x000000077b980000,0x000000077b980000,0x000000077c700000)
 ParOldGen       total 249856K, used 228020K [0x00000006c2000000, 0x00000006d1400000, 0x000000076b580000)
  object space 249856K, 91% used [0x00000006c2000000,0x00000006cfead370,0x00000006d1400000)
 Metaspace       used 13284K, capacity 13818K, committed 14080K, reserved 1060864K
  class space    used 1825K, capacity 1995K, committed 2048K, reserved 1048576K
Event: 3.081 GC heap after
Heap after GC invocations=11 (full 6):
 PSYoungGen      total 139264K, used 0K [0x000000076b580000, 0x000000077c700000, 0x00000007c0000000)
  eden space 128512K, 0% used [0x000000076b580000,0x000000076b580000,0x0000000773300000)
  from space 10752K, 0% used [0x0000000773300000,0x0000000773300000,0x0000000773d80000)
  to   space 13824K, 0% used [0x000000077b980000,0x000000077b980000,0x000000077c700000)
 ParOldGen       total 249856K, used 228120K [0x00000006c2000000, 0x00000006d1400000, 0x000000076b580000)
  object space 249856K, 91% used [0x00000006c2000000,0x00000006cfec61e0,0x00000006d1400000)
 Metaspace       used 13284K, capacity 13818K, committed 14080K, reserved 1060864K
  class space    used 1825K, capacity 1995K, committed 2048K, reserved 1048576K
}
Event: 3.163 GC heap before
{Heap before GC invocations=12 (full 7):
 PSYoungGen      total 139264K, used 128255K [0x000000076b580000, 0x000000077c700000, 0x00000007c0000000)
  eden space 128512K, 99% used [0x000000076b580000,0x00000007732bfc70,0x0000000773300000)
  from space 10752K, 0% used [0x0000000773300000,0x0000000773300000,0x0000000773d80000)
  to   space 13824K, 0% used [0x000000077b980000,0x000000077b980000,0x000000077c700000)
 ParOldGen       total 249856K, used 228120K [0x00000006c2000000, 0x00000006d1400000, 0x000000076b580000)
  object space 249856K, 91% used [0x00000006c2000000,0x00000006cfec61e0,0x00000006d1400000)
 Metaspace       used 13287K, capacity 13818K, committed 14080K, reserved 1060864K
  class space    used 1825K, capacity 1995K, committed 2048K, reserved 1048576K
Event: 3.171 GC heap after
Heap after GC invocations=12 (full 7):
 PSYoungGen      total 139264K, used 0K [0x000000076b580000, 0x000000077c700000, 0x00000007c0000000)
  eden space 128512K, 0% used [0x000000076b580000,0x000000076b580000,0x0000000773300000)
  from space 10752K, 0% used [0x0000000773300000,0x0000000773300000,0x0000000773d80000)
  to   space 13824K, 0% used [0x000000077b980000,0x000000077b980000,0x000000077c700000)
 ParOldGen       total 249856K, used 224837K [0x00000006c2000000, 0x00000006d1400000, 0x000000076b580000)
  object space 249856K, 89% used [0x00000006c2000000,0x00000006cfb91788,0x00000006d1400000)
 Metaspace       used 13287K, capacity 13818K, committed 14080K, reserved 1060864K
  class space    used 1825K, capacity 1995K, committed 2048K, reserved 1048576K
}
Event: 3.348 GC heap before
{Heap before GC invocations=13 (full 8):
 PSYoungGen      total 139264K, used 119087K [0x000000076b580000, 0x000000077c700000, 0x00000007c0000000)
  eden space 128512K, 92% used [0x000000076b580000,0x00000007729cbc58,0x0000000773300000)
  from space 10752K, 0% used [0x0000000773300000,0x0000000773300000,0x0000000773d80000)
  to   space 13824K, 0% used [0x000000077b980000,0x000000077b980000,0x000000077c700000)
 ParOldGen       total 249856K, used 224837K [0x00000006c2000000, 0x00000006d1400000, 0x000000076b580000)
  object space 249856K, 89% used [0x00000006c2000000,0x00000006cfb91788,0x00000006d1400000)
 Metaspace       used 13326K, capacity 13946K, committed 14080K, reserved 1060864K
  class space    used 1825K, capacity 1995K, committed 2048K, reserved 1048576K
Event: 3.359 GC heap after
Heap after GC invocations=13 (full 8):
 PSYoungGen      total 139264K, used 0K [0x000000076b580000, 0x000000077c700000, 0x00000007c0000000)
  eden space 128512K, 0% used [0x000000076b580000,0x000000076b580000,0x0000000773300000)
  from space 10752K, 0% used [0x0000000773300000,0x0000000773300000,0x0000000773d80000)
  to   space 13824K, 0% used [0x000000077b980000,0x000000077b980000,0x000000077c700000)
 ParOldGen       total 249856K, used 228229K [0x00000006c2000000, 0x00000006d1400000, 0x000000076b580000)
  object space 249856K, 91% used [0x00000006c2000000,0x00000006cfee14e8,0x00000006d1400000)
 Metaspace       used 13326K, capacity 13946K, committed 14080K, reserved 1060864K
  class space    used 1825K, capacity 1995K, committed 2048K, reserved 1048576K
}

