# JRE version: Java(TM) SE Runtime Environment (8.0_261-b12) (build 1.8.0_261-b12)
# Java VM: Java HotSpot(TM) 64-Bit Server VM (25.261-b12 mixed mode windows-amd64 compressed oops)
Heap:
 PSYoungGen      total 241152K, used 229931K [0x000000076b580000, 0x000000077c880000, 0x00000007c0000000)
  eden space 227328K, 95% used [0x000000076b580000,0x00000007788c0878,0x0000000779380000)
  from space 13824K, 98% used [0x000000077bb00000,0x000000077c84a410,0x000000077c880000)
  to   space 16896K, 0% used [0x000000077a780000,0x000000077a780000,0x000000077b800000)
 ParOldGen       total 414208K, used 248679K [0x00000006c2000000, 0x00000006db480000, 0x000000076b580000)
  object space 414208K, 60% used [0x00000006c2000000,0x00000006d12d9ed0,0x00000006db480000)
 Metaspace       used 13306K, capacity 13882K, committed 14080K, reserved 1060864K
  class space    used 1833K, capacity 1995K, committed 2048K, reserved 1048576K
GC Heap History (10 events):
Event: 2.739 GC heap before
{Heap before GC invocations=4 (full 1):
 PSYoungGen      total 75776K, used 10597K [0x000000076b580000, 0x0000000774980000, 0x00000007c0000000)
  eden space 65024K, 0% used [0x000000076b580000,0x000000076b580000,0x000000076f500000)
  from space 10752K, 98% used [0x000000076f500000,0x000000076ff59548,0x000000076ff80000)
  to   space 10752K, 0% used [0x0000000773f00000,0x0000000773f00000,0x0000000774980000)
 ParOldGen       total 173568K, used 109128K [0x00000006c2000000, 0x00000006cc980000, 0x000000076b580000)
  object space 173568K, 62% used [0x00000006c2000000,0x00000006c8a920c0,0x00000006cc980000)
 Metaspace       used 13022K, capacity 13576K, committed 13824K, reserved 1060864K
  class space    used 1801K, capacity 1959K, committed 2048K, reserved 1048576K
Event: 2.753 GC heap after
Heap after GC invocations=4 (full 1):
 PSYoungGen      total 75776K, used 0K [0x000000076b580000, 0x0000000774980000, 0x00000007c0000000)
  eden space 65024K, 0% used [0x000000076b580000,0x000000076b580000,0x000000076f500000)
  from space 10752K, 0% used [0x000000076f500000,0x000000076f500000,0x000000076ff80000)
  to   space 10752K, 0% used [0x0000000773f00000,0x0000000773f00000,0x0000000774980000)
 ParOldGen       total 249344K, used 117460K [0x00000006c2000000, 0x00000006d1380000, 0x000000076b580000)
  object space 249344K, 47% used [0x00000006c2000000,0x00000006c92b5078,0x00000006d1380000)
 Metaspace       used 13022K, capacity 13576K, committed 13824K, reserved 1060864K
  class space    used 1801K, capacity 1959K, committed 2048K, reserved 1048576K
}
Event: 2.766 GC heap before
{Heap before GC invocations=5 (full 1):
 PSYoungGen      total 75776K, used 46792K [0x000000076b580000, 0x0000000774980000, 0x00000007c0000000)
  eden space 65024K, 71% used [0x000000076b580000,0x000000076e3321b8,0x000000076f500000)
  from space 10752K, 0% used [0x000000076f500000,0x000000076f500000,0x000000076ff80000)
  to   space 10752K, 0% used [0x0000000773f00000,0x0000000773f00000,0x0000000774980000)
 ParOldGen       total 249344K, used 117460K [0x00000006c2000000, 0x00000006d1380000, 0x000000076b580000)
  object space 249344K, 47% used [0x00000006c2000000,0x00000006c92b5078,0x00000006d1380000)
 Metaspace       used 13022K, capacity 13576K, committed 13824K, reserved 1060864K
  class space    used 1801K, capacity 1959K, committed 2048K, reserved 1048576K
Event: 2.777 GC heap after
Heap after GC invocations=5 (full 1):
 PSYoungGen      total 137728K, used 793K [0x000000076b580000, 0x0000000774800000, 0x00000007c0000000)
  eden space 128512K, 0% used [0x000000076b580000,0x000000076b580000,0x0000000773300000)
  from space 9216K, 8% used [0x0000000773f00000,0x0000000773fc6440,0x0000000774800000)
  to   space 10752K, 0% used [0x0000000773300000,0x0000000773300000,0x0000000773d80000)
 ParOldGen       total 249344K, used 162460K [0x00000006c2000000, 0x00000006d1380000, 0x000000076b580000)
  object space 249344K, 65% used [0x00000006c2000000,0x00000006cbea7098,0x00000006d1380000)
 Metaspace       used 13022K, capacity 13576K, committed 13824K, reserved 1060864K
  class space    used 1801K, capacity 1959K, committed 2048K, reserved 1048576K
}
Event: 3.098 GC heap before
{Heap before GC invocations=6 (full 1):
 PSYoungGen      total 137728K, used 122537K [0x000000076b580000, 0x0000000774800000, 0x00000007c0000000)
  eden space 128512K, 94% used [0x000000076b580000,0x0000000772c64288,0x0000000773300000)
  from space 9216K, 8% used [0x0000000773f00000,0x0000000773fc6440,0x0000000774800000)
  to   space 10752K, 0% used [0x0000000773300000,0x0000000773300000,0x0000000773d80000)
 ParOldGen       total 249344K, used 162460K [0x00000006c2000000, 0x00000006d1380000, 0x000000076b580000)
  object space 249344K, 65% used [0x00000006c2000000,0x00000006cbea7098,0x00000006d1380000)
 Metaspace       used 13115K, capacity 13674K, committed 13824K, reserved 1060864K
  class space    used 1824K, capacity 1993K, committed 2048K, reserved 1048576K
Event: 3.111 GC heap after
Heap after GC invocations=6 (full 1):
 PSYoungGen      total 139264K, used 3754K [0x000000076b580000, 0x000000077c900000, 0x00000007c0000000)
  eden space 128512K, 0% used [0x000000076b580000,0x000000076b580000,0x0000000773300000)
  from space 10752K, 34% used [0x0000000773300000,0x00000007736aa910,0x0000000773d80000)
  to   space 14336K, 0% used [0x000000077bb00000,0x000000077bb00000,0x000000077c900000)
 ParOldGen       total 249344K, used 243193K [0x00000006c2000000, 0x00000006d1380000, 0x000000076b580000)
  object space 249344K, 97% used [0x00000006c2000000,0x00000006d0d7e4d8,0x00000006d1380000)
 Metaspace       used 13115K, capacity 13674K, committed 13824K, reserved 1060864K
  class space    used 1824K, capacity 1993K, committed 2048K, reserved 1048576K
}
Event: 3.111 GC heap before
{Heap before GC invocations=7 (full 2):
 PSYoungGen      total 139264K, used 3754K [0x000000076b580000, 0x000000077c900000, 0x00000007c0000000)
  eden space 128512K, 0% used [0x000000076b580000,0x000000076b580000,0x0000000773300000)
  from space 10752K, 34% used [0x0000000773300000,0x00000007736aa910,0x0000000773d80000)
  to   space 14336K, 0% used [0x000000077bb00000,0x000000077bb00000,0x000000077c900000)
 ParOldGen       total 249344K, used 243193K [0x00000006c2000000, 0x00000006d1380000, 0x000000076b580000)
  object space 249344K, 97% used [0x00000006c2000000,0x00000006d0d7e4d8,0x00000006d1380000)
 Metaspace       used 13115K, capacity 13674K, committed 13824K, reserved 1060864K
  class space    used 1824K, capacity 1993K, committed 2048K, reserved 1048576K
Event: 3.140 GC heap after
Heap after GC invocations=7 (full 2):
 PSYoungGen      total 139264K, used 0K [0x000000076b580000, 0x000000077c900000, 0x00000007c0000000)
  eden space 128512K, 0% used [0x000000076b580000,0x000000076b580000,0x0000000773300000)
  from space 10752K, 0% used [0x0000000773300000,0x0000000773300000,0x0000000773d80000)
  to   space 14336K, 0% used [0x000000077bb00000,0x000000077bb00000,0x000000077c900000)
 ParOldGen       total 414208K, used 245365K [0x00000006c2000000, 0x00000006db480000, 0x000000076b580000)
  object space 414208K, 59% used [0x00000006c2000000,0x00000006d0f9d5c0,0x00000006db480000)
 Metaspace       used 13115K, capacity 13674K, committed 13824K, reserved 1060864K
  class space    used 1824K, capacity 1993K, committed 2048K, reserved 1048576K
}
Event: 3.286 GC heap before
{Heap before GC invocations=8 (full 2):
 PSYoungGen      total 139264K, used 120961K [0x000000076b580000, 0x000000077c900000, 0x00000007c0000000)
  eden space 128512K, 94% used [0x000000076b580000,0x0000000772ba0608,0x0000000773300000)
  from space 10752K, 0% used [0x0000000773300000,0x0000000773300000,0x0000000773d80000)
  to   space 14336K, 0% used [0x000000077bb00000,0x000000077bb00000,0x000000077c900000)
 ParOldGen       total 414208K, used 245365K [0x00000006c2000000, 0x00000006db480000, 0x000000076b580000)
  object space 414208K, 59% used [0x00000006c2000000,0x00000006d0f9d5c0,0x00000006db480000)
 Metaspace       used 13266K, capacity 13882K, committed 14080K, reserved 1060864K
  class space    used 1832K, capacity 1995K, committed 2048K, reserved 1048576K
Event: 3.294 GC heap after
Heap after GC invocations=8 (full 2):
 PSYoungGen      total 241152K, used 13609K [0x000000076b580000, 0x000000077c880000, 0x00000007c0000000)
  eden space 227328K, 0% used [0x000000076b580000,0x000000076b580000,0x0000000779380000)
  from space 13824K, 98% used [0x000000077bb00000,0x000000077c84a410,0x000000077c880000)
  to   space 16896K, 0% used [0x000000077a780000,0x000000077a780000,0x000000077b800000)
 ParOldGen       total 414208K, used 248679K [0x00000006c2000000, 0x00000006db480000, 0x000000076b580000)
  object space 414208K, 60% used [0x00000006c2000000,0x00000006d12d9ed0,0x00000006db480000)
 Metaspace       used 13266K, capacity 13882K, committed 14080K, reserved 1060864K
  class space    used 1832K, capacity 1995K, committed 2048K, reserved 1048576K
}

