# JRE version: Java(TM) SE Runtime Environment (8.0_261-b12) (build 1.8.0_261-b12)
# Java VM: Java HotSpot(TM) 64-Bit Server VM (25.261-b12 mixed mode windows-amd64 compressed oops)
Heap:
 PSYoungGen      total 138752K, used 88214K [0x000000076b580000, 0x000000077c600000, 0x00000007c0000000)
  eden space 128000K, 68% used [0x000000076b580000,0x0000000770ba5a18,0x0000000773280000)
  from space 10752K, 0% used [0x0000000773280000,0x0000000773280000,0x0000000773d00000)
  to   space 14336K, 0% used [0x000000077b800000,0x000000077b800000,0x000000077c600000)
 ParOldGen       total 250368K, used 227904K [0x00000006c2000000, 0x00000006d1480000, 0x000000076b580000)
  object space 250368K, 91% used [0x00000006c2000000,0x00000006cfe90268,0x00000006d1480000)
 Metaspace       used 13287K, capacity 13818K, committed 14080K, reserved 1060864K
  class space    used 1828K, capacity 1995K, committed 2048K, reserved 1048576K
GC Heap History (10 events):
Event: 2.389 GC heap before
{Heap before GC invocations=4 (full 1):
 PSYoungGen      total 75776K, used 10613K [0x000000076b580000, 0x0000000774980000, 0x00000007c0000000)
  eden space 65024K, 0% used [0x000000076b580000,0x000000076b580000,0x000000076f500000)
  from space 10752K, 98% used [0x000000076f500000,0x000000076ff5d538,0x000000076ff80000)
  to   space 10752K, 0% used [0x0000000773f00000,0x0000000773f00000,0x0000000774980000)
 ParOldGen       total 173568K, used 109120K [0x00000006c2000000, 0x00000006cc980000, 0x000000076b580000)
  object space 173568K, 62% used [0x00000006c2000000,0x00000006c8a900c0,0x00000006cc980000)
 Metaspace       used 12974K, capacity 13544K, committed 13824K, reserved 1060864K
  class space    used 1794K, capacity 1927K, committed 2048K, reserved 1048576K
Event: 2.411 GC heap after
Heap after GC invocations=4 (full 1):
 PSYoungGen      total 75776K, used 0K [0x000000076b580000, 0x0000000774980000, 0x00000007c0000000)
  eden space 65024K, 0% used [0x000000076b580000,0x000000076b580000,0x000000076f500000)
  from space 10752K, 0% used [0x000000076f500000,0x000000076f500000,0x000000076ff80000)
  to   space 10752K, 0% used [0x0000000773f00000,0x0000000773f00000,0x0000000774980000)
 ParOldGen       total 250368K, used 117453K [0x00000006c2000000, 0x00000006d1480000, 0x000000076b580000)
  object space 250368K, 46% used [0x00000006c2000000,0x00000006c92b34f8,0x00000006d1480000)
 Metaspace       used 12974K, capacity 13544K, committed 13824K, reserved 1060864K
  class space    used 1794K, capacity 1927K, committed 2048K, reserved 1048576K
}
Event: 2.435 GC heap before
{Heap before GC invocations=5 (full 1):
 PSYoungGen      total 75776K, used 46792K [0x000000076b580000, 0x0000000774980000, 0x00000007c0000000)
  eden space 65024K, 71% used [0x000000076b580000,0x000000076e332158,0x000000076f500000)
  from space 10752K, 0% used [0x000000076f500000,0x000000076f500000,0x000000076ff80000)
  to   space 10752K, 0% used [0x0000000773f00000,0x0000000773f00000,0x0000000774980000)
 ParOldGen       total 250368K, used 117453K [0x00000006c2000000, 0x00000006d1480000, 0x000000076b580000)
  object space 250368K, 46% used [0x00000006c2000000,0x00000006c92b34f8,0x00000006d1480000)
 Metaspace       used 12974K, capacity 13544K, committed 13824K, reserved 1060864K
  class space    used 1794K, capacity 1927K, committed 2048K, reserved 1048576K
Event: 2.458 GC heap after
Heap after GC invocations=5 (full 1):
 PSYoungGen      total 136704K, used 761K [0x000000076b580000, 0x0000000774780000, 0x00000007c0000000)
  eden space 128000K, 0% used [0x000000076b580000,0x000000076b580000,0x0000000773280000)
  from space 8704K, 8% used [0x0000000773f00000,0x0000000773fbe440,0x0000000774780000)
  to   space 10752K, 0% used [0x0000000773280000,0x0000000773280000,0x0000000773d00000)
 ParOldGen       total 250368K, used 162453K [0x00000006c2000000, 0x00000006d1480000, 0x000000076b580000)
  object space 250368K, 64% used [0x00000006c2000000,0x00000006cbea5518,0x00000006d1480000)
 Metaspace       used 12974K, capacity 13544K, committed 13824K, reserved 1060864K
  class space    used 1794K, capacity 1927K, committed 2048K, reserved 1048576K
}
Event: 2.932 GC heap before
{Heap before GC invocations=6 (full 1):
 PSYoungGen      total 136704K, used 122673K [0x000000076b580000, 0x0000000774780000, 0x00000007c0000000)
  eden space 128000K, 95% used [0x000000076b580000,0x0000000772c8e048,0x0000000773280000)
  from space 8704K, 8% used [0x0000000773f00000,0x0000000773fbe440,0x0000000774780000)
  to   space 10752K, 0% used [0x0000000773280000,0x0000000773280000,0x0000000773d00000)
 ParOldGen       total 250368K, used 162453K [0x00000006c2000000, 0x00000006d1480000, 0x000000076b580000)
  object space 250368K, 64% used [0x00000006c2000000,0x00000006cbea5518,0x00000006d1480000)
 Metaspace       used 13067K, capacity 13610K, committed 13824K, reserved 1060864K
  class space    used 1819K, capacity 1993K, committed 2048K, reserved 1048576K
Event: 2.962 GC heap after
Heap after GC invocations=6 (full 1):
 PSYoungGen      total 138752K, used 3690K [0x000000076b580000, 0x000000077c600000, 0x00000007c0000000)
  eden space 128000K, 0% used [0x000000076b580000,0x000000076b580000,0x0000000773280000)
  from space 10752K, 34% used [0x0000000773280000,0x000000077361a910,0x0000000773d00000)
  to   space 14336K, 0% used [0x000000077b800000,0x000000077b800000,0x000000077c600000)
 ParOldGen       total 250368K, used 243186K [0x00000006c2000000, 0x00000006d1480000, 0x000000076b580000)
  object space 250368K, 97% used [0x00000006c2000000,0x00000006d0d7c958,0x00000006d1480000)
 Metaspace       used 13067K, capacity 13610K, committed 13824K, reserved 1060864K
  class space    used 1819K, capacity 1993K, committed 2048K, reserved 1048576K
}
Event: 2.962 GC heap before
{Heap before GC invocations=7 (full 2):
 PSYoungGen      total 138752K, used 3690K [0x000000076b580000, 0x000000077c600000, 0x00000007c0000000)
  eden space 128000K, 0% used [0x000000076b580000,0x000000076b580000,0x0000000773280000)
  from space 10752K, 34% used [0x0000000773280000,0x000000077361a910,0x0000000773d00000)
  to   space 14336K, 0% used [0x000000077b800000,0x000000077b800000,0x000000077c600000)
 ParOldGen       total 250368K, used 243186K [0x00000006c2000000, 0x00000006d1480000, 0x000000076b580000)
  object space 250368K, 97% used [0x00000006c2000000,0x00000006d0d7c958,0x00000006d1480000)
 Metaspace       used 13067K, capacity 13610K, committed 13824K, reserved 1060864K
  class space    used 1819K, capacity 1993K, committed 2048K, reserved 1048576K
Event: 3.001 GC heap after
Heap after GC invocations=7 (full 2):
 PSYoungGen      total 138752K, used 0K [0x000000076b580000, 0x000000077c600000, 0x00000007c0000000)
  eden space 128000K, 0% used [0x000000076b580000,0x000000076b580000,0x0000000773280000)
  from space 10752K, 0% used [0x0000000773280000,0x0000000773280000,0x0000000773d00000)
  to   space 14336K, 0% used [0x000000077b800000,0x000000077b800000,0x000000077c600000)
 ParOldGen       total 250368K, used 245358K [0x00000006c2000000, 0x00000006d1480000, 0x000000076b580000)
  object space 250368K, 97% used [0x00000006c2000000,0x00000006d0f9bab0,0x00000006d1480000)
 Metaspace       used 13067K, capacity 13610K, committed 13824K, reserved 1060864K
  class space    used 1819K, capacity 1993K, committed 2048K, reserved 1048576K
}
Event: 3.312 GC heap before
{Heap before GC invocations=8 (full 3):
 PSYoungGen      total 138752K, used 120940K [0x000000076b580000, 0x000000077c600000, 0x00000007c0000000)
  eden space 128000K, 94% used [0x000000076b580000,0x0000000772b9b210,0x0000000773280000)
  from space 10752K, 0% used [0x0000000773280000,0x0000000773280000,0x0000000773d00000)
  to   space 14336K, 0% used [0x000000077b800000,0x000000077b800000,0x000000077c600000)
 ParOldGen       total 250368K, used 245358K [0x00000006c2000000, 0x00000006d1480000, 0x000000076b580000)
  object space 250368K, 97% used [0x00000006c2000000,0x00000006d0f9bab0,0x00000006d1480000)
 Metaspace       used 13251K, capacity 13810K, committed 14080K, reserved 1060864K
  class space    used 1827K, capacity 1995K, committed 2048K, reserved 1048576K
Event: 3.346 GC heap after
Heap after GC invocations=8 (full 3):
 PSYoungGen      total 138752K, used 0K [0x000000076b580000, 0x000000077c600000, 0x00000007c0000000)
  eden space 128000K, 0% used [0x000000076b580000,0x000000076b580000,0x0000000773280000)
  from space 10752K, 0% used [0x0000000773280000,0x0000000773280000,0x0000000773d00000)
  to   space 14336K, 0% used [0x000000077b800000,0x000000077b800000,0x000000077c600000)
 ParOldGen       total 250368K, used 227904K [0x00000006c2000000, 0x00000006d1480000, 0x000000076b580000)
  object space 250368K, 91% used [0x00000006c2000000,0x00000006cfe90268,0x00000006d1480000)
 Metaspace       used 13251K, capacity 13810K, committed 14080K, reserved 1060864K
  class space    used 1827K, capacity 1995K, committed 2048K, reserved 1048576K
}

