# JRE version: Java(TM) SE Runtime Environment (8.0_261-b12) (build 1.8.0_261-b12)
# Java VM: Java HotSpot(TM) 64-Bit Server VM (25.261-b12 mixed mode windows-amd64 compressed oops)
Heap:
 PSYoungGen      total 137728K, used 48734K [0x000000076b580000, 0x000000077c200000, 0x00000007c0000000)
  eden space 126976K, 38% used [0x000000076b580000,0x000000076e517960,0x0000000773180000)
  from space 10752K, 0% used [0x0000000773180000,0x0000000773180000,0x0000000773c00000)
  to   space 14336K, 0% used [0x000000077b400000,0x000000077b400000,0x000000077c200000)
 ParOldGen       total 251392K, used 227968K [0x00000006c2000000, 0x00000006d1580000, 0x000000076b580000)
  object space 251392K, 90% used [0x00000006c2000000,0x00000006cfea00b8,0x00000006d1580000)
 Metaspace       used 13259K, capacity 13882K, committed 14080K, reserved 1060864K
  class space    used 1827K, capacity 1995K, committed 2048K, reserved 1048576K
GC Heap History (10 events):
Event: 1.734 GC heap before
{Heap before GC invocations=5 (full 1):
 PSYoungGen      total 75776K, used 46792K [0x000000076b580000, 0x0000000774980000, 0x00000007c0000000)
  eden space 65024K, 71% used [0x000000076b580000,0x000000076e3321a8,0x000000076f500000)
  from space 10752K, 0% used [0x000000076f500000,0x000000076f500000,0x000000076ff80000)
  to   space 10752K, 0% used [0x0000000773f00000,0x0000000773f00000,0x0000000774980000)
 ParOldGen       total 251392K, used 117452K [0x00000006c2000000, 0x00000006d1580000, 0x000000076b580000)
  object space 251392K, 46% used [0x00000006c2000000,0x00000006c92b3018,0x00000006d1580000)
 Metaspace       used 12981K, capacity 13480K, committed 13824K, reserved 1060864K
  class space    used 1793K, capacity 1927K, committed 2048K, reserved 1048576K
Event: 1.745 GC heap after
Heap after GC invocations=5 (full 1):
 PSYoungGen      total 134656K, used 793K [0x000000076b580000, 0x0000000774680000, 0x00000007c0000000)
  eden space 126976K, 0% used [0x000000076b580000,0x000000076b580000,0x0000000773180000)
  from space 7680K, 10% used [0x0000000773f00000,0x0000000773fc6440,0x0000000774680000)
  to   space 10752K, 0% used [0x0000000773180000,0x0000000773180000,0x0000000773c00000)
 ParOldGen       total 251392K, used 162452K [0x00000006c2000000, 0x00000006d1580000, 0x000000076b580000)
  object space 251392K, 64% used [0x00000006c2000000,0x00000006cbea5038,0x00000006d1580000)
 Metaspace       used 12981K, capacity 13480K, committed 13824K, reserved 1060864K
  class space    used 1793K, capacity 1927K, committed 2048K, reserved 1048576K
}
Event: 2.135 GC heap before
{Heap before GC invocations=6 (full 1):
 PSYoungGen      total 134656K, used 122547K [0x000000076b580000, 0x0000000774680000, 0x00000007c0000000)
  eden space 126976K, 95% used [0x000000076b580000,0x0000000772c66b10,0x0000000773180000)
  from space 7680K, 10% used [0x0000000773f00000,0x0000000773fc6440,0x0000000774680000)
  to   space 10752K, 0% used [0x0000000773180000,0x0000000773180000,0x0000000773c00000)
 ParOldGen       total 251392K, used 162452K [0x00000006c2000000, 0x00000006d1580000, 0x000000076b580000)
  object space 251392K, 64% used [0x00000006c2000000,0x00000006cbea5038,0x00000006d1580000)
 Metaspace       used 13070K, capacity 13610K, committed 13824K, reserved 1060864K
  class space    used 1818K, capacity 1993K, committed 2048K, reserved 1048576K
Event: 2.147 GC heap after
Heap after GC invocations=6 (full 1):
 PSYoungGen      total 137728K, used 3722K [0x000000076b580000, 0x000000077c200000, 0x00000007c0000000)
  eden space 126976K, 0% used [0x000000076b580000,0x000000076b580000,0x0000000773180000)
  from space 10752K, 34% used [0x0000000773180000,0x0000000773522910,0x0000000773c00000)
  to   space 14336K, 0% used [0x000000077b400000,0x000000077b400000,0x000000077c200000)
 ParOldGen       total 251392K, used 243185K [0x00000006c2000000, 0x00000006d1580000, 0x000000076b580000)
  object space 251392K, 96% used [0x00000006c2000000,0x00000006d0d7c478,0x00000006d1580000)
 Metaspace       used 13070K, capacity 13610K, committed 13824K, reserved 1060864K
  class space    used 1818K, capacity 1993K, committed 2048K, reserved 1048576K
}
Event: 2.147 GC heap before
{Heap before GC invocations=7 (full 2):
 PSYoungGen      total 137728K, used 3722K [0x000000076b580000, 0x000000077c200000, 0x00000007c0000000)
  eden space 126976K, 0% used [0x000000076b580000,0x000000076b580000,0x0000000773180000)
  from space 10752K, 34% used [0x0000000773180000,0x0000000773522910,0x0000000773c00000)
  to   space 14336K, 0% used [0x000000077b400000,0x000000077b400000,0x000000077c200000)
 ParOldGen       total 251392K, used 243185K [0x00000006c2000000, 0x00000006d1580000, 0x000000076b580000)
  object space 251392K, 96% used [0x00000006c2000000,0x00000006d0d7c478,0x00000006d1580000)
 Metaspace       used 13070K, capacity 13610K, committed 13824K, reserved 1060864K
  class space    used 1818K, capacity 1993K, committed 2048K, reserved 1048576K
Event: 2.181 GC heap after
Heap after GC invocations=7 (full 2):
 PSYoungGen      total 137728K, used 0K [0x000000076b580000, 0x000000077c200000, 0x00000007c0000000)
  eden space 126976K, 0% used [0x000000076b580000,0x000000076b580000,0x0000000773180000)
  from space 10752K, 0% used [0x0000000773180000,0x0000000773180000,0x0000000773c00000)
  to   space 14336K, 0% used [0x000000077b400000,0x000000077b400000,0x000000077c200000)
 ParOldGen       total 251392K, used 245357K [0x00000006c2000000, 0x00000006d1580000, 0x000000076b580000)
  object space 251392K, 97% used [0x00000006c2000000,0x00000006d0f9b560,0x00000006d1580000)
 Metaspace       used 13070K, capacity 13610K, committed 13824K, reserved 1060864K
  class space    used 1818K, capacity 1993K, committed 2048K, reserved 1048576K
}
Event: 2.387 GC heap before
{Heap before GC invocations=8 (full 3):
 PSYoungGen      total 137728K, used 120858K [0x000000076b580000, 0x000000077c200000, 0x00000007c0000000)
  eden space 126976K, 95% used [0x000000076b580000,0x0000000772b869d8,0x0000000773180000)
  from space 10752K, 0% used [0x0000000773180000,0x0000000773180000,0x0000000773c00000)
  to   space 14336K, 0% used [0x000000077b400000,0x000000077b400000,0x000000077c200000)
 ParOldGen       total 251392K, used 245357K [0x00000006c2000000, 0x00000006d1580000, 0x000000076b580000)
  object space 251392K, 97% used [0x00000006c2000000,0x00000006d0f9b560,0x00000006d1580000)
 Metaspace       used 13213K, capacity 13746K, committed 13824K, reserved 1060864K
  class space    used 1826K, capacity 1995K, committed 2048K, reserved 1048576K
Event: 2.423 GC heap after
Heap after GC invocations=8 (full 3):
 PSYoungGen      total 137728K, used 0K [0x000000076b580000, 0x000000077c200000, 0x00000007c0000000)
  eden space 126976K, 0% used [0x000000076b580000,0x000000076b580000,0x0000000773180000)
  from space 10752K, 0% used [0x0000000773180000,0x0000000773180000,0x0000000773c00000)
  to   space 14336K, 0% used [0x000000077b400000,0x000000077b400000,0x000000077c200000)
 ParOldGen       total 251392K, used 227902K [0x00000006c2000000, 0x00000006d1580000, 0x000000076b580000)
  object space 251392K, 90% used [0x00000006c2000000,0x00000006cfe8fb78,0x00000006d1580000)
 Metaspace       used 13213K, capacity 13746K, committed 13824K, reserved 1060864K
  class space    used 1826K, capacity 1995K, committed 2048K, reserved 1048576K
}
Event: 2.554 GC heap before
{Heap before GC invocations=9 (full 4):
 PSYoungGen      total 137728K, used 118187K [0x000000076b580000, 0x000000077c200000, 0x00000007c0000000)
  eden space 126976K, 93% used [0x000000076b580000,0x00000007728ead80,0x0000000773180000)
  from space 10752K, 0% used [0x0000000773180000,0x0000000773180000,0x0000000773c00000)
  to   space 14336K, 0% used [0x000000077b400000,0x000000077b400000,0x000000077c200000)
 ParOldGen       total 251392K, used 227902K [0x00000006c2000000, 0x00000006d1580000, 0x000000076b580000)
  object space 251392K, 90% used [0x00000006c2000000,0x00000006cfe8fb78,0x00000006d1580000)
 Metaspace       used 13259K, capacity 13882K, committed 14080K, reserved 1060864K
  class space    used 1827K, capacity 1995K, committed 2048K, reserved 1048576K
Event: 2.566 GC heap after
Heap after GC invocations=9 (full 4):
 PSYoungGen      total 137728K, used 0K [0x000000076b580000, 0x000000077c200000, 0x00000007c0000000)
  eden space 126976K, 0% used [0x000000076b580000,0x000000076b580000,0x0000000773180000)
  from space 10752K, 0% used [0x0000000773180000,0x0000000773180000,0x0000000773c00000)
  to   space 14336K, 0% used [0x000000077b400000,0x000000077b400000,0x000000077c200000)
 ParOldGen       total 251392K, used 227968K [0x00000006c2000000, 0x00000006d1580000, 0x000000076b580000)
  object space 251392K, 90% used [0x00000006c2000000,0x00000006cfea00b8,0x00000006d1580000)
 Metaspace       used 13259K, capacity 13882K, committed 14080K, reserved 1060864K
  class space    used 1827K, capacity 1995K, committed 2048K, reserved 1048576K
}

