# JRE version: Java(TM) SE Runtime Environment (8.0_261-b12) (build 1.8.0_261-b12)
# Java VM: Java HotSpot(TM) 64-Bit Server VM (25.261-b12 mixed mode windows-amd64 compressed oops)
Heap:
 PSYoungGen      total 335360K, used 169980K [0x000000076b580000, 0x0000000780c80000, 0x00000007c0000000)
  eden space 322560K, 52% used [0x000000076b580000,0x0000000775a05350,0x000000077f080000)
  from space 12800K, 11% used [0x000000077f080000,0x000000077f1fa0a0,0x000000077fd00000)
  to   space 12800K, 0% used [0x000000077fd00000,0x000000077fd00000,0x0000000780980000)
 ParOldGen       total 432128K, used 305622K [0x00000006c2000000, 0x00000006dc600000, 0x000000076b580000)
  object space 432128K, 70% used [0x00000006c2000000,0x00000006d4a75810,0x00000006dc600000)
 Metaspace       used 14029K, capacity 14612K, committed 14848K, reserved 1062912K
  class space    used 1833K, capacity 1996K, committed 2048K, reserved 1048576K
GC Heap History (10 events):
Event: 9.552 GC heap before
{Heap before GC invocations=19 (full 3):
 PSYoungGen      total 335360K, used 326181K [0x000000076b580000, 0x0000000780c80000, 0x00000007c0000000)
  eden space 322560K, 99% used [0x000000076b580000,0x000000077efc3e78,0x000000077f080000)
  from space 12800K, 34% used [0x000000077f080000,0x000000077f4c5620,0x000000077fd00000)
  to   space 12800K, 0% used [0x000000077fd00000,0x000000077fd00000,0x0000000780980000)
 ParOldGen       total 417792K, used 335148K [0x00000006c2000000, 0x00000006db800000, 0x000000076b580000)
  object space 417792K, 80% used [0x00000006c2000000,0x00000006d674b3e0,0x00000006db800000)
 Metaspace       used 13983K, capacity 14612K, committed 14848K, reserved 1062912K
  class space    used 1833K, capacity 1996K, committed 2048K, reserved 1048576K
Event: 9.557 GC heap after
Heap after GC invocations=19 (full 3):
 PSYoungGen      total 335360K, used 1018K [0x000000076b580000, 0x0000000780c80000, 0x00000007c0000000)
  eden space 322560K, 0% used [0x000000076b580000,0x000000076b580000,0x000000077f080000)
  from space 12800K, 7% used [0x000000077fd00000,0x000000077fdfe870,0x0000000780980000)
  to   space 12800K, 0% used [0x000000077f080000,0x000000077f080000,0x000000077fd00000)
 ParOldGen       total 417792K, used 348381K [0x00000006c2000000, 0x00000006db800000, 0x000000076b580000)
  object space 417792K, 83% used [0x00000006c2000000,0x00000006d74377f0,0x00000006db800000)
 Metaspace       used 13983K, capacity 14612K, committed 14848K, reserved 1062912K
  class space    used 1833K, capacity 1996K, committed 2048K, reserved 1048576K
}
Event: 9.558 GC heap before
{Heap before GC invocations=20 (full 4):
 PSYoungGen      total 335360K, used 1018K [0x000000076b580000, 0x0000000780c80000, 0x00000007c0000000)
  eden space 322560K, 0% used [0x000000076b580000,0x000000076b580000,0x000000077f080000)
  from space 12800K, 7% used [0x000000077fd00000,0x000000077fdfe870,0x0000000780980000)
  to   space 12800K, 0% used [0x000000077f080000,0x000000077f080000,0x000000077fd00000)
 ParOldGen       total 417792K, used 348381K [0x00000006c2000000, 0x00000006db800000, 0x000000076b580000)
  object space 417792K, 83% used [0x00000006c2000000,0x00000006d74377f0,0x00000006db800000)
 Metaspace       used 13983K, capacity 14612K, committed 14848K, reserved 1062912K
  class space    used 1833K, capacity 1996K, committed 2048K, reserved 1048576K
Event: 9.568 GC heap after
Heap after GC invocations=20 (full 4):
 PSYoungGen      total 335360K, used 0K [0x000000076b580000, 0x0000000780c80000, 0x00000007c0000000)
  eden space 322560K, 0% used [0x000000076b580000,0x000000076b580000,0x000000077f080000)
  from space 12800K, 0% used [0x000000077fd00000,0x000000077fd00000,0x0000000780980000)
  to   space 12800K, 0% used [0x000000077f080000,0x000000077f080000,0x000000077fd00000)
 ParOldGen       total 432128K, used 226255K [0x00000006c2000000, 0x00000006dc600000, 0x000000076b580000)
  object space 432128K, 52% used [0x00000006c2000000,0x00000006cfcf3fb0,0x00000006dc600000)
 Metaspace       used 13983K, capacity 14612K, committed 14848K, reserved 1062912K
  class space    used 1833K, capacity 1996K, committed 2048K, reserved 1048576K
}
Event: 10.644 GC heap before
{Heap before GC invocations=21 (full 4):
 PSYoungGen      total 335360K, used 312166K [0x000000076b580000, 0x0000000780c80000, 0x00000007c0000000)
  eden space 322560K, 96% used [0x000000076b580000,0x000000077e659998,0x000000077f080000)
  from space 12800K, 0% used [0x000000077fd00000,0x000000077fd00000,0x0000000780980000)
  to   space 12800K, 0% used [0x000000077f080000,0x000000077f080000,0x000000077fd00000)
 ParOldGen       total 432128K, used 226255K [0x00000006c2000000, 0x00000006dc600000, 0x000000076b580000)
  object space 432128K, 52% used [0x00000006c2000000,0x00000006cfcf3fb0,0x00000006dc600000)
 Metaspace       used 14002K, capacity 14612K, committed 14848K, reserved 1062912K
  class space    used 1833K, capacity 1996K, committed 2048K, reserved 1048576K
Event: 10.648 GC heap after
Heap after GC invocations=21 (full 4):
 PSYoungGen      total 335360K, used 4020K [0x000000076b580000, 0x0000000780c80000, 0x00000007c0000000)
  eden space 322560K, 0% used [0x000000076b580000,0x000000076b580000,0x000000077f080000)
  from space 12800K, 31% used [0x000000077f080000,0x000000077f46d2f0,0x000000077fd00000)
  to   space 12800K, 0% used [0x000000077fd00000,0x000000077fd00000,0x0000000780980000)
 ParOldGen       total 432128K, used 252713K [0x00000006c2000000, 0x00000006dc600000, 0x000000076b580000)
  object space 432128K, 58% used [0x00000006c2000000,0x00000006d16ca7d0,0x00000006dc600000)
 Metaspace       used 14002K, capacity 14612K, committed 14848K, reserved 1062912K
  class space    used 1833K, capacity 1996K, committed 2048K, reserved 1048576K
}
Event: 11.002 GC heap before
{Heap before GC invocations=22 (full 4):
 PSYoungGen      total 335360K, used 315089K [0x000000076b580000, 0x0000000780c80000, 0x00000007c0000000)
  eden space 322560K, 96% used [0x000000076b580000,0x000000077e5472d8,0x000000077f080000)
  from space 12800K, 31% used [0x000000077f080000,0x000000077f46d2f0,0x000000077fd00000)
  to   space 12800K, 0% used [0x000000077fd00000,0x000000077fd00000,0x0000000780980000)
 ParOldGen       total 432128K, used 252713K [0x00000006c2000000, 0x00000006dc600000, 0x000000076b580000)
  object space 432128K, 58% used [0x00000006c2000000,0x00000006d16ca7d0,0x00000006dc600000)
 Metaspace       used 14010K, capacity 14612K, committed 14848K, reserved 1062912K
  class space    used 1833K, capacity 1996K, committed 2048K, reserved 1048576K
Event: 11.005 GC heap after
Heap after GC invocations=22 (full 4):
 PSYoungGen      total 335360K, used 1206K [0x000000076b580000, 0x0000000780c80000, 0x00000007c0000000)
  eden space 322560K, 0% used [0x000000076b580000,0x000000076b580000,0x000000077f080000)
  from space 12800K, 9% used [0x000000077fd00000,0x000000077fe2daa0,0x0000000780980000)
  to   space 12800K, 0% used [0x000000077f080000,0x000000077f080000,0x000000077fd00000)
 ParOldGen       total 432128K, used 279171K [0x00000006c2000000, 0x00000006dc600000, 0x000000076b580000)
  object space 432128K, 64% used [0x00000006c2000000,0x00000006d30a0ff0,0x00000006dc600000)
 Metaspace       used 14010K, capacity 14612K, committed 14848K, reserved 1062912K
  class space    used 1833K, capacity 1996K, committed 2048K, reserved 1048576K
}
Event: 11.482 GC heap before
{Heap before GC invocations=23 (full 4):
 PSYoungGen      total 335360K, used 317464K [0x000000076b580000, 0x0000000780c80000, 0x00000007c0000000)
  eden space 322560K, 98% used [0x000000076b580000,0x000000077ea58620,0x000000077f080000)
  from space 12800K, 9% used [0x000000077fd00000,0x000000077fe2daa0,0x0000000780980000)
  to   space 12800K, 0% used [0x000000077f080000,0x000000077f080000,0x000000077fd00000)
 ParOldGen       total 432128K, used 279171K [0x00000006c2000000, 0x00000006dc600000, 0x000000076b580000)
  object space 432128K, 64% used [0x00000006c2000000,0x00000006d30a0ff0,0x00000006dc600000)
 Metaspace       used 14014K, capacity 14612K, committed 14848K, reserved 1062912K
  class space    used 1833K, capacity 1996K, committed 2048K, reserved 1048576K
Event: 11.485 GC heap after
Heap after GC invocations=23 (full 4):
 PSYoungGen      total 335360K, used 1512K [0x000000076b580000, 0x0000000780c80000, 0x00000007c0000000)
  eden space 322560K, 0% used [0x000000076b580000,0x000000076b580000,0x000000077f080000)
  from space 12800K, 11% used [0x000000077f080000,0x000000077f1fa0a0,0x000000077fd00000)
  to   space 12800K, 0% used [0x000000077fd00000,0x000000077fd00000,0x0000000780980000)
 ParOldGen       total 432128K, used 305622K [0x00000006c2000000, 0x00000006dc600000, 0x000000076b580000)
  object space 432128K, 70% used [0x00000006c2000000,0x00000006d4a75810,0x00000006dc600000)
 Metaspace       used 14014K, capacity 14612K, committed 14848K, reserved 1062912K
  class space    used 1833K, capacity 1996K, committed 2048K, reserved 1048576K
}

