# JRE version: Java(TM) SE Runtime Environment (8.0_261-b12) (build 1.8.0_261-b12)
# Java VM: Java HotSpot(TM) 64-Bit Server VM (25.261-b12 mixed mode windows-amd64 compressed oops)
Heap:
 PSYoungGen      total 138752K, used 113632K [0x000000076b580000, 0x000000077c600000, 0x00000007c0000000)
  eden space 128000K, 88% used [0x000000076b580000,0x00000007724781e8,0x0000000773280000)
  from space 10752K, 0% used [0x0000000773280000,0x0000000773280000,0x0000000773d00000)
  to   space 14336K, 0% used [0x000000077b800000,0x000000077b800000,0x000000077c600000)
 ParOldGen       total 415232K, used 245376K [0x00000006c2000000, 0x00000006db580000, 0x000000076b580000)
  object space 415232K, 59% used [0x00000006c2000000,0x00000006d0fa0240,0x00000006db580000)
 Metaspace       used 13410K, capacity 13940K, committed 14080K, reserved 1060864K
  class space    used 1823K, capacity 1994K, committed 2048K, reserved 1048576K
GC Heap History (10 events):
Event: 2.642 GC heap before
{Heap before GC invocations=3 (full 0):
 PSYoungGen      total 75776K, used 57463K [0x000000076b580000, 0x0000000774980000, 0x00000007c0000000)
  eden space 65024K, 71% used [0x000000076b580000,0x000000076e324e78,0x000000076f500000)
  from space 10752K, 99% used [0x000000076ff80000,0x00000007709f9008,0x0000000770a00000)
  to   space 10752K, 0% used [0x000000076f500000,0x000000076f500000,0x000000076ff80000)
 ParOldGen       total 173568K, used 64120K [0x00000006c2000000, 0x00000006cc980000, 0x000000076b580000)
  object space 173568K, 36% used [0x00000006c2000000,0x00000006c5e9e0a0,0x00000006cc980000)
 Metaspace       used 12987K, capacity 13544K, committed 13824K, reserved 1060864K
  class space    used 1795K, capacity 1927K, committed 2048K, reserved 1048576K
Event: 2.664 GC heap after
Heap after GC invocations=3 (full 0):
 PSYoungGen      total 75776K, used 10663K [0x000000076b580000, 0x0000000774980000, 0x00000007c0000000)
  eden space 65024K, 0% used [0x000000076b580000,0x000000076b580000,0x000000076f500000)
  from space 10752K, 99% used [0x000000076f500000,0x000000076ff69fd8,0x000000076ff80000)
  to   space 10752K, 0% used [0x0000000773f00000,0x0000000773f00000,0x0000000774980000)
 ParOldGen       total 173568K, used 109120K [0x00000006c2000000, 0x00000006cc980000, 0x000000076b580000)
  object space 173568K, 62% used [0x00000006c2000000,0x00000006c8a900c0,0x00000006cc980000)
 Metaspace       used 12987K, capacity 13544K, committed 13824K, reserved 1060864K
  class space    used 1795K, capacity 1927K, committed 2048K, reserved 1048576K
}
Event: 2.664 GC heap before
{Heap before GC invocations=4 (full 1):
 PSYoungGen      total 75776K, used 10663K [0x000000076b580000, 0x0000000774980000, 0x00000007c0000000)
  eden space 65024K, 0% used [0x000000076b580000,0x000000076b580000,0x000000076f500000)
  from space 10752K, 99% used [0x000000076f500000,0x000000076ff69fd8,0x000000076ff80000)
  to   space 10752K, 0% used [0x0000000773f00000,0x0000000773f00000,0x0000000774980000)
 ParOldGen       total 173568K, used 109120K [0x00000006c2000000, 0x00000006cc980000, 0x000000076b580000)
  object space 173568K, 62% used [0x00000006c2000000,0x00000006c8a900c0,0x00000006cc980000)
 Metaspace       used 12987K, capacity 13544K, committed 13824K, reserved 1060864K
  class space    used 1795K, capacity 1927K, committed 2048K, reserved 1048576K
Event: 2.686 GC heap after
Heap after GC invocations=4 (full 1):
 PSYoungGen      total 75776K, used 0K [0x000000076b580000, 0x0000000774980000, 0x00000007c0000000)
  eden space 65024K, 0% used [0x000000076b580000,0x000000076b580000,0x000000076f500000)
  from space 10752K, 0% used [0x000000076f500000,0x000000076f500000,0x000000076ff80000)
  to   space 10752K, 0% used [0x0000000773f00000,0x0000000773f00000,0x0000000774980000)
 ParOldGen       total 250880K, used 117471K [0x00000006c2000000, 0x00000006d1500000, 0x000000076b580000)
  object space 250880K, 46% used [0x00000006c2000000,0x00000006c92b7cf8,0x00000006d1500000)
 Metaspace       used 12987K, capacity 13544K, committed 13824K, reserved 1060864K
  class space    used 1795K, capacity 1927K, committed 2048K, reserved 1048576K
}
Event: 2.703 GC heap before
{Heap before GC invocations=5 (full 1):
 PSYoungGen      total 75776K, used 46795K [0x000000076b580000, 0x0000000774980000, 0x00000007c0000000)
  eden space 65024K, 71% used [0x000000076b580000,0x000000076e332e68,0x000000076f500000)
  from space 10752K, 0% used [0x000000076f500000,0x000000076f500000,0x000000076ff80000)
  to   space 10752K, 0% used [0x0000000773f00000,0x0000000773f00000,0x0000000774980000)
 ParOldGen       total 250880K, used 117471K [0x00000006c2000000, 0x00000006d1500000, 0x000000076b580000)
  object space 250880K, 46% used [0x00000006c2000000,0x00000006c92b7cf8,0x00000006d1500000)
 Metaspace       used 12987K, capacity 13544K, committed 13824K, reserved 1060864K
  class space    used 1795K, capacity 1927K, committed 2048K, reserved 1048576K
Event: 2.724 GC heap after
Heap after GC invocations=5 (full 1):
 PSYoungGen      total 136704K, used 793K [0x000000076b580000, 0x0000000774780000, 0x00000007c0000000)
  eden space 128000K, 0% used [0x000000076b580000,0x000000076b580000,0x0000000773280000)
  from space 8704K, 9% used [0x0000000773f00000,0x0000000773fc6440,0x0000000774780000)
  to   space 10752K, 0% used [0x0000000773280000,0x0000000773280000,0x0000000773d00000)
 ParOldGen       total 250880K, used 162471K [0x00000006c2000000, 0x00000006d1500000, 0x000000076b580000)
  object space 250880K, 64% used [0x00000006c2000000,0x00000006cbea9d18,0x00000006d1500000)
 Metaspace       used 12987K, capacity 13544K, committed 13824K, reserved 1060864K
  class space    used 1795K, capacity 1927K, committed 2048K, reserved 1048576K
}
Event: 3.202 GC heap before
{Heap before GC invocations=6 (full 1):
 PSYoungGen      total 136704K, used 122847K [0x000000076b580000, 0x0000000774780000, 0x00000007c0000000)
  eden space 128000K, 95% used [0x000000076b580000,0x0000000772cb1910,0x0000000773280000)
  from space 8704K, 9% used [0x0000000773f00000,0x0000000773fc6440,0x0000000774780000)
  to   space 10752K, 0% used [0x0000000773280000,0x0000000773280000,0x0000000773d00000)
 ParOldGen       total 250880K, used 162471K [0x00000006c2000000, 0x00000006d1500000, 0x000000076b580000)
  object space 250880K, 64% used [0x00000006c2000000,0x00000006cbea9d18,0x00000006d1500000)
 Metaspace       used 13073K, capacity 13610K, committed 13824K, reserved 1060864K
  class space    used 1818K, capacity 1993K, committed 2048K, reserved 1048576K
Event: 3.233 GC heap after
Heap after GC invocations=6 (full 1):
 PSYoungGen      total 138752K, used 3722K [0x000000076b580000, 0x000000077c600000, 0x00000007c0000000)
  eden space 128000K, 0% used [0x000000076b580000,0x000000076b580000,0x0000000773280000)
  from space 10752K, 34% used [0x0000000773280000,0x0000000773622910,0x0000000773d00000)
  to   space 14336K, 0% used [0x000000077b800000,0x000000077b800000,0x000000077c600000)
 ParOldGen       total 250880K, used 243204K [0x00000006c2000000, 0x00000006d1500000, 0x000000076b580000)
  object space 250880K, 96% used [0x00000006c2000000,0x00000006d0d81158,0x00000006d1500000)
 Metaspace       used 13073K, capacity 13610K, committed 13824K, reserved 1060864K
  class space    used 1818K, capacity 1993K, committed 2048K, reserved 1048576K
}
Event: 3.233 GC heap before
{Heap before GC invocations=7 (full 2):
 PSYoungGen      total 138752K, used 3722K [0x000000076b580000, 0x000000077c600000, 0x00000007c0000000)
  eden space 128000K, 0% used [0x000000076b580000,0x000000076b580000,0x0000000773280000)
  from space 10752K, 34% used [0x0000000773280000,0x0000000773622910,0x0000000773d00000)
  to   space 14336K, 0% used [0x000000077b800000,0x000000077b800000,0x000000077c600000)
 ParOldGen       total 250880K, used 243204K [0x00000006c2000000, 0x00000006d1500000, 0x000000076b580000)
  object space 250880K, 96% used [0x00000006c2000000,0x00000006d0d81158,0x00000006d1500000)
 Metaspace       used 13073K, capacity 13610K, committed 13824K, reserved 1060864K
  class space    used 1818K, capacity 1993K, committed 2048K, reserved 1048576K
Event: 3.273 GC heap after
Heap after GC invocations=7 (full 2):
 PSYoungGen      total 138752K, used 0K [0x000000076b580000, 0x000000077c600000, 0x00000007c0000000)
  eden space 128000K, 0% used [0x000000076b580000,0x000000076b580000,0x0000000773280000)
  from space 10752K, 0% used [0x0000000773280000,0x0000000773280000,0x0000000773d00000)
  to   space 14336K, 0% used [0x000000077b800000,0x000000077b800000,0x000000077c600000)
 ParOldGen       total 415232K, used 245376K [0x00000006c2000000, 0x00000006db580000, 0x000000076b580000)
  object space 415232K, 59% used [0x00000006c2000000,0x00000006d0fa0240,0x00000006db580000)
 Metaspace       used 13073K, capacity 13610K, committed 13824K, reserved 1060864K
  class space    used 1818K, capacity 1993K, committed 2048K, reserved 1048576K
}

