# JRE version: Java(TM) SE Runtime Environment (8.0_261-b12) (build 1.8.0_261-b12)
# Java VM: Java HotSpot(TM) 64-Bit Server VM (25.261-b12 mixed mode windows-amd64 compressed oops)
Heap:
 PSYoungGen      total 138240K, used 48923K [0x000000076b580000, 0x000000077c480000, 0x00000007c0000000)
  eden space 127488K, 38% used [0x000000076b580000,0x000000076e546f50,0x0000000773200000)
  from space 10752K, 0% used [0x0000000773200000,0x0000000773200000,0x0000000773c80000)
  to   space 14336K, 0% used [0x000000077b680000,0x000000077b680000,0x000000077c480000)
 ParOldGen       total 263680K, used 228200K [0x00000006c2000000, 0x00000006d2180000, 0x000000076b580000)
  object space 263680K, 86% used [0x00000006c2000000,0x00000006cfeda0a0,0x00000006d2180000)
 Metaspace       used 13437K, capacity 14074K, committed 14336K, reserved 1060864K
  class space    used 1829K, capacity 1995K, committed 2048K, reserved 1048576K
GC Heap History (10 events):
Event: 2.746 GC heap before
{Heap before GC invocations=8 (full 3):
 PSYoungGen      total 138240K, used 117570K [0x000000076b580000, 0x000000077c480000, 0x00000007c0000000)
  eden space 127488K, 92% used [0x000000076b580000,0x0000000772850888,0x0000000773200000)
  from space 10752K, 0% used [0x0000000773200000,0x0000000773200000,0x0000000773c80000)
  to   space 14336K, 0% used [0x000000077b680000,0x000000077b680000,0x000000077c480000)
 ParOldGen       total 263680K, used 258588K [0x00000006c2000000, 0x00000006d2180000, 0x000000076b580000)
  object space 263680K, 98% used [0x00000006c2000000,0x00000006d1c870e0,0x00000006d2180000)
 Metaspace       used 13111K, capacity 13682K, committed 13824K, reserved 1060864K
  class space    used 1825K, capacity 1995K, committed 2048K, reserved 1048576K
Event: 2.777 GC heap after
Heap after GC invocations=8 (full 3):
 PSYoungGen      total 138240K, used 0K [0x000000076b580000, 0x000000077c480000, 0x00000007c0000000)
  eden space 127488K, 0% used [0x000000076b580000,0x000000076b580000,0x0000000773200000)
  from space 10752K, 0% used [0x0000000773200000,0x0000000773200000,0x0000000773c80000)
  to   space 14336K, 0% used [0x000000077b680000,0x000000077b680000,0x000000077c480000)
 ParOldGen       total 263680K, used 241093K [0x00000006c2000000, 0x00000006d2180000, 0x000000076b580000)
  object space 263680K, 91% used [0x00000006c2000000,0x00000006d0b71488,0x00000006d2180000)
 Metaspace       used 13111K, capacity 13682K, committed 13824K, reserved 1060864K
  class space    used 1825K, capacity 1995K, committed 2048K, reserved 1048576K
}
Event: 2.949 GC heap before
{Heap before GC invocations=9 (full 4):
 PSYoungGen      total 138240K, used 127137K [0x000000076b580000, 0x000000077c480000, 0x00000007c0000000)
  eden space 127488K, 99% used [0x000000076b580000,0x00000007731a8688,0x0000000773200000)
  from space 10752K, 0% used [0x0000000773200000,0x0000000773200000,0x0000000773c80000)
  to   space 14336K, 0% used [0x000000077b680000,0x000000077b680000,0x000000077c480000)
 ParOldGen       total 263680K, used 257624K [0x00000006c2000000, 0x00000006d2180000, 0x000000076b580000)
  object space 263680K, 97% used [0x00000006c2000000,0x00000006d1b961a8,0x00000006d2180000)
 Metaspace       used 13235K, capacity 13810K, committed 14080K, reserved 1060864K
  class space    used 1829K, capacity 1995K, committed 2048K, reserved 1048576K
Event: 2.959 GC heap after
Heap after GC invocations=9 (full 4):
 PSYoungGen      total 138240K, used 0K [0x000000076b580000, 0x000000077c480000, 0x00000007c0000000)
  eden space 127488K, 0% used [0x000000076b580000,0x000000076b580000,0x0000000773200000)
  from space 10752K, 0% used [0x0000000773200000,0x0000000773200000,0x0000000773c80000)
  to   space 14336K, 0% used [0x000000077b680000,0x000000077b680000,0x000000077c480000)
 ParOldGen       total 263680K, used 227961K [0x00000006c2000000, 0x00000006d2180000, 0x000000076b580000)
  object space 263680K, 86% used [0x00000006c2000000,0x00000006cfe9e740,0x00000006d2180000)
 Metaspace       used 13235K, capacity 13810K, committed 14080K, reserved 1060864K
  class space    used 1829K, capacity 1995K, committed 2048K, reserved 1048576K
}
Event: 3.149 GC heap before
{Heap before GC invocations=10 (full 5):
 PSYoungGen      total 138240K, used 115939K [0x000000076b580000, 0x000000077c480000, 0x00000007c0000000)
  eden space 127488K, 90% used [0x000000076b580000,0x00000007726b8c60,0x0000000773200000)
  from space 10752K, 0% used [0x0000000773200000,0x0000000773200000,0x0000000773c80000)
  to   space 14336K, 0% used [0x000000077b680000,0x000000077b680000,0x000000077c480000)
 ParOldGen       total 263680K, used 227961K [0x00000006c2000000, 0x00000006d2180000, 0x000000076b580000)
  object space 263680K, 86% used [0x00000006c2000000,0x00000006cfe9e740,0x00000006d2180000)
 Metaspace       used 13358K, capacity 13882K, committed 14080K, reserved 1060864K
  class space    used 1829K, capacity 1995K, committed 2048K, reserved 1048576K
Event: 3.158 GC heap after
Heap after GC invocations=10 (full 5):
 PSYoungGen      total 138240K, used 0K [0x000000076b580000, 0x000000077c480000, 0x00000007c0000000)
  eden space 127488K, 0% used [0x000000076b580000,0x000000076b580000,0x0000000773200000)
  from space 10752K, 0% used [0x0000000773200000,0x0000000773200000,0x0000000773c80000)
  to   space 14336K, 0% used [0x000000077b680000,0x000000077b680000,0x000000077c480000)
 ParOldGen       total 263680K, used 228054K [0x00000006c2000000, 0x00000006d2180000, 0x000000076b580000)
  object space 263680K, 86% used [0x00000006c2000000,0x00000006cfeb5848,0x00000006d2180000)
 Metaspace       used 13358K, capacity 13882K, committed 14080K, reserved 1060864K
  class space    used 1829K, capacity 1995K, committed 2048K, reserved 1048576K
}
Event: 3.334 GC heap before
{Heap before GC invocations=11 (full 6):
 PSYoungGen      total 138240K, used 115863K [0x000000076b580000, 0x000000077c480000, 0x00000007c0000000)
  eden space 127488K, 90% used [0x000000076b580000,0x00000007726a5c90,0x0000000773200000)
  from space 10752K, 0% used [0x0000000773200000,0x0000000773200000,0x0000000773c80000)
  to   space 14336K, 0% used [0x000000077b680000,0x000000077b680000,0x000000077c480000)
 ParOldGen       total 263680K, used 228054K [0x00000006c2000000, 0x00000006d2180000, 0x000000076b580000)
  object space 263680K, 86% used [0x00000006c2000000,0x00000006cfeb5848,0x00000006d2180000)
 Metaspace       used 13417K, capacity 14010K, committed 14080K, reserved 1060864K
  class space    used 1829K, capacity 1995K, committed 2048K, reserved 1048576K
Event: 3.343 GC heap after
Heap after GC invocations=11 (full 6):
 PSYoungGen      total 138240K, used 0K [0x000000076b580000, 0x000000077c480000, 0x00000007c0000000)
  eden space 127488K, 0% used [0x000000076b580000,0x000000076b580000,0x0000000773200000)
  from space 10752K, 0% used [0x0000000773200000,0x0000000773200000,0x0000000773c80000)
  to   space 14336K, 0% used [0x000000077b680000,0x000000077b680000,0x000000077c480000)
 ParOldGen       total 263680K, used 228122K [0x00000006c2000000, 0x00000006d2180000, 0x000000076b580000)
  object space 263680K, 86% used [0x00000006c2000000,0x00000006cfec6a20,0x00000006d2180000)
 Metaspace       used 13417K, capacity 14010K, committed 14080K, reserved 1060864K
  class space    used 1829K, capacity 1995K, committed 2048K, reserved 1048576K
}
Event: 3.467 GC heap before
{Heap before GC invocations=12 (full 7):
 PSYoungGen      total 138240K, used 115373K [0x000000076b580000, 0x000000077c480000, 0x00000007c0000000)
  eden space 127488K, 90% used [0x000000076b580000,0x000000077262b670,0x0000000773200000)
  from space 10752K, 0% used [0x0000000773200000,0x0000000773200000,0x0000000773c80000)
  to   space 14336K, 0% used [0x000000077b680000,0x000000077b680000,0x000000077c480000)
 ParOldGen       total 263680K, used 228122K [0x00000006c2000000, 0x00000006d2180000, 0x000000076b580000)
  object space 263680K, 86% used [0x00000006c2000000,0x00000006cfec6a20,0x00000006d2180000)
 Metaspace       used 13435K, capacity 14010K, committed 14080K, reserved 1060864K
  class space    used 1829K, capacity 1995K, committed 2048K, reserved 1048576K
Event: 3.476 GC heap after
Heap after GC invocations=12 (full 7):
 PSYoungGen      total 138240K, used 0K [0x000000076b580000, 0x000000077c480000, 0x00000007c0000000)
  eden space 127488K, 0% used [0x000000076b580000,0x000000076b580000,0x0000000773200000)
  from space 10752K, 0% used [0x0000000773200000,0x0000000773200000,0x0000000773c80000)
  to   space 14336K, 0% used [0x000000077b680000,0x000000077b680000,0x000000077c480000)
 ParOldGen       total 263680K, used 228200K [0x00000006c2000000, 0x00000006d2180000, 0x000000076b580000)
  object space 263680K, 86% used [0x00000006c2000000,0x00000006cfeda0a0,0x00000006d2180000)
 Metaspace       used 13435K, capacity 14010K, committed 14080K, reserved 1060864K
  class space    used 1829K, capacity 1995K, committed 2048K, reserved 1048576K
}

