# JRE version: Java(TM) SE Runtime Environment (8.0_261-b12) (build 1.8.0_261-b12)
# Java VM: Java HotSpot(TM) 64-Bit Server VM (25.261-b12 mixed mode windows-amd64 compressed oops)
Heap:
 PSYoungGen      total 241664K, used 213385K [0x000000076b580000, 0x000000077cb80000, 0x00000007c0000000)
  eden space 227840K, 87% used [0x000000076b580000,0x0000000777890000,0x0000000779400000)
  from space 13824K, 98% used [0x000000077be00000,0x000000077cb52410,0x000000077cb80000)
  to   space 16384K, 0% used [0x000000077ab80000,0x000000077ab80000,0x000000077bb80000)
 ParOldGen       total 414208K, used 248672K [0x00000006c2000000, 0x00000006db480000, 0x000000076b580000)
  object space 414208K, 60% used [0x00000006c2000000,0x00000006d12d80c0,0x00000006db480000)
 Metaspace       used 13589K, capacity 14146K, committed 14336K, reserved 1060864K
  class space    used 1828K, capacity 1995K, committed 2048K, reserved 1048576K
GC Heap History (10 events):
Event: 5.221 GC heap before
{Heap before GC invocations=4 (full 1):
 PSYoungGen      total 75776K, used 10578K [0x000000076b580000, 0x0000000774980000, 0x00000007c0000000)
  eden space 65024K, 0% used [0x000000076b580000,0x000000076b580000,0x000000076f500000)
  from space 10752K, 98% used [0x000000076f500000,0x000000076ff54ac8,0x000000076ff80000)
  to   space 10752K, 0% used [0x0000000773f00000,0x0000000773f00000,0x0000000774980000)
 ParOldGen       total 173568K, used 109120K [0x00000006c2000000, 0x00000006cc980000, 0x000000076b580000)
  object space 173568K, 62% used [0x00000006c2000000,0x00000006c8a900c0,0x00000006cc980000)
 Metaspace       used 13099K, capacity 13608K, committed 13824K, reserved 1060864K
  class space    used 1795K, capacity 1927K, committed 2048K, reserved 1048576K
Event: 5.235 GC heap after
Heap after GC invocations=4 (full 1):
 PSYoungGen      total 75776K, used 0K [0x000000076b580000, 0x0000000774980000, 0x00000007c0000000)
  eden space 65024K, 0% used [0x000000076b580000,0x000000076b580000,0x000000076f500000)
  from space 10752K, 0% used [0x000000076f500000,0x000000076f500000,0x000000076ff80000)
  to   space 10752K, 0% used [0x0000000773f00000,0x0000000773f00000,0x0000000774980000)
 ParOldGen       total 248832K, used 117452K [0x00000006c2000000, 0x00000006d1300000, 0x000000076b580000)
  object space 248832K, 47% used [0x00000006c2000000,0x00000006c92b3268,0x00000006d1300000)
 Metaspace       used 13099K, capacity 13608K, committed 13824K, reserved 1060864K
  class space    used 1795K, capacity 1927K, committed 2048K, reserved 1048576K
}
Event: 5.248 GC heap before
{Heap before GC invocations=5 (full 1):
 PSYoungGen      total 75776K, used 46786K [0x000000076b580000, 0x0000000774980000, 0x00000007c0000000)
  eden space 65024K, 71% used [0x000000076b580000,0x000000076e330b90,0x000000076f500000)
  from space 10752K, 0% used [0x000000076f500000,0x000000076f500000,0x000000076ff80000)
  to   space 10752K, 0% used [0x0000000773f00000,0x0000000773f00000,0x0000000774980000)
 ParOldGen       total 248832K, used 117452K [0x00000006c2000000, 0x00000006d1300000, 0x000000076b580000)
  object space 248832K, 47% used [0x00000006c2000000,0x00000006c92b3268,0x00000006d1300000)
 Metaspace       used 13099K, capacity 13608K, committed 13824K, reserved 1060864K
  class space    used 1795K, capacity 1927K, committed 2048K, reserved 1048576K
Event: 5.259 GC heap after
Heap after GC invocations=5 (full 1):
 PSYoungGen      total 139776K, used 857K [0x000000076b580000, 0x0000000774900000, 0x00000007c0000000)
  eden space 129536K, 0% used [0x000000076b580000,0x000000076b580000,0x0000000773400000)
  from space 10240K, 8% used [0x0000000773f00000,0x0000000773fd6440,0x0000000774900000)
  to   space 10752K, 0% used [0x0000000773400000,0x0000000773400000,0x0000000773e80000)
 ParOldGen       total 248832K, used 162452K [0x00000006c2000000, 0x00000006d1300000, 0x000000076b580000)
  object space 248832K, 65% used [0x00000006c2000000,0x00000006cbea5288,0x00000006d1300000)
 Metaspace       used 13099K, capacity 13608K, committed 13824K, reserved 1060864K
  class space    used 1795K, capacity 1927K, committed 2048K, reserved 1048576K
}
Event: 5.579 GC heap before
{Heap before GC invocations=6 (full 1):
 PSYoungGen      total 139776K, used 122656K [0x000000076b580000, 0x0000000774900000, 0x00000007c0000000)
  eden space 129536K, 94% used [0x000000076b580000,0x0000000772c71e40,0x0000000773400000)
  from space 10240K, 8% used [0x0000000773f00000,0x0000000773fd6440,0x0000000774900000)
  to   space 10752K, 0% used [0x0000000773400000,0x0000000773400000,0x0000000773e80000)
 ParOldGen       total 248832K, used 162452K [0x00000006c2000000, 0x00000006d1300000, 0x000000076b580000)
  object space 248832K, 65% used [0x00000006c2000000,0x00000006cbea5288,0x00000006d1300000)
 Metaspace       used 13189K, capacity 13738K, committed 13824K, reserved 1060864K
  class space    used 1819K, capacity 1993K, committed 2048K, reserved 1048576K
Event: 5.595 GC heap after
Heap after GC invocations=6 (full 1):
 PSYoungGen      total 140288K, used 3754K [0x000000076b580000, 0x000000077cb80000, 0x00000007c0000000)
  eden space 129536K, 0% used [0x000000076b580000,0x000000076b580000,0x0000000773400000)
  from space 10752K, 34% used [0x0000000773400000,0x00000007737aa910,0x0000000773e80000)
  to   space 13824K, 0% used [0x000000077be00000,0x000000077be00000,0x000000077cb80000)
 ParOldGen       total 248832K, used 243185K [0x00000006c2000000, 0x00000006d1300000, 0x000000076b580000)
  object space 248832K, 97% used [0x00000006c2000000,0x00000006d0d7c6c8,0x00000006d1300000)
 Metaspace       used 13189K, capacity 13738K, committed 13824K, reserved 1060864K
  class space    used 1819K, capacity 1993K, committed 2048K, reserved 1048576K
}
Event: 5.595 GC heap before
{Heap before GC invocations=7 (full 2):
 PSYoungGen      total 140288K, used 3754K [0x000000076b580000, 0x000000077cb80000, 0x00000007c0000000)
  eden space 129536K, 0% used [0x000000076b580000,0x000000076b580000,0x0000000773400000)
  from space 10752K, 34% used [0x0000000773400000,0x00000007737aa910,0x0000000773e80000)
  to   space 13824K, 0% used [0x000000077be00000,0x000000077be00000,0x000000077cb80000)
 ParOldGen       total 248832K, used 243185K [0x00000006c2000000, 0x00000006d1300000, 0x000000076b580000)
  object space 248832K, 97% used [0x00000006c2000000,0x00000006d0d7c6c8,0x00000006d1300000)
 Metaspace       used 13189K, capacity 13738K, committed 13824K, reserved 1060864K
  class space    used 1819K, capacity 1993K, committed 2048K, reserved 1048576K
Event: 5.626 GC heap after
Heap after GC invocations=7 (full 2):
 PSYoungGen      total 140288K, used 0K [0x000000076b580000, 0x000000077cb80000, 0x00000007c0000000)
  eden space 129536K, 0% used [0x000000076b580000,0x000000076b580000,0x0000000773400000)
  from space 10752K, 0% used [0x0000000773400000,0x0000000773400000,0x0000000773e80000)
  to   space 13824K, 0% used [0x000000077be00000,0x000000077be00000,0x000000077cb80000)
 ParOldGen       total 414208K, used 245357K [0x00000006c2000000, 0x00000006db480000, 0x000000076b580000)
  object space 414208K, 59% used [0x00000006c2000000,0x00000006d0f9b7b0,0x00000006db480000)
 Metaspace       used 13189K, capacity 13738K, committed 13824K, reserved 1060864K
  class space    used 1819K, capacity 1993K, committed 2048K, reserved 1048576K
}
Event: 5.787 GC heap before
{Heap before GC invocations=8 (full 2):
 PSYoungGen      total 140288K, used 118481K [0x000000076b580000, 0x000000077cb80000, 0x00000007c0000000)
  eden space 129536K, 91% used [0x000000076b580000,0x0000000772934790,0x0000000773400000)
  from space 10752K, 0% used [0x0000000773400000,0x0000000773400000,0x0000000773e80000)
  to   space 13824K, 0% used [0x000000077be00000,0x000000077be00000,0x000000077cb80000)
 ParOldGen       total 414208K, used 245357K [0x00000006c2000000, 0x00000006db480000, 0x000000076b580000)
  object space 414208K, 59% used [0x00000006c2000000,0x00000006d0f9b7b0,0x00000006db480000)
 Metaspace       used 13294K, capacity 13874K, committed 14080K, reserved 1060864K
  class space    used 1825K, capacity 1995K, committed 2048K, reserved 1048576K
Event: 5.794 GC heap after
Heap after GC invocations=8 (full 2):
 PSYoungGen      total 241664K, used 13641K [0x000000076b580000, 0x000000077cb80000, 0x00000007c0000000)
  eden space 227840K, 0% used [0x000000076b580000,0x000000076b580000,0x0000000779400000)
  from space 13824K, 98% used [0x000000077be00000,0x000000077cb52410,0x000000077cb80000)
  to   space 16384K, 0% used [0x000000077ab80000,0x000000077ab80000,0x000000077bb80000)
 ParOldGen       total 414208K, used 248672K [0x00000006c2000000, 0x00000006db480000, 0x000000076b580000)
  object space 414208K, 60% used [0x00000006c2000000,0x00000006d12d80c0,0x00000006db480000)
 Metaspace       used 13294K, capacity 13874K, committed 14080K, reserved 1060864K
  class space    used 1825K, capacity 1995K, committed 2048K, reserved 1048576K
}

