# JRE version: Java(TM) SE Runtime Environment (8.0_261-b12) (build 1.8.0_261-b12)
# Java VM: Java HotSpot(TM) 64-Bit Server VM (25.261-b12 mixed mode windows-amd64 compressed oops)
Heap:
 PSYoungGen      total 137728K, used 96863K [0x000000076b580000, 0x0000000774800000, 0x00000007c0000000)
  eden space 128512K, 75% used [0x000000076b580000,0x0000000771417db0,0x0000000773300000)
  from space 9216K, 0% used [0x0000000773f00000,0x0000000773f00000,0x0000000774800000)
  to   space 10752K, 0% used [0x0000000773300000,0x0000000773300000,0x0000000773d80000)
 ParOldGen       total 173568K, used 166119K [0x00000006c2000000, 0x00000006cc980000, 0x000000076b580000)
  object space 173568K, 95% used [0x00000006c2000000,0x00000006cc239cb0,0x00000006cc980000)
 Metaspace       used 13268K, capacity 13882K, committed 14080K, reserved 1060864K
  class space    used 1825K, capacity 1995K, committed 2048K, reserved 1048576K
GC Heap History (10 events):
Event: 2.864 GC heap before
{Heap before GC invocations=9 (full 5):
 PSYoungGen      total 137728K, used 119100K [0x000000076b580000, 0x0000000774800000, 0x00000007c0000000)
  eden space 128512K, 92% used [0x000000076b580000,0x00000007729cf2f0,0x0000000773300000)
  from space 9216K, 0% used [0x0000000773f00000,0x0000000773f00000,0x0000000774800000)
  to   space 10752K, 0% used [0x0000000773300000,0x0000000773300000,0x0000000773d80000)
 ParOldGen       total 173568K, used 161176K [0x00000006c2000000, 0x00000006cc980000, 0x000000076b580000)
  object space 173568K, 92% used [0x00000006c2000000,0x00000006cbd66290,0x00000006cc980000)
 Metaspace       used 13063K, capacity 13546K, committed 13824K, reserved 1060864K
  class space    used 1818K, capacity 1993K, committed 2048K, reserved 1048576K
Event: 2.871 GC heap after
Heap after GC invocations=9 (full 5):
 PSYoungGen      total 137728K, used 84194K [0x000000076b580000, 0x0000000774800000, 0x00000007c0000000)
  eden space 128512K, 65% used [0x000000076b580000,0x00000007707b8958,0x0000000773300000)
  from space 9216K, 0% used [0x0000000773f00000,0x0000000773f00000,0x0000000774800000)
  to   space 10752K, 0% used [0x0000000773300000,0x0000000773300000,0x0000000773d80000)
 ParOldGen       total 173568K, used 161176K [0x00000006c2000000, 0x00000006cc980000, 0x000000076b580000)
  object space 173568K, 92% used [0x00000006c2000000,0x00000006cbd66290,0x00000006cc980000)
 Metaspace       used 13063K, capacity 13546K, committed 13824K, reserved 1060864K
  class space    used 1818K, capacity 1993K, committed 2048K, reserved 1048576K
}
Event: 2.918 GC heap before
{Heap before GC invocations=10 (full 6):
 PSYoungGen      total 137728K, used 120898K [0x000000076b580000, 0x0000000774800000, 0x00000007c0000000)
  eden space 128512K, 94% used [0x000000076b580000,0x0000000772b90818,0x0000000773300000)
  from space 9216K, 0% used [0x0000000773f00000,0x0000000773f00000,0x0000000774800000)
  to   space 10752K, 0% used [0x0000000773300000,0x0000000773300000,0x0000000773d80000)
 ParOldGen       total 173568K, used 161176K [0x00000006c2000000, 0x00000006cc980000, 0x000000076b580000)
  object space 173568K, 92% used [0x00000006c2000000,0x00000006cbd66290,0x00000006cc980000)
 Metaspace       used 13141K, capacity 13746K, committed 13824K, reserved 1060864K
  class space    used 1824K, capacity 1995K, committed 2048K, reserved 1048576K
Event: 2.949 GC heap after
Heap after GC invocations=10 (full 6):
 PSYoungGen      total 137728K, used 61741K [0x000000076b580000, 0x0000000774800000, 0x00000007c0000000)
  eden space 128512K, 48% used [0x000000076b580000,0x000000076f1cb4e8,0x0000000773300000)
  from space 9216K, 0% used [0x0000000773f00000,0x0000000773f00000,0x0000000774800000)
  to   space 10752K, 0% used [0x0000000773300000,0x0000000773300000,0x0000000773d80000)
 ParOldGen       total 173568K, used 166122K [0x00000006c2000000, 0x00000006cc980000, 0x000000076b580000)
  object space 173568K, 95% used [0x00000006c2000000,0x00000006cc23aa30,0x00000006cc980000)
 Metaspace       used 13141K, capacity 13746K, committed 13824K, reserved 1060864K
  class space    used 1824K, capacity 1995K, committed 2048K, reserved 1048576K
}
Event: 2.991 GC heap before
{Heap before GC invocations=11 (full 7):
 PSYoungGen      total 137728K, used 125747K [0x000000076b580000, 0x0000000774800000, 0x00000007c0000000)
  eden space 128512K, 97% used [0x000000076b580000,0x000000077304ce80,0x0000000773300000)
  from space 9216K, 0% used [0x0000000773f00000,0x0000000773f00000,0x0000000774800000)
  to   space 10752K, 0% used [0x0000000773300000,0x0000000773300000,0x0000000773d80000)
 ParOldGen       total 173568K, used 166122K [0x00000006c2000000, 0x00000006cc980000, 0x000000076b580000)
  object space 173568K, 95% used [0x00000006c2000000,0x00000006cc23aa30,0x00000006cc980000)
 Metaspace       used 13141K, capacity 13746K, committed 13824K, reserved 1060864K
  class space    used 1824K, capacity 1995K, committed 2048K, reserved 1048576K
Event: 2.998 GC heap after
Heap after GC invocations=11 (full 7):
 PSYoungGen      total 137728K, used 58473K [0x000000076b580000, 0x0000000774800000, 0x00000007c0000000)
  eden space 128512K, 45% used [0x000000076b580000,0x000000076ee9a728,0x0000000773300000)
  from space 9216K, 0% used [0x0000000773f00000,0x0000000773f00000,0x0000000774800000)
  to   space 10752K, 0% used [0x0000000773300000,0x0000000773300000,0x0000000773d80000)
 ParOldGen       total 173568K, used 166122K [0x00000006c2000000, 0x00000006cc980000, 0x000000076b580000)
  object space 173568K, 95% used [0x00000006c2000000,0x00000006cc23aa30,0x00000006cc980000)
 Metaspace       used 13141K, capacity 13746K, committed 13824K, reserved 1060864K
  class space    used 1824K, capacity 1995K, committed 2048K, reserved 1048576K
}
Event: 3.125 GC heap before
{Heap before GC invocations=12 (full 8):
 PSYoungGen      total 137728K, used 127984K [0x000000076b580000, 0x0000000774800000, 0x00000007c0000000)
  eden space 128512K, 99% used [0x000000076b580000,0x000000077327c240,0x0000000773300000)
  from space 9216K, 0% used [0x0000000773f00000,0x0000000773f00000,0x0000000774800000)
  to   space 10752K, 0% used [0x0000000773300000,0x0000000773300000,0x0000000773d80000)
 ParOldGen       total 173568K, used 166122K [0x00000006c2000000, 0x00000006cc980000, 0x000000076b580000)
  object space 173568K, 95% used [0x00000006c2000000,0x00000006cc23aa30,0x00000006cc980000)
 Metaspace       used 13176K, capacity 13746K, committed 13824K, reserved 1060864K
  class space    used 1825K, capacity 1995K, committed 2048K, reserved 1048576K
Event: 3.146 GC heap after
Heap after GC invocations=12 (full 8):
 PSYoungGen      total 137728K, used 61821K [0x000000076b580000, 0x0000000774800000, 0x00000007c0000000)
  eden space 128512K, 48% used [0x000000076b580000,0x000000076f1df6e0,0x0000000773300000)
  from space 9216K, 0% used [0x0000000773f00000,0x0000000773f00000,0x0000000774800000)
  to   space 10752K, 0% used [0x0000000773300000,0x0000000773300000,0x0000000773d80000)
 ParOldGen       total 173568K, used 166119K [0x00000006c2000000, 0x00000006cc980000, 0x000000076b580000)
  object space 173568K, 95% used [0x00000006c2000000,0x00000006cc239cb0,0x00000006cc980000)
 Metaspace       used 13176K, capacity 13746K, committed 13824K, reserved 1060864K
  class space    used 1825K, capacity 1995K, committed 2048K, reserved 1048576K
}
Event: 3.183 GC heap before
{Heap before GC invocations=13 (full 9):
 PSYoungGen      total 137728K, used 125920K [0x000000076b580000, 0x0000000774800000, 0x00000007c0000000)
  eden space 128512K, 97% used [0x000000076b580000,0x0000000773078188,0x0000000773300000)
  from space 9216K, 0% used [0x0000000773f00000,0x0000000773f00000,0x0000000774800000)
  to   space 10752K, 0% used [0x0000000773300000,0x0000000773300000,0x0000000773d80000)
 ParOldGen       total 173568K, used 166119K [0x00000006c2000000, 0x00000006cc980000, 0x000000076b580000)
  object space 173568K, 95% used [0x00000006c2000000,0x00000006cc239cb0,0x00000006cc980000)
 Metaspace       used 13176K, capacity 13746K, committed 13824K, reserved 1060864K
  class space    used 1825K, capacity 1995K, committed 2048K, reserved 1048576K
Event: 3.191 GC heap after
Heap after GC invocations=13 (full 9):
 PSYoungGen      total 137728K, used 58572K [0x000000076b580000, 0x0000000774800000, 0x00000007c0000000)
  eden space 128512K, 45% used [0x000000076b580000,0x000000076eeb3058,0x0000000773300000)
  from space 9216K, 0% used [0x0000000773f00000,0x0000000773f00000,0x0000000774800000)
  to   space 10752K, 0% used [0x0000000773300000,0x0000000773300000,0x0000000773d80000)
 ParOldGen       total 173568K, used 166119K [0x00000006c2000000, 0x00000006cc980000, 0x000000076b580000)
  object space 173568K, 95% used [0x00000006c2000000,0x00000006cc239cb0,0x00000006cc980000)
 Metaspace       used 13176K, capacity 13746K, committed 13824K, reserved 1060864K
  class space    used 1825K, capacity 1995K, committed 2048K, reserved 1048576K
}

