# JRE version: Java(TM) SE Runtime Environment (8.0_261-b12) (build 1.8.0_261-b12)
# Java VM: Java HotSpot(TM) 64-Bit Server VM (25.261-b12 mixed mode windows-amd64 compressed oops)
Heap:
 PSYoungGen      total 243712K, used 212155K [0x000000076b580000, 0x000000077c780000, 0x00000007c0000000)
  eden space 227328K, 87% used [0x000000076b580000,0x000000077772d2f8,0x0000000779380000)
  from space 16384K, 84% used [0x000000077a780000,0x000000077b501bd0,0x000000077b780000)
  to   space 13824K, 0% used [0x000000077ba00000,0x000000077ba00000,0x000000077c780000)
 ParOldGen       total 414720K, used 251993K [0x00000006c2000000, 0x00000006db500000, 0x000000076b580000)
  object space 414720K, 60% used [0x00000006c2000000,0x00000006d16165b8,0x00000006db500000)
 Metaspace       used 13536K, capacity 14138K, committed 14336K, reserved 1060864K
  class space    used 1826K, capacity 1995K, committed 2048K, reserved 1048576K
GC Heap History (10 events):
Event: 2.561 GC heap before
{Heap before GC invocations=5 (full 1):
 PSYoungGen      total 75776K, used 46792K [0x000000076b580000, 0x0000000774980000, 0x00000007c0000000)
  eden space 65024K, 71% used [0x000000076b580000,0x000000076e3323c0,0x000000076f500000)
  from space 10752K, 0% used [0x000000076f500000,0x000000076f500000,0x000000076ff80000)
  to   space 10752K, 0% used [0x0000000773f00000,0x0000000773f00000,0x0000000774980000)
 ParOldGen       total 249856K, used 117459K [0x00000006c2000000, 0x00000006d1400000, 0x000000076b580000)
  object space 249856K, 47% used [0x00000006c2000000,0x00000006c92b4e50,0x00000006d1400000)
 Metaspace       used 13034K, capacity 13544K, committed 13824K, reserved 1060864K
  class space    used 1793K, capacity 1927K, committed 2048K, reserved 1048576K
Event: 2.572 GC heap after
Heap after GC invocations=5 (full 1):
 PSYoungGen      total 137728K, used 825K [0x000000076b580000, 0x0000000774800000, 0x00000007c0000000)
  eden space 128512K, 0% used [0x000000076b580000,0x000000076b580000,0x0000000773300000)
  from space 9216K, 8% used [0x0000000773f00000,0x0000000773fce440,0x0000000774800000)
  to   space 10752K, 0% used [0x0000000773300000,0x0000000773300000,0x0000000773d80000)
 ParOldGen       total 249856K, used 162459K [0x00000006c2000000, 0x00000006d1400000, 0x000000076b580000)
  object space 249856K, 65% used [0x00000006c2000000,0x00000006cbea6e70,0x00000006d1400000)
 Metaspace       used 13034K, capacity 13544K, committed 13824K, reserved 1060864K
  class space    used 1793K, capacity 1927K, committed 2048K, reserved 1048576K
}
Event: 2.893 GC heap before
{Heap before GC invocations=6 (full 1):
 PSYoungGen      total 137728K, used 122572K [0x000000076b580000, 0x0000000774800000, 0x00000007c0000000)
  eden space 128512K, 94% used [0x000000076b580000,0x0000000772c64cc0,0x0000000773300000)
  from space 9216K, 8% used [0x0000000773f00000,0x0000000773fce440,0x0000000774800000)
  to   space 10752K, 0% used [0x0000000773300000,0x0000000773300000,0x0000000773d80000)
 ParOldGen       total 249856K, used 162459K [0x00000006c2000000, 0x00000006d1400000, 0x000000076b580000)
  object space 249856K, 65% used [0x00000006c2000000,0x00000006cbea6e70,0x00000006d1400000)
 Metaspace       used 13124K, capacity 13674K, committed 13824K, reserved 1060864K
  class space    used 1816K, capacity 1993K, committed 2048K, reserved 1048576K
Event: 2.906 GC heap after
Heap after GC invocations=6 (full 1):
 PSYoungGen      total 139264K, used 3754K [0x000000076b580000, 0x000000077c780000, 0x00000007c0000000)
  eden space 128512K, 0% used [0x000000076b580000,0x000000076b580000,0x0000000773300000)
  from space 10752K, 34% used [0x0000000773300000,0x00000007736aa910,0x0000000773d80000)
  to   space 13824K, 0% used [0x000000077ba00000,0x000000077ba00000,0x000000077c780000)
 ParOldGen       total 249856K, used 243192K [0x00000006c2000000, 0x00000006d1400000, 0x000000076b580000)
  object space 249856K, 97% used [0x00000006c2000000,0x00000006d0d7e2b0,0x00000006d1400000)
 Metaspace       used 13124K, capacity 13674K, committed 13824K, reserved 1060864K
  class space    used 1816K, capacity 1993K, committed 2048K, reserved 1048576K
}
Event: 2.906 GC heap before
{Heap before GC invocations=7 (full 2):
 PSYoungGen      total 139264K, used 3754K [0x000000076b580000, 0x000000077c780000, 0x00000007c0000000)
  eden space 128512K, 0% used [0x000000076b580000,0x000000076b580000,0x0000000773300000)
  from space 10752K, 34% used [0x0000000773300000,0x00000007736aa910,0x0000000773d80000)
  to   space 13824K, 0% used [0x000000077ba00000,0x000000077ba00000,0x000000077c780000)
 ParOldGen       total 249856K, used 243192K [0x00000006c2000000, 0x00000006d1400000, 0x000000076b580000)
  object space 249856K, 97% used [0x00000006c2000000,0x00000006d0d7e2b0,0x00000006d1400000)
 Metaspace       used 13124K, capacity 13674K, committed 13824K, reserved 1060864K
  class space    used 1816K, capacity 1993K, committed 2048K, reserved 1048576K
Event: 2.933 GC heap after
Heap after GC invocations=7 (full 2):
 PSYoungGen      total 139264K, used 0K [0x000000076b580000, 0x000000077c780000, 0x00000007c0000000)
  eden space 128512K, 0% used [0x000000076b580000,0x000000076b580000,0x0000000773300000)
  from space 10752K, 0% used [0x0000000773300000,0x0000000773300000,0x0000000773d80000)
  to   space 13824K, 0% used [0x000000077ba00000,0x000000077ba00000,0x000000077c780000)
 ParOldGen       total 414720K, used 245364K [0x00000006c2000000, 0x00000006db500000, 0x000000076b580000)
  object space 414720K, 59% used [0x00000006c2000000,0x00000006d0f9d398,0x00000006db500000)
 Metaspace       used 13124K, capacity 13674K, committed 13824K, reserved 1060864K
  class space    used 1816K, capacity 1993K, committed 2048K, reserved 1048576K
}
Event: 3.219 GC heap before
{Heap before GC invocations=8 (full 2):
 PSYoungGen      total 139264K, used 120042K [0x000000076b580000, 0x000000077c780000, 0x00000007c0000000)
  eden space 128512K, 93% used [0x000000076b580000,0x0000000772aba820,0x0000000773300000)
  from space 10752K, 0% used [0x0000000773300000,0x0000000773300000,0x0000000773d80000)
  to   space 13824K, 0% used [0x000000077ba00000,0x000000077ba00000,0x000000077c780000)
 ParOldGen       total 414720K, used 245364K [0x00000006c2000000, 0x00000006db500000, 0x000000076b580000)
  object space 414720K, 59% used [0x00000006c2000000,0x00000006d0f9d398,0x00000006db500000)
 Metaspace       used 13321K, capacity 13882K, committed 14080K, reserved 1060864K
  class space    used 1823K, capacity 1995K, committed 2048K, reserved 1048576K
Event: 3.227 GC heap after
Heap after GC invocations=8 (full 2):
 PSYoungGen      total 241152K, used 13577K [0x000000076b580000, 0x000000077c780000, 0x00000007c0000000)
  eden space 227328K, 0% used [0x000000076b580000,0x000000076b580000,0x0000000779380000)
  from space 13824K, 98% used [0x000000077ba00000,0x000000077c742410,0x000000077c780000)
  to   space 16384K, 0% used [0x000000077a780000,0x000000077a780000,0x000000077b780000)
 ParOldGen       total 414720K, used 248679K [0x00000006c2000000, 0x00000006db500000, 0x000000076b580000)
  object space 414720K, 59% used [0x00000006c2000000,0x00000006d12d9ca8,0x00000006db500000)
 Metaspace       used 13321K, capacity 13882K, committed 14080K, reserved 1060864K
  class space    used 1823K, capacity 1995K, committed 2048K, reserved 1048576K
}
Event: 3.565 GC heap before
{Heap before GC invocations=9 (full 2):
 PSYoungGen      total 241152K, used 229923K [0x000000076b580000, 0x000000077c780000, 0x00000007c0000000)
  eden space 227328K, 95% used [0x000000076b580000,0x00000007788c6ba0,0x0000000779380000)
  from space 13824K, 98% used [0x000000077ba00000,0x000000077c742410,0x000000077c780000)
  to   space 16384K, 0% used [0x000000077a780000,0x000000077a780000,0x000000077b780000)
 ParOldGen       total 414720K, used 248679K [0x00000006c2000000, 0x00000006db500000, 0x000000076b580000)
  object space 414720K, 59% used [0x00000006c2000000,0x00000006d12d9ca8,0x00000006db500000)
 Metaspace       used 13503K, capacity 14074K, committed 14336K, reserved 1060864K
  class space    used 1826K, capacity 1995K, committed 2048K, reserved 1048576K
Event: 3.572 GC heap after
Heap after GC invocations=9 (full 2):
 PSYoungGen      total 243712K, used 13830K [0x000000076b580000, 0x000000077c780000, 0x00000007c0000000)
  eden space 227328K, 0% used [0x000000076b580000,0x000000076b580000,0x0000000779380000)
  from space 16384K, 84% used [0x000000077a780000,0x000000077b501bd0,0x000000077b780000)
  to   space 13824K, 0% used [0x000000077ba00000,0x000000077ba00000,0x000000077c780000)
 ParOldGen       total 414720K, used 251993K [0x00000006c2000000, 0x00000006db500000, 0x000000076b580000)
  object space 414720K, 60% used [0x00000006c2000000,0x00000006d16165b8,0x00000006db500000)
 Metaspace       used 13503K, capacity 14074K, committed 14336K, reserved 1060864K
  class space    used 1826K, capacity 1995K, committed 2048K, reserved 1048576K
}

