# JRE version: Java(TM) SE Runtime Environment (8.0_261-b12) (build 1.8.0_261-b12)
# Java VM: Java HotSpot(TM) 64-Bit Server VM (25.261-b12 mixed mode windows-amd64 compressed oops)
Heap:
 PSYoungGen      total 389120K, used 201677K [0x000000076b580000, 0x0000000789a00000, 0x00000007c0000000)
  eden space 372736K, 50% used [0x000000076b580000,0x0000000776c81ae0,0x0000000782180000)
  from space 16384K, 87% used [0x0000000782180000,0x0000000782f71bd0,0x0000000783180000)
  to   space 18432K, 0% used [0x0000000788800000,0x0000000788800000,0x0000000789a00000)
 ParOldGen       total 407040K, used 249702K [0x00000006c2000000, 0x00000006dad80000, 0x000000076b580000)
  object space 407040K, 61% used [0x00000006c2000000,0x00000006d13d9808,0x00000006dad80000)
 Metaspace       used 13587K, capacity 14140K, committed 14336K, reserved 1060864K
  class space    used 1836K, capacity 1996K, committed 2048K, reserved 1048576K
GC Heap History (10 events):
Event: 2.025 GC heap before
{Heap before GC invocations=8 (full 2):
 PSYoungGen      total 140800K, used 116154K [0x000000076b580000, 0x000000077b780000, 0x00000007c0000000)
  eden space 130048K, 89% used [0x000000076b580000,0x00000007726eeb58,0x0000000773480000)
  from space 10752K, 0% used [0x0000000773480000,0x0000000773480000,0x0000000773f00000)
  to   space 11776K, 0% used [0x000000077ac00000,0x000000077ac00000,0x000000077b780000)
 ParOldGen       total 247808K, used 72414K [0x00000006c2000000, 0x00000006d1200000, 0x000000076b580000)
  object space 247808K, 29% used [0x00000006c2000000,0x00000006c66b7b30,0x00000006d1200000)
 Metaspace       used 12865K, capacity 13408K, committed 13568K, reserved 1060864K
  class space    used 1785K, capacity 1924K, committed 2048K, reserved 1048576K
Event: 2.037 GC heap after
Heap after GC invocations=8 (full 2):
 PSYoungGen      total 250880K, used 922K [0x000000076b580000, 0x000000077c000000, 0x00000007c0000000)
  eden space 239104K, 0% used [0x000000076b580000,0x000000076b580000,0x0000000779f00000)
  from space 11776K, 7% used [0x000000077ac00000,0x000000077ace6ae0,0x000000077b780000)
  to   space 13312K, 0% used [0x0000000779f00000,0x0000000779f00000,0x000000077ac00000)
 ParOldGen       total 247808K, used 184914K [0x00000006c2000000, 0x00000006d1200000, 0x000000076b580000)
  object space 247808K, 74% used [0x00000006c2000000,0x00000006cd494b80,0x00000006d1200000)
 Metaspace       used 12865K, capacity 13408K, committed 13568K, reserved 1060864K
  class space    used 1785K, capacity 1924K, committed 2048K, reserved 1048576K
}
Event: 2.038 GC heap before
{Heap before GC invocations=9 (full 3):
 PSYoungGen      total 250880K, used 922K [0x000000076b580000, 0x000000077c000000, 0x00000007c0000000)
  eden space 239104K, 0% used [0x000000076b580000,0x000000076b580000,0x0000000779f00000)
  from space 11776K, 7% used [0x000000077ac00000,0x000000077ace6ae0,0x000000077b780000)
  to   space 13312K, 0% used [0x0000000779f00000,0x0000000779f00000,0x000000077ac00000)
 ParOldGen       total 247808K, used 184914K [0x00000006c2000000, 0x00000006d1200000, 0x000000076b580000)
  object space 247808K, 74% used [0x00000006c2000000,0x00000006cd494b80,0x00000006d1200000)
 Metaspace       used 12865K, capacity 13408K, committed 13568K, reserved 1060864K
  class space    used 1785K, capacity 1924K, committed 2048K, reserved 1048576K
Event: 2.070 GC heap after
Heap after GC invocations=9 (full 3):
 PSYoungGen      total 250880K, used 0K [0x000000076b580000, 0x000000077c000000, 0x00000007c0000000)
  eden space 239104K, 0% used [0x000000076b580000,0x000000076b580000,0x0000000779f00000)
  from space 11776K, 0% used [0x000000077ac00000,0x000000077ac00000,0x000000077b780000)
  to   space 13312K, 0% used [0x0000000779f00000,0x0000000779f00000,0x000000077ac00000)
 ParOldGen       total 407040K, used 184840K [0x00000006c2000000, 0x00000006dad80000, 0x000000076b580000)
  object space 407040K, 45% used [0x00000006c2000000,0x00000006cd4821b8,0x00000006dad80000)
 Metaspace       used 12865K, capacity 13408K, committed 13568K, reserved 1060864K
  class space    used 1785K, capacity 1924K, committed 2048K, reserved 1048576K
}
Event: 2.765 GC heap before
{Heap before GC invocations=10 (full 3):
 PSYoungGen      total 250880K, used 237942K [0x000000076b580000, 0x000000077c000000, 0x00000007c0000000)
  eden space 239104K, 99% used [0x000000076b580000,0x0000000779ddda78,0x0000000779f00000)
  from space 11776K, 0% used [0x000000077ac00000,0x000000077ac00000,0x000000077b780000)
  to   space 13312K, 0% used [0x0000000779f00000,0x0000000779f00000,0x000000077ac00000)
 ParOldGen       total 407040K, used 184840K [0x00000006c2000000, 0x00000006dad80000, 0x000000076b580000)
  object space 407040K, 45% used [0x00000006c2000000,0x00000006cd4821b8,0x00000006dad80000)
 Metaspace       used 13354K, capacity 13878K, committed 14080K, reserved 1060864K
  class space    used 1835K, capacity 1995K, committed 2048K, reserved 1048576K
Event: 2.772 GC heap after
Heap after GC invocations=10 (full 3):
 PSYoungGen      total 252416K, used 640K [0x000000076b580000, 0x0000000784200000, 0x00000007c0000000)
  eden space 239104K, 0% used [0x000000076b580000,0x000000076b580000,0x0000000779f00000)
  from space 13312K, 4% used [0x0000000779f00000,0x0000000779fa0000,0x000000077ac00000)
  to   space 14848K, 0% used [0x0000000783380000,0x0000000783380000,0x0000000784200000)
 ParOldGen       total 407040K, used 243073K [0x00000006c2000000, 0x00000006dad80000, 0x000000076b580000)
  object space 407040K, 59% used [0x00000006c2000000,0x00000006d0d605e8,0x00000006dad80000)
 Metaspace       used 13354K, capacity 13878K, committed 14080K, reserved 1060864K
  class space    used 1835K, capacity 1995K, committed 2048K, reserved 1048576K
}
Event: 3.057 GC heap before
{Heap before GC invocations=11 (full 3):
 PSYoungGen      total 252416K, used 237839K [0x000000076b580000, 0x0000000784200000, 0x00000007c0000000)
  eden space 239104K, 99% used [0x000000076b580000,0x0000000779d23f38,0x0000000779f00000)
  from space 13312K, 4% used [0x0000000779f00000,0x0000000779fa0000,0x000000077ac00000)
  to   space 14848K, 0% used [0x0000000783380000,0x0000000783380000,0x0000000784200000)
 ParOldGen       total 407040K, used 243073K [0x00000006c2000000, 0x00000006dad80000, 0x000000076b580000)
  object space 407040K, 59% used [0x00000006c2000000,0x00000006d0d605e8,0x00000006dad80000)
 Metaspace       used 13382K, capacity 13942K, committed 14080K, reserved 1060864K
  class space    used 1835K, capacity 1995K, committed 2048K, reserved 1048576K
Event: 3.064 GC heap after
Heap after GC invocations=11 (full 3):
 PSYoungGen      total 375808K, used 13929K [0x000000076b580000, 0x0000000784180000, 0x00000007c0000000)
  eden space 361472K, 0% used [0x000000076b580000,0x000000076b580000,0x0000000781680000)
  from space 14336K, 97% used [0x0000000783380000,0x000000078411a410,0x0000000784180000)
  to   space 16384K, 0% used [0x0000000782180000,0x0000000782180000,0x0000000783180000)
 ParOldGen       total 407040K, used 246387K [0x00000006c2000000, 0x00000006dad80000, 0x000000076b580000)
  object space 407040K, 60% used [0x00000006c2000000,0x00000006d109cef8,0x00000006dad80000)
 Metaspace       used 13382K, capacity 13942K, committed 14080K, reserved 1060864K
  class space    used 1835K, capacity 1995K, committed 2048K, reserved 1048576K
}
Event: 3.517 GC heap before
{Heap before GC invocations=12 (full 3):
 PSYoungGen      total 375808K, used 363153K [0x000000076b580000, 0x0000000784180000, 0x00000007c0000000)
  eden space 361472K, 96% used [0x000000076b580000,0x0000000780a8a018,0x0000000781680000)
  from space 14336K, 97% used [0x0000000783380000,0x000000078411a410,0x0000000784180000)
  to   space 16384K, 0% used [0x0000000782180000,0x0000000782180000,0x0000000783180000)
 ParOldGen       total 407040K, used 246387K [0x00000006c2000000, 0x00000006dad80000, 0x000000076b580000)
  object space 407040K, 60% used [0x00000006c2000000,0x00000006d109cef8,0x00000006dad80000)
 Metaspace       used 13484K, capacity 14070K, committed 14336K, reserved 1060864K
  class space    used 1835K, capacity 1995K, committed 2048K, reserved 1048576K
Event: 3.524 GC heap after
Heap after GC invocations=12 (full 3):
 PSYoungGen      total 389120K, used 14278K [0x000000076b580000, 0x0000000789a00000, 0x00000007c0000000)
  eden space 372736K, 0% used [0x000000076b580000,0x000000076b580000,0x0000000782180000)
  from space 16384K, 87% used [0x0000000782180000,0x0000000782f71bd0,0x0000000783180000)
  to   space 18432K, 0% used [0x0000000788800000,0x0000000788800000,0x0000000789a00000)
 ParOldGen       total 407040K, used 249702K [0x00000006c2000000, 0x00000006dad80000, 0x000000076b580000)
  object space 407040K, 61% used [0x00000006c2000000,0x00000006d13d9808,0x00000006dad80000)
 Metaspace       used 13484K, capacity 14070K, committed 14336K, reserved 1060864K
  class space    used 1835K, capacity 1995K, committed 2048K, reserved 1048576K
}

