# JRE version: Java(TM) SE Runtime Environment (8.0_261-b12) (build 1.8.0_261-b12)
# Java VM: Java HotSpot(TM) 64-Bit Server VM (25.261-b12 mixed mode windows-amd64 compressed oops)
Heap:
 PSYoungGen      total 139264K, used 87810K [0x000000076b580000, 0x0000000774800000, 0x00000007c0000000)
  eden space 128512K, 68% used [0x000000076b580000,0x0000000770b40b78,0x0000000773300000)
  from space 10752K, 0% used [0x0000000773300000,0x0000000773300000,0x0000000773d80000)
  to   space 9216K, 0% used [0x0000000773f00000,0x0000000773f00000,0x0000000774800000)
 ParOldGen       total 249856K, used 227968K [0x00000006c2000000, 0x00000006d1400000, 0x000000076b580000)
  object space 249856K, 91% used [0x00000006c2000000,0x00000006cfea01b0,0x00000006d1400000)
 Metaspace       used 13417K, capacity 14010K, committed 14080K, reserved 1060864K
  class space    used 1826K, capacity 1995K, committed 2048K, reserved 1048576K
GC Heap History (10 events):
Event: 3.208 GC heap before
{Heap before GC invocations=5 (full 1):
 PSYoungGen      total 75776K, used 46793K [0x000000076b580000, 0x0000000774980000, 0x00000007c0000000)
  eden space 65024K, 71% used [0x000000076b580000,0x000000076e332420,0x000000076f500000)
  from space 10752K, 0% used [0x000000076f500000,0x000000076f500000,0x000000076ff80000)
  to   space 10752K, 0% used [0x0000000773f00000,0x0000000773f00000,0x0000000774980000)
 ParOldGen       total 249856K, used 117460K [0x00000006c2000000, 0x00000006d1400000, 0x000000076b580000)
  object space 249856K, 47% used [0x00000006c2000000,0x00000006c92b5178,0x00000006d1400000)
 Metaspace       used 13035K, capacity 13544K, committed 13824K, reserved 1060864K
  class space    used 1793K, capacity 1927K, committed 2048K, reserved 1048576K
Event: 3.230 GC heap after
Heap after GC invocations=5 (full 1):
 PSYoungGen      total 137728K, used 793K [0x000000076b580000, 0x0000000774800000, 0x00000007c0000000)
  eden space 128512K, 0% used [0x000000076b580000,0x000000076b580000,0x0000000773300000)
  from space 9216K, 8% used [0x0000000773f00000,0x0000000773fc6440,0x0000000774800000)
  to   space 10752K, 0% used [0x0000000773300000,0x0000000773300000,0x0000000773d80000)
 ParOldGen       total 249856K, used 162460K [0x00000006c2000000, 0x00000006d1400000, 0x000000076b580000)
  object space 249856K, 65% used [0x00000006c2000000,0x00000006cbea7198,0x00000006d1400000)
 Metaspace       used 13035K, capacity 13544K, committed 13824K, reserved 1060864K
  class space    used 1793K, capacity 1927K, committed 2048K, reserved 1048576K
}
Event: 3.659 GC heap before
{Heap before GC invocations=6 (full 1):
 PSYoungGen      total 137728K, used 122540K [0x000000076b580000, 0x0000000774800000, 0x00000007c0000000)
  eden space 128512K, 94% used [0x000000076b580000,0x0000000772c64ea0,0x0000000773300000)
  from space 9216K, 8% used [0x0000000773f00000,0x0000000773fc6440,0x0000000774800000)
  to   space 10752K, 0% used [0x0000000773300000,0x0000000773300000,0x0000000773d80000)
 ParOldGen       total 249856K, used 162460K [0x00000006c2000000, 0x00000006d1400000, 0x000000076b580000)
  object space 249856K, 65% used [0x00000006c2000000,0x00000006cbea7198,0x00000006d1400000)
 Metaspace       used 13128K, capacity 13674K, committed 13824K, reserved 1060864K
  class space    used 1816K, capacity 1993K, committed 2048K, reserved 1048576K
Event: 3.692 GC heap after
Heap after GC invocations=6 (full 1):
 PSYoungGen      total 139264K, used 3754K [0x000000076b580000, 0x0000000774800000, 0x00000007c0000000)
  eden space 128512K, 0% used [0x000000076b580000,0x000000076b580000,0x0000000773300000)
  from space 10752K, 34% used [0x0000000773300000,0x00000007736aa910,0x0000000773d80000)
  to   space 9216K, 0% used [0x0000000773f00000,0x0000000773f00000,0x0000000774800000)
 ParOldGen       total 249856K, used 243193K [0x00000006c2000000, 0x00000006d1400000, 0x000000076b580000)
  object space 249856K, 97% used [0x00000006c2000000,0x00000006d0d7e5d8,0x00000006d1400000)
 Metaspace       used 13128K, capacity 13674K, committed 13824K, reserved 1060864K
  class space    used 1816K, capacity 1993K, committed 2048K, reserved 1048576K
}
Event: 3.692 GC heap before
{Heap before GC invocations=7 (full 2):
 PSYoungGen      total 139264K, used 3754K [0x000000076b580000, 0x0000000774800000, 0x00000007c0000000)
  eden space 128512K, 0% used [0x000000076b580000,0x000000076b580000,0x0000000773300000)
  from space 10752K, 34% used [0x0000000773300000,0x00000007736aa910,0x0000000773d80000)
  to   space 9216K, 0% used [0x0000000773f00000,0x0000000773f00000,0x0000000774800000)
 ParOldGen       total 249856K, used 243193K [0x00000006c2000000, 0x00000006d1400000, 0x000000076b580000)
  object space 249856K, 97% used [0x00000006c2000000,0x00000006d0d7e5d8,0x00000006d1400000)
 Metaspace       used 13128K, capacity 13674K, committed 13824K, reserved 1060864K
  class space    used 1816K, capacity 1993K, committed 2048K, reserved 1048576K
Event: 3.731 GC heap after
Heap after GC invocations=7 (full 2):
 PSYoungGen      total 139264K, used 0K [0x000000076b580000, 0x0000000774800000, 0x00000007c0000000)
  eden space 128512K, 0% used [0x000000076b580000,0x000000076b580000,0x0000000773300000)
  from space 10752K, 0% used [0x0000000773300000,0x0000000773300000,0x0000000773d80000)
  to   space 9216K, 0% used [0x0000000773f00000,0x0000000773f00000,0x0000000774800000)
 ParOldGen       total 249856K, used 245365K [0x00000006c2000000, 0x00000006d1400000, 0x000000076b580000)
  object space 249856K, 98% used [0x00000006c2000000,0x00000006d0f9d6c0,0x00000006d1400000)
 Metaspace       used 13128K, capacity 13674K, committed 13824K, reserved 1060864K
  class space    used 1816K, capacity 1993K, committed 2048K, reserved 1048576K
}
Event: 3.927 GC heap before
{Heap before GC invocations=8 (full 3):
 PSYoungGen      total 139264K, used 117605K [0x000000076b580000, 0x0000000774800000, 0x00000007c0000000)
  eden space 128512K, 91% used [0x000000076b580000,0x0000000772859450,0x0000000773300000)
  from space 10752K, 0% used [0x0000000773300000,0x0000000773300000,0x0000000773d80000)
  to   space 9216K, 0% used [0x0000000773f00000,0x0000000773f00000,0x0000000774800000)
 ParOldGen       total 249856K, used 245365K [0x00000006c2000000, 0x00000006d1400000, 0x000000076b580000)
  object space 249856K, 98% used [0x00000006c2000000,0x00000006d0f9d6c0,0x00000006d1400000)
 Metaspace       used 13223K, capacity 13810K, committed 14080K, reserved 1060864K
  class space    used 1824K, capacity 1995K, committed 2048K, reserved 1048576K
Event: 3.961 GC heap after
Heap after GC invocations=8 (full 3):
 PSYoungGen      total 139264K, used 0K [0x000000076b580000, 0x0000000774800000, 0x00000007c0000000)
  eden space 128512K, 0% used [0x000000076b580000,0x000000076b580000,0x0000000773300000)
  from space 10752K, 0% used [0x0000000773300000,0x0000000773300000,0x0000000773d80000)
  to   space 9216K, 0% used [0x0000000773f00000,0x0000000773f00000,0x0000000774800000)
 ParOldGen       total 249856K, used 227903K [0x00000006c2000000, 0x00000006d1400000, 0x000000076b580000)
  object space 249856K, 91% used [0x00000006c2000000,0x00000006cfe8fe90,0x00000006d1400000)
 Metaspace       used 13223K, capacity 13810K, committed 14080K, reserved 1060864K
  class space    used 1824K, capacity 1995K, committed 2048K, reserved 1048576K
}
Event: 4.097 GC heap before
{Heap before GC invocations=9 (full 4):
 PSYoungGen      total 139264K, used 115817K [0x000000076b580000, 0x0000000774800000, 0x00000007c0000000)
  eden space 128512K, 90% used [0x000000076b580000,0x000000077269a650,0x0000000773300000)
  from space 10752K, 0% used [0x0000000773300000,0x0000000773300000,0x0000000773d80000)
  to   space 9216K, 0% used [0x0000000773f00000,0x0000000773f00000,0x0000000774800000)
 ParOldGen       total 249856K, used 227903K [0x00000006c2000000, 0x00000006d1400000, 0x000000076b580000)
  object space 249856K, 91% used [0x00000006c2000000,0x00000006cfe8fe90,0x00000006d1400000)
 Metaspace       used 13262K, capacity 13810K, committed 14080K, reserved 1060864K
  class space    used 1826K, capacity 1995K, committed 2048K, reserved 1048576K
Event: 4.109 GC heap after
Heap after GC invocations=9 (full 4):
 PSYoungGen      total 139264K, used 0K [0x000000076b580000, 0x0000000774800000, 0x00000007c0000000)
  eden space 128512K, 0% used [0x000000076b580000,0x000000076b580000,0x0000000773300000)
  from space 10752K, 0% used [0x0000000773300000,0x0000000773300000,0x0000000773d80000)
  to   space 9216K, 0% used [0x0000000773f00000,0x0000000773f00000,0x0000000774800000)
 ParOldGen       total 249856K, used 227968K [0x00000006c2000000, 0x00000006d1400000, 0x000000076b580000)
  object space 249856K, 91% used [0x00000006c2000000,0x00000006cfea01b0,0x00000006d1400000)
 Metaspace       used 13262K, capacity 13810K, committed 14080K, reserved 1060864K
  class space    used 1826K, capacity 1995K, committed 2048K, reserved 1048576K
}

