# JRE version: Java(TM) SE Runtime Environment (8.0_261-b12) (build 1.8.0_261-b12)
# Java VM: Java HotSpot(TM) 64-Bit Server VM (25.261-b12 mixed mode windows-amd64 compressed oops)
Heap:
 PSYoungGen      total 140800K, used 87901K [0x000000076b580000, 0x000000077c300000, 0x00000007c0000000)
  eden space 130048K, 67% used [0x000000076b580000,0x0000000770b57500,0x0000000773480000)
  from space 10752K, 0% used [0x0000000773480000,0x0000000773480000,0x0000000773f00000)
  to   space 13312K, 0% used [0x000000077b600000,0x000000077b600000,0x000000077c300000)
 ParOldGen       total 373760K, used 373287K [0x00000006c2000000, 0x00000006d8d00000, 0x000000076b580000)
  object space 373760K, 99% used [0x00000006c2000000,0x00000006d8c89d58,0x00000006d8d00000)
 Metaspace       used 12937K, capacity 13484K, committed 13824K, reserved 1060864K
  class space    used 1788K, capacity 1956K, committed 2048K, reserved 1048576K
GC Heap History (10 events):
Event: 0.934 GC heap before
{Heap before GC invocations=5 (full 1):
 PSYoungGen      total 140800K, used 10473K [0x000000076b580000, 0x0000000774980000, 0x00000007c0000000)
  eden space 130048K, 0% used [0x000000076b580000,0x000000076b580000,0x0000000773480000)
  from space 10752K, 97% used [0x0000000773f00000,0x000000077493a750,0x0000000774980000)
  to   space 10752K, 0% used [0x0000000773480000,0x0000000773480000,0x0000000773f00000)
 ParOldGen       total 173568K, used 147516K [0x00000006c2000000, 0x00000006cc980000, 0x000000076b580000)
  object space 173568K, 84% used [0x00000006c2000000,0x00000006cb00f0b0,0x00000006cc980000)
 Metaspace       used 7862K, capacity 8262K, committed 8320K, reserved 1056768K
  class space    used 1020K, capacity 1136K, committed 1152K, reserved 1048576K
Event: 0.957 GC heap after
Heap after GC invocations=5 (full 1):
 PSYoungGen      total 140800K, used 0K [0x000000076b580000, 0x0000000774980000, 0x00000007c0000000)
  eden space 130048K, 0% used [0x000000076b580000,0x000000076b580000,0x0000000773480000)
  from space 10752K, 0% used [0x0000000773f00000,0x0000000773f00000,0x0000000774980000)
  to   space 10752K, 0% used [0x0000000773480000,0x0000000773480000,0x0000000773f00000)
 ParOldGen       total 290816K, used 157812K [0x00000006c2000000, 0x00000006d3c00000, 0x000000076b580000)
  object space 290816K, 54% used [0x00000006c2000000,0x00000006cba1d2a8,0x00000006d3c00000)
 Metaspace       used 7862K, capacity 8262K, committed 8320K, reserved 1056768K
  class space    used 1020K, capacity 1136K, committed 1152K, reserved 1048576K
}
Event: 1.452 GC heap before
{Heap before GC invocations=6 (full 1):
 PSYoungGen      total 140800K, used 125040K [0x000000076b580000, 0x0000000774980000, 0x00000007c0000000)
  eden space 130048K, 96% used [0x000000076b580000,0x0000000772f9c118,0x0000000773480000)
  from space 10752K, 0% used [0x0000000773f00000,0x0000000773f00000,0x0000000774980000)
  to   space 10752K, 0% used [0x0000000773480000,0x0000000773480000,0x0000000773f00000)
 ParOldGen       total 290816K, used 157812K [0x00000006c2000000, 0x00000006d3c00000, 0x000000076b580000)
  object space 290816K, 54% used [0x00000006c2000000,0x00000006cba1d2a8,0x00000006d3c00000)
 Metaspace       used 10593K, capacity 11010K, committed 11392K, reserved 1058816K
  class space    used 1463K, capacity 1571K, committed 1664K, reserved 1048576K
Event: 1.467 GC heap after
Heap after GC invocations=6 (full 1):
 PSYoungGen      total 140800K, used 2506K [0x000000076b580000, 0x000000077c300000, 0x00000007c0000000)
  eden space 130048K, 0% used [0x000000076b580000,0x000000076b580000,0x0000000773480000)
  from space 10752K, 23% used [0x0000000773480000,0x00000007736f28d0,0x0000000773f00000)
  to   space 13312K, 0% used [0x000000077b600000,0x000000077b600000,0x000000077c300000)
 ParOldGen       total 290816K, used 270320K [0x00000006c2000000, 0x00000006d3c00000, 0x000000076b580000)
  object space 290816K, 92% used [0x00000006c2000000,0x00000006d27fc2f8,0x00000006d3c00000)
 Metaspace       used 10593K, capacity 11010K, committed 11392K, reserved 1058816K
  class space    used 1463K, capacity 1571K, committed 1664K, reserved 1048576K
}
Event: 1.467 GC heap before
{Heap before GC invocations=7 (full 2):
 PSYoungGen      total 140800K, used 2506K [0x000000076b580000, 0x000000077c300000, 0x00000007c0000000)
  eden space 130048K, 0% used [0x000000076b580000,0x000000076b580000,0x0000000773480000)
  from space 10752K, 23% used [0x0000000773480000,0x00000007736f28d0,0x0000000773f00000)
  to   space 13312K, 0% used [0x000000077b600000,0x000000077b600000,0x000000077c300000)
 ParOldGen       total 290816K, used 270320K [0x00000006c2000000, 0x00000006d3c00000, 0x000000076b580000)
  object space 290816K, 92% used [0x00000006c2000000,0x00000006d27fc2f8,0x00000006d3c00000)
 Metaspace       used 10593K, capacity 11010K, committed 11392K, reserved 1058816K
  class space    used 1463K, capacity 1571K, committed 1664K, reserved 1048576K
Event: 1.493 GC heap after
Heap after GC invocations=7 (full 2):
 PSYoungGen      total 140800K, used 0K [0x000000076b580000, 0x000000077c300000, 0x00000007c0000000)
  eden space 130048K, 0% used [0x000000076b580000,0x000000076b580000,0x0000000773480000)
  from space 10752K, 0% used [0x0000000773480000,0x0000000773480000,0x0000000773f00000)
  to   space 13312K, 0% used [0x000000077b600000,0x000000077b600000,0x000000077c300000)
 ParOldGen       total 290816K, used 271356K [0x00000006c2000000, 0x00000006d3c00000, 0x000000076b580000)
  object space 290816K, 93% used [0x00000006c2000000,0x00000006d28ff0f8,0x00000006d3c00000)
 Metaspace       used 10593K, capacity 11010K, committed 11392K, reserved 1058816K
  class space    used 1463K, capacity 1571K, committed 1664K, reserved 1048576K
}
Event: 1.528 GC heap before
{Heap before GC invocations=8 (full 3):
 PSYoungGen      total 140800K, used 116194K [0x000000076b580000, 0x000000077c300000, 0x00000007c0000000)
  eden space 130048K, 89% used [0x000000076b580000,0x00000007726f89b8,0x0000000773480000)
  from space 10752K, 0% used [0x0000000773480000,0x0000000773480000,0x0000000773f00000)
  to   space 13312K, 0% used [0x000000077b600000,0x000000077b600000,0x000000077c300000)
 ParOldGen       total 290816K, used 271356K [0x00000006c2000000, 0x00000006d3c00000, 0x000000076b580000)
  object space 290816K, 93% used [0x00000006c2000000,0x00000006d28ff0f8,0x00000006d3c00000)
 Metaspace       used 10593K, capacity 11010K, committed 11392K, reserved 1058816K
  class space    used 1463K, capacity 1571K, committed 1664K, reserved 1048576K
Event: 1.575 GC heap after
Heap after GC invocations=8 (full 3):
 PSYoungGen      total 140800K, used 113168K [0x000000076b580000, 0x000000077c300000, 0x00000007c0000000)
  eden space 130048K, 87% used [0x000000076b580000,0x00000007724042e8,0x0000000773480000)
  from space 10752K, 0% used [0x0000000773480000,0x0000000773480000,0x0000000773f00000)
  to   space 13312K, 0% used [0x000000077b600000,0x000000077b600000,0x000000077c300000)
 ParOldGen       total 290816K, used 270646K [0x00000006c2000000, 0x00000006d3c00000, 0x000000076b580000)
  object space 290816K, 93% used [0x00000006c2000000,0x00000006d284da68,0x00000006d3c00000)
 Metaspace       used 10593K, capacity 11010K, committed 11392K, reserved 1058816K
  class space    used 1463K, capacity 1571K, committed 1664K, reserved 1048576K
}
Event: 1.946 GC heap before
{Heap before GC invocations=9 (full 4):
 PSYoungGen      total 140800K, used 130048K [0x000000076b580000, 0x000000077c300000, 0x00000007c0000000)
  eden space 130048K, 100% used [0x000000076b580000,0x0000000773480000,0x0000000773480000)
  from space 10752K, 0% used [0x0000000773480000,0x0000000773480000,0x0000000773f00000)
  to   space 13312K, 0% used [0x000000077b600000,0x000000077b600000,0x000000077c300000)
 ParOldGen       total 373760K, used 373634K [0x00000006c2000000, 0x00000006d8d00000, 0x000000076b580000)
  object space 373760K, 99% used [0x00000006c2000000,0x00000006d8ce0840,0x00000006d8d00000)
 Metaspace       used 10631K, capacity 11014K, committed 11392K, reserved 1058816K
  class space    used 1468K, capacity 1575K, committed 1664K, reserved 1048576K
Event: 1.983 GC heap after
Heap after GC invocations=9 (full 4):
 PSYoungGen      total 140800K, used 45117K [0x000000076b580000, 0x000000077c300000, 0x00000007c0000000)
  eden space 130048K, 34% used [0x000000076b580000,0x000000076e18f550,0x0000000773480000)
  from space 10752K, 0% used [0x0000000773480000,0x0000000773480000,0x0000000773f00000)
  to   space 13312K, 0% used [0x000000077b600000,0x000000077b600000,0x000000077c300000)
 ParOldGen       total 373760K, used 373287K [0x00000006c2000000, 0x00000006d8d00000, 0x000000076b580000)
  object space 373760K, 99% used [0x00000006c2000000,0x00000006d8c89d58,0x00000006d8d00000)
 Metaspace       used 10631K, capacity 11014K, committed 11392K, reserved 1058816K
  class space    used 1468K, capacity 1575K, committed 1664K, reserved 1048576K
}

