# JRE version: Java(TM) SE Runtime Environment (8.0_261-b12) (build 1.8.0_261-b12)
# Java VM: Java HotSpot(TM) 64-Bit Server VM (25.261-b12 mixed mode windows-amd64 compressed oops)
Heap:
 PSYoungGen      total 1246208K, used 751052K [0x000000076b580000, 0x00000007bdb80000, 0x00000007c0000000)
  eden space 1185280K, 63% used [0x000000076b580000,0x00000007992f33d8,0x00000007b3b00000)
  from space 60928K, 0% used [0x00000007b7f80000,0x00000007b7f80000,0x00000007bbb00000)
  to   space 70144K, 0% used [0x00000007b3b00000,0x00000007b3b00000,0x00000007b7f80000)
 ParOldGen       total 656384K, used 381408K [0x00000006c2000000, 0x00000006ea100000, 0x000000076b580000)
  object space 656384K, 58% used [0x00000006c2000000,0x00000006d9478140,0x00000006ea100000)
 Metaspace       used 14450K, capacity 15032K, committed 15104K, reserved 1062912K
  class space    used 1837K, capacity 2002K, committed 2048K, reserved 1048576K
GC Heap History (10 events):
Event: 51.423 GC heap before
{Heap before GC invocations=26 (full 3):
 PSYoungGen      total 1159680K, used 39607K [0x000000076b580000, 0x00000007b7e00000, 0x00000007c0000000)
  eden space 1118208K, 0% used [0x000000076b580000,0x000000076b580000,0x00000007af980000)
  from space 41472K, 95% used [0x00000007af980000,0x00000007b202dcb0,0x00000007b2200000)
  to   space 47104K, 0% used [0x00000007b5000000,0x00000007b5000000,0x00000007b7e00000)
 ParOldGen       total 422912K, used 370308K [0x00000006c2000000, 0x00000006dbd00000, 0x000000076b580000)
  object space 422912K, 87% used [0x00000006c2000000,0x00000006d89a10d8,0x00000006dbd00000)
 Metaspace       used 14432K, capacity 15032K, committed 15104K, reserved 1062912K
  class space    used 1837K, capacity 2002K, committed 2048K, reserved 1048576K
Event: 51.458 GC heap after
Heap after GC invocations=26 (full 3):
 PSYoungGen      total 1159680K, used 0K [0x000000076b580000, 0x00000007b7e00000, 0x00000007c0000000)
  eden space 1118208K, 0% used [0x000000076b580000,0x000000076b580000,0x00000007af980000)
  from space 41472K, 0% used [0x00000007af980000,0x00000007af980000,0x00000007b2200000)
  to   space 47104K, 0% used [0x00000007b5000000,0x00000007b5000000,0x00000007b7e00000)
 ParOldGen       total 435200K, used 257999K [0x00000006c2000000, 0x00000006dc900000, 0x000000076b580000)
  object space 435200K, 59% used [0x00000006c2000000,0x00000006d1bf3c48,0x00000006dc900000)
 Metaspace       used 14432K, capacity 15032K, committed 15104K, reserved 1062912K
  class space    used 1837K, capacity 2002K, committed 2048K, reserved 1048576K
}
Event: 54.341 GC heap before
{Heap before GC invocations=27 (full 3):
 PSYoungGen      total 1159680K, used 1110868K [0x000000076b580000, 0x00000007b7e00000, 0x00000007c0000000)
  eden space 1118208K, 99% used [0x000000076b580000,0x00000007af2550c0,0x00000007af980000)
  from space 41472K, 0% used [0x00000007af980000,0x00000007af980000,0x00000007b2200000)
  to   space 47104K, 0% used [0x00000007b5000000,0x00000007b5000000,0x00000007b7e00000)
 ParOldGen       total 435200K, used 257999K [0x00000006c2000000, 0x00000006dc900000, 0x000000076b580000)
  object space 435200K, 59% used [0x00000006c2000000,0x00000006d1bf3c48,0x00000006dc900000)
 Metaspace       used 14435K, capacity 15032K, committed 15104K, reserved 1062912K
  class space    used 1837K, capacity 2002K, committed 2048K, reserved 1048576K
Event: 54.352 GC heap after
Heap after GC invocations=27 (full 3):
 PSYoungGen      total 1200640K, used 44662K [0x000000076b580000, 0x00000007b9c80000, 0x00000007c0000000)
  eden space 1153536K, 0% used [0x000000076b580000,0x000000076b580000,0x00000007b1c00000)
  from space 47104K, 94% used [0x00000007b5000000,0x00000007b7b9d960,0x00000007b7e00000)
  to   space 53248K, 0% used [0x00000007b1c00000,0x00000007b1c00000,0x00000007b5000000)
 ParOldGen       total 435200K, used 261450K [0x00000006c2000000, 0x00000006dc900000, 0x000000076b580000)
  object space 435200K, 60% used [0x00000006c2000000,0x00000006d1f52a98,0x00000006dc900000)
 Metaspace       used 14435K, capacity 15032K, committed 15104K, reserved 1062912K
  class space    used 1837K, capacity 2002K, committed 2048K, reserved 1048576K
}
Event: 61.774 GC heap before
{Heap before GC invocations=28 (full 3):
 PSYoungGen      total 1200640K, used 1198198K [0x000000076b580000, 0x00000007b9c80000, 0x00000007c0000000)
  eden space 1153536K, 100% used [0x000000076b580000,0x00000007b1c00000,0x00000007b1c00000)
  from space 47104K, 94% used [0x00000007b5000000,0x00000007b7b9d960,0x00000007b7e00000)
  to   space 53248K, 0% used [0x00000007b1c00000,0x00000007b1c00000,0x00000007b5000000)
 ParOldGen       total 435200K, used 261450K [0x00000006c2000000, 0x00000006dc900000, 0x000000076b580000)
  object space 435200K, 60% used [0x00000006c2000000,0x00000006d1f52a98,0x00000006dc900000)
 Metaspace       used 14435K, capacity 15032K, committed 15104K, reserved 1062912K
  class space    used 1837K, capacity 2002K, committed 2048K, reserved 1048576K
Event: 61.785 GC heap after
Heap after GC invocations=28 (full 3):
 PSYoungGen      total 1206784K, used 51199K [0x000000076b580000, 0x00000007bbb00000, 0x00000007c0000000)
  eden space 1153536K, 0% used [0x000000076b580000,0x000000076b580000,0x00000007b1c00000)
  from space 53248K, 96% used [0x00000007b1c00000,0x00000007b4dffd30,0x00000007b5000000)
  to   space 60928K, 0% used [0x00000007b7f80000,0x00000007b7f80000,0x00000007bbb00000)
 ParOldGen       total 435200K, used 302813K [0x00000006c2000000, 0x00000006dc900000, 0x000000076b580000)
  object space 435200K, 69% used [0x00000006c2000000,0x00000006d47b7518,0x00000006dc900000)
 Metaspace       used 14435K, capacity 15032K, committed 15104K, reserved 1062912K
  class space    used 1837K, capacity 2002K, committed 2048K, reserved 1048576K
}
Event: 64.082 GC heap before
{Heap before GC invocations=29 (full 3):
 PSYoungGen      total 1206784K, used 1199423K [0x000000076b580000, 0x00000007bbb00000, 0x00000007c0000000)
  eden space 1153536K, 99% used [0x000000076b580000,0x00000007b16d00d8,0x00000007b1c00000)
  from space 53248K, 96% used [0x00000007b1c00000,0x00000007b4dffd30,0x00000007b5000000)
  to   space 60928K, 0% used [0x00000007b7f80000,0x00000007b7f80000,0x00000007bbb00000)
 ParOldGen       total 435200K, used 302813K [0x00000006c2000000, 0x00000006dc900000, 0x000000076b580000)
  object space 435200K, 69% used [0x00000006c2000000,0x00000006d47b7518,0x00000006dc900000)
 Metaspace       used 14450K, capacity 15032K, committed 15104K, reserved 1062912K
  class space    used 1837K, capacity 2002K, committed 2048K, reserved 1048576K
Event: 64.102 GC heap after
Heap after GC invocations=29 (full 3):
 PSYoungGen      total 1246208K, used 60415K [0x000000076b580000, 0x00000007bdb80000, 0x00000007c0000000)
  eden space 1185280K, 0% used [0x000000076b580000,0x000000076b580000,0x00000007b3b00000)
  from space 60928K, 99% used [0x00000007b7f80000,0x00000007bba7fd10,0x00000007bbb00000)
  to   space 70144K, 0% used [0x00000007b3b00000,0x00000007b3b00000,0x00000007b7f80000)
 ParOldGen       total 435200K, used 420755K [0x00000006c2000000, 0x00000006dc900000, 0x000000076b580000)
  object space 435200K, 96% used [0x00000006c2000000,0x00000006dbae4d78,0x00000006dc900000)
 Metaspace       used 14450K, capacity 15032K, committed 15104K, reserved 1062912K
  class space    used 1837K, capacity 2002K, committed 2048K, reserved 1048576K
}
Event: 64.102 GC heap before
{Heap before GC invocations=30 (full 4):
 PSYoungGen      total 1246208K, used 60415K [0x000000076b580000, 0x00000007bdb80000, 0x00000007c0000000)
  eden space 1185280K, 0% used [0x000000076b580000,0x000000076b580000,0x00000007b3b00000)
  from space 60928K, 99% used [0x00000007b7f80000,0x00000007bba7fd10,0x00000007bbb00000)
  to   space 70144K, 0% used [0x00000007b3b00000,0x00000007b3b00000,0x00000007b7f80000)
 ParOldGen       total 435200K, used 420755K [0x00000006c2000000, 0x00000006dc900000, 0x000000076b580000)
  object space 435200K, 96% used [0x00000006c2000000,0x00000006dbae4d78,0x00000006dc900000)
 Metaspace       used 14450K, capacity 15032K, committed 15104K, reserved 1062912K
  class space    used 1837K, capacity 2002K, committed 2048K, reserved 1048576K
Event: 64.128 GC heap after
Heap after GC invocations=30 (full 4):
 PSYoungGen      total 1246208K, used 0K [0x000000076b580000, 0x00000007bdb80000, 0x00000007c0000000)
  eden space 1185280K, 0% used [0x000000076b580000,0x000000076b580000,0x00000007b3b00000)
  from space 60928K, 0% used [0x00000007b7f80000,0x00000007b7f80000,0x00000007bbb00000)
  to   space 70144K, 0% used [0x00000007b3b00000,0x00000007b3b00000,0x00000007b7f80000)
 ParOldGen       total 656384K, used 381408K [0x00000006c2000000, 0x00000006ea100000, 0x000000076b580000)
  object space 656384K, 58% used [0x00000006c2000000,0x00000006d9478140,0x00000006ea100000)
 Metaspace       used 14450K, capacity 15032K, committed 15104K, reserved 1062912K
  class space    used 1837K, capacity 2002K, committed 2048K, reserved 1048576K
}

