# JRE version: Java(TM) SE Runtime Environment (8.0_261-b12) (build 1.8.0_261-b12)
# Java VM: Java HotSpot(TM) 64-Bit Server VM (25.261-b12 mixed mode windows-amd64 compressed oops)
Heap:
 PSYoungGen      total 135680K, used 53134K [0x000000076b580000, 0x0000000774700000, 0x00000007c0000000)
  eden space 127488K, 41% used [0x000000076b580000,0x000000076e963a10,0x0000000773200000)
  from space 8192K, 0% used [0x0000000773f00000,0x0000000773f00000,0x0000000774700000)
  to   space 10752K, 0% used [0x0000000773200000,0x0000000773200000,0x0000000773c80000)
 ParOldGen       total 173568K, used 166119K [0x00000006c2000000, 0x00000006cc980000, 0x000000076b580000)
  object space 173568K, 95% used [0x00000006c2000000,0x00000006cc239cf8,0x00000006cc980000)
 Metaspace       used 13329K, capacity 13882K, committed 14080K, reserved 1060864K
  class space    used 1830K, capacity 1995K, committed 2048K, reserved 1048576K
GC Heap History (10 events):
Event: 2.303 GC heap before
{Heap before GC invocations=11 (full 7):
 PSYoungGen      total 135680K, used 125672K [0x000000076b580000, 0x0000000774700000, 0x00000007c0000000)
  eden space 127488K, 98% used [0x000000076b580000,0x000000077303a340,0x0000000773200000)
  from space 8192K, 0% used [0x0000000773f00000,0x0000000773f00000,0x0000000774700000)
  to   space 10752K, 0% used [0x0000000773200000,0x0000000773200000,0x0000000773c80000)
 ParOldGen       total 173568K, used 166127K [0x00000006c2000000, 0x00000006cc980000, 0x000000076b580000)
  object space 173568K, 95% used [0x00000006c2000000,0x00000006cc23bd00,0x00000006cc980000)
 Metaspace       used 13093K, capacity 13680K, committed 13824K, reserved 1060864K
  class space    used 1825K, capacity 1994K, committed 2048K, reserved 1048576K
Event: 2.309 GC heap after
Heap after GC invocations=11 (full 7):
 PSYoungGen      total 135680K, used 58418K [0x000000076b580000, 0x0000000774700000, 0x00000007c0000000)
  eden space 127488K, 45% used [0x000000076b580000,0x000000076ee8ca80,0x0000000773200000)
  from space 8192K, 0% used [0x0000000773f00000,0x0000000773f00000,0x0000000774700000)
  to   space 10752K, 0% used [0x0000000773200000,0x0000000773200000,0x0000000773c80000)
 ParOldGen       total 173568K, used 166127K [0x00000006c2000000, 0x00000006cc980000, 0x000000076b580000)
  object space 173568K, 95% used [0x00000006c2000000,0x00000006cc23bd00,0x00000006cc980000)
 Metaspace       used 13093K, capacity 13680K, committed 13824K, reserved 1060864K
  class space    used 1825K, capacity 1994K, committed 2048K, reserved 1048576K
}
Event: 2.390 GC heap before
{Heap before GC invocations=12 (full 8):
 PSYoungGen      total 135680K, used 124902K [0x000000076b580000, 0x0000000774700000, 0x00000007c0000000)
  eden space 127488K, 97% used [0x000000076b580000,0x0000000772f79960,0x0000000773200000)
  from space 8192K, 0% used [0x0000000773f00000,0x0000000773f00000,0x0000000774700000)
  to   space 10752K, 0% used [0x0000000773200000,0x0000000773200000,0x0000000773c80000)
 ParOldGen       total 173568K, used 166127K [0x00000006c2000000, 0x00000006cc980000, 0x000000076b580000)
  object space 173568K, 95% used [0x00000006c2000000,0x00000006cc23bd00,0x00000006cc980000)
 Metaspace       used 13166K, capacity 13746K, committed 13824K, reserved 1060864K
  class space    used 1830K, capacity 1995K, committed 2048K, reserved 1048576K
Event: 2.416 GC heap after
Heap after GC invocations=12 (full 8):
 PSYoungGen      total 135680K, used 58511K [0x000000076b580000, 0x0000000774700000, 0x00000007c0000000)
  eden space 127488K, 45% used [0x000000076b580000,0x000000076eea3fa0,0x0000000773200000)
  from space 8192K, 0% used [0x0000000773f00000,0x0000000773f00000,0x0000000774700000)
  to   space 10752K, 0% used [0x0000000773200000,0x0000000773200000,0x0000000773c80000)
 ParOldGen       total 173568K, used 166121K [0x00000006c2000000, 0x00000006cc980000, 0x000000076b580000)
  object space 173568K, 95% used [0x00000006c2000000,0x00000006cc23a478,0x00000006cc980000)
 Metaspace       used 13166K, capacity 13746K, committed 13824K, reserved 1060864K
  class space    used 1830K, capacity 1995K, committed 2048K, reserved 1048576K
}
Event: 2.465 GC heap before
{Heap before GC invocations=13 (full 9):
 PSYoungGen      total 135680K, used 125876K [0x000000076b580000, 0x0000000774700000, 0x00000007c0000000)
  eden space 127488K, 98% used [0x000000076b580000,0x000000077306d030,0x0000000773200000)
  from space 8192K, 0% used [0x0000000773f00000,0x0000000773f00000,0x0000000774700000)
  to   space 10752K, 0% used [0x0000000773200000,0x0000000773200000,0x0000000773c80000)
 ParOldGen       total 173568K, used 166121K [0x00000006c2000000, 0x00000006cc980000, 0x000000076b580000)
  object space 173568K, 95% used [0x00000006c2000000,0x00000006cc23a478,0x00000006cc980000)
 Metaspace       used 13166K, capacity 13746K, committed 13824K, reserved 1060864K
  class space    used 1830K, capacity 1995K, committed 2048K, reserved 1048576K
Event: 2.472 GC heap after
Heap after GC invocations=13 (full 9):
 PSYoungGen      total 135680K, used 58551K [0x000000076b580000, 0x0000000774700000, 0x00000007c0000000)
  eden space 127488K, 45% used [0x000000076b580000,0x000000076eeadc60,0x0000000773200000)
  from space 8192K, 0% used [0x0000000773f00000,0x0000000773f00000,0x0000000774700000)
  to   space 10752K, 0% used [0x0000000773200000,0x0000000773200000,0x0000000773c80000)
 ParOldGen       total 173568K, used 166121K [0x00000006c2000000, 0x00000006cc980000, 0x000000076b580000)
  object space 173568K, 95% used [0x00000006c2000000,0x00000006cc23a478,0x00000006cc980000)
 Metaspace       used 13166K, capacity 13746K, committed 13824K, reserved 1060864K
  class space    used 1830K, capacity 1995K, committed 2048K, reserved 1048576K
}
Event: 2.596 GC heap before
{Heap before GC invocations=14 (full 10):
 PSYoungGen      total 135680K, used 125342K [0x000000076b580000, 0x0000000774700000, 0x00000007c0000000)
  eden space 127488K, 98% used [0x000000076b580000,0x0000000772fe78d8,0x0000000773200000)
  from space 8192K, 0% used [0x0000000773f00000,0x0000000773f00000,0x0000000774700000)
  to   space 10752K, 0% used [0x0000000773200000,0x0000000773200000,0x0000000773c80000)
 ParOldGen       total 173568K, used 166121K [0x00000006c2000000, 0x00000006cc980000, 0x000000076b580000)
  object space 173568K, 95% used [0x00000006c2000000,0x00000006cc23a478,0x00000006cc980000)
 Metaspace       used 13229K, capacity 13810K, committed 14080K, reserved 1060864K
  class space    used 1830K, capacity 1995K, committed 2048K, reserved 1048576K
Event: 2.615 GC heap after
Heap after GC invocations=14 (full 10):
 PSYoungGen      total 135680K, used 58613K [0x000000076b580000, 0x0000000774700000, 0x00000007c0000000)
  eden space 127488K, 45% used [0x000000076b580000,0x000000076eebd5e8,0x0000000773200000)
  from space 8192K, 0% used [0x0000000773f00000,0x0000000773f00000,0x0000000774700000)
  to   space 10752K, 0% used [0x0000000773200000,0x0000000773200000,0x0000000773c80000)
 ParOldGen       total 173568K, used 166119K [0x00000006c2000000, 0x00000006cc980000, 0x000000076b580000)
  object space 173568K, 95% used [0x00000006c2000000,0x00000006cc239cf8,0x00000006cc980000)
 Metaspace       used 13229K, capacity 13810K, committed 14080K, reserved 1060864K
  class space    used 1830K, capacity 1995K, committed 2048K, reserved 1048576K
}
Event: 2.693 GC heap before
{Heap before GC invocations=15 (full 11):
 PSYoungGen      total 135680K, used 127488K [0x000000076b580000, 0x0000000774700000, 0x00000007c0000000)
  eden space 127488K, 100% used [0x000000076b580000,0x0000000773200000,0x0000000773200000)
  from space 8192K, 0% used [0x0000000773f00000,0x0000000773f00000,0x0000000774700000)
  to   space 10752K, 0% used [0x0000000773200000,0x0000000773200000,0x0000000773c80000)
 ParOldGen       total 173568K, used 166119K [0x00000006c2000000, 0x00000006cc980000, 0x000000076b580000)
  object space 173568K, 95% used [0x00000006c2000000,0x00000006cc239cf8,0x00000006cc980000)
 Metaspace       used 13241K, capacity 13818K, committed 14080K, reserved 1060864K
  class space    used 1830K, capacity 1995K, committed 2048K, reserved 1048576K
Event: 2.701 GC heap after
Heap after GC invocations=15 (full 11):
 PSYoungGen      total 135680K, used 45416K [0x000000076b580000, 0x0000000774700000, 0x00000007c0000000)
  eden space 127488K, 35% used [0x000000076b580000,0x000000076e1da1f8,0x0000000773200000)
  from space 8192K, 0% used [0x0000000773f00000,0x0000000773f00000,0x0000000774700000)
  to   space 10752K, 0% used [0x0000000773200000,0x0000000773200000,0x0000000773c80000)
 ParOldGen       total 173568K, used 166119K [0x00000006c2000000, 0x00000006cc980000, 0x000000076b580000)
  object space 173568K, 95% used [0x00000006c2000000,0x00000006cc239cf8,0x00000006cc980000)
 Metaspace       used 13241K, capacity 13818K, committed 14080K, reserved 1060864K
  class space    used 1830K, capacity 1995K, committed 2048K, reserved 1048576K
}

