# JRE version: Java(TM) SE Runtime Environment (8.0_261-b12) (build 1.8.0_261-b12)
# Java VM: Java HotSpot(TM) 64-Bit Server VM (25.261-b12 mixed mode windows-amd64 compressed oops)
Heap:
 PSYoungGen      total 139264K, used 83152K [0x000000076b580000, 0x000000077c900000, 0x00000007c0000000)
  eden space 128512K, 64% used [0x000000076b580000,0x00000007706b4140,0x0000000773300000)
  from space 10752K, 0% used [0x0000000773300000,0x0000000773300000,0x0000000773d80000)
  to   space 14336K, 0% used [0x000000077bb00000,0x000000077bb00000,0x000000077c900000)
 ParOldGen       total 249344K, used 228185K [0x00000006c2000000, 0x00000006d1380000, 0x000000076b580000)
  object space 249344K, 91% used [0x00000006c2000000,0x00000006cfed6650,0x00000006d1380000)
 Metaspace       used 13511K, capacity 14102K, committed 14336K, reserved 1060864K
  class space    used 1831K, capacity 2005K, committed 2048K, reserved 1048576K
GC Heap History (10 events):
Event: 4.398 GC heap before
{Heap before GC invocations=8 (full 3):
 PSYoungGen      total 139264K, used 116685K [0x000000076b580000, 0x000000077c900000, 0x00000007c0000000)
  eden space 128512K, 90% used [0x000000076b580000,0x00000007727734f8,0x0000000773300000)
  from space 10752K, 0% used [0x0000000773300000,0x0000000773300000,0x0000000773d80000)
  to   space 14336K, 0% used [0x000000077bb00000,0x000000077bb00000,0x000000077c900000)
 ParOldGen       total 249344K, used 245375K [0x00000006c2000000, 0x00000006d1380000, 0x000000076b580000)
  object space 249344K, 98% used [0x00000006c2000000,0x00000006d0f9fff8,0x00000006d1380000)
 Metaspace       used 13208K, capacity 13836K, committed 14080K, reserved 1060864K
  class space    used 1826K, capacity 2004K, committed 2048K, reserved 1048576K
Event: 4.436 GC heap after
Heap after GC invocations=8 (full 3):
 PSYoungGen      total 139264K, used 0K [0x000000076b580000, 0x000000077c900000, 0x00000007c0000000)
  eden space 128512K, 0% used [0x000000076b580000,0x000000076b580000,0x0000000773300000)
  from space 10752K, 0% used [0x0000000773300000,0x0000000773300000,0x0000000773d80000)
  to   space 14336K, 0% used [0x000000077bb00000,0x000000077bb00000,0x000000077c900000)
 ParOldGen       total 249344K, used 227842K [0x00000006c2000000, 0x00000006d1380000, 0x000000076b580000)
  object space 249344K, 91% used [0x00000006c2000000,0x00000006cfe80aa0,0x00000006d1380000)
 Metaspace       used 13208K, capacity 13836K, committed 14080K, reserved 1060864K
  class space    used 1826K, capacity 2004K, committed 2048K, reserved 1048576K
}
Event: 4.572 GC heap before
{Heap before GC invocations=9 (full 4):
 PSYoungGen      total 139264K, used 116147K [0x000000076b580000, 0x000000077c900000, 0x00000007c0000000)
  eden space 128512K, 90% used [0x000000076b580000,0x00000007726eccc0,0x0000000773300000)
  from space 10752K, 0% used [0x0000000773300000,0x0000000773300000,0x0000000773d80000)
  to   space 14336K, 0% used [0x000000077bb00000,0x000000077bb00000,0x000000077c900000)
 ParOldGen       total 249344K, used 227842K [0x00000006c2000000, 0x00000006d1380000, 0x000000076b580000)
  object space 249344K, 91% used [0x00000006c2000000,0x00000006cfe80aa0,0x00000006d1380000)
 Metaspace       used 13255K, capacity 13838K, committed 14080K, reserved 1060864K
  class space    used 1830K, capacity 2005K, committed 2048K, reserved 1048576K
Event: 4.583 GC heap after
Heap after GC invocations=9 (full 4):
 PSYoungGen      total 139264K, used 0K [0x000000076b580000, 0x000000077c900000, 0x00000007c0000000)
  eden space 128512K, 0% used [0x000000076b580000,0x000000076b580000,0x0000000773300000)
  from space 10752K, 0% used [0x0000000773300000,0x0000000773300000,0x0000000773d80000)
  to   space 14336K, 0% used [0x000000077bb00000,0x000000077bb00000,0x000000077c900000)
 ParOldGen       total 249344K, used 227955K [0x00000006c2000000, 0x00000006d1380000, 0x000000076b580000)
  object space 249344K, 91% used [0x00000006c2000000,0x00000006cfe9cf78,0x00000006d1380000)
 Metaspace       used 13255K, capacity 13838K, committed 14080K, reserved 1060864K
  class space    used 1830K, capacity 2005K, committed 2048K, reserved 1048576K
}
Event: 4.790 GC heap before
{Heap before GC invocations=10 (full 5):
 PSYoungGen      total 139264K, used 118185K [0x000000076b580000, 0x000000077c900000, 0x00000007c0000000)
  eden space 128512K, 91% used [0x000000076b580000,0x00000007728ea6d0,0x0000000773300000)
  from space 10752K, 0% used [0x0000000773300000,0x0000000773300000,0x0000000773d80000)
  to   space 14336K, 0% used [0x000000077bb00000,0x000000077bb00000,0x000000077c900000)
 ParOldGen       total 249344K, used 227955K [0x00000006c2000000, 0x00000006d1380000, 0x000000076b580000)
  object space 249344K, 91% used [0x00000006c2000000,0x00000006cfe9cf78,0x00000006d1380000)
 Metaspace       used 13317K, capacity 13906K, committed 14080K, reserved 1060864K
  class space    used 1831K, capacity 2005K, committed 2048K, reserved 1048576K
Event: 4.803 GC heap after
Heap after GC invocations=10 (full 5):
 PSYoungGen      total 139264K, used 0K [0x000000076b580000, 0x000000077c900000, 0x00000007c0000000)
  eden space 128512K, 0% used [0x000000076b580000,0x000000076b580000,0x0000000773300000)
  from space 10752K, 0% used [0x0000000773300000,0x0000000773300000,0x0000000773d80000)
  to   space 14336K, 0% used [0x000000077bb00000,0x000000077bb00000,0x000000077c900000)
 ParOldGen       total 249344K, used 228026K [0x00000006c2000000, 0x00000006d1380000, 0x000000076b580000)
  object space 249344K, 91% used [0x00000006c2000000,0x00000006cfeae960,0x00000006d1380000)
 Metaspace       used 13317K, capacity 13906K, committed 14080K, reserved 1060864K
  class space    used 1831K, capacity 2005K, committed 2048K, reserved 1048576K
}
Event: 5.017 GC heap before
{Heap before GC invocations=11 (full 6):
 PSYoungGen      total 139264K, used 115445K [0x000000076b580000, 0x000000077c900000, 0x00000007c0000000)
  eden space 128512K, 89% used [0x000000076b580000,0x000000077263d6b0,0x0000000773300000)
  from space 10752K, 0% used [0x0000000773300000,0x0000000773300000,0x0000000773d80000)
  to   space 14336K, 0% used [0x000000077bb00000,0x000000077bb00000,0x000000077c900000)
 ParOldGen       total 249344K, used 228026K [0x00000006c2000000, 0x00000006d1380000, 0x000000076b580000)
  object space 249344K, 91% used [0x00000006c2000000,0x00000006cfeae960,0x00000006d1380000)
 Metaspace       used 13369K, capacity 13974K, committed 14080K, reserved 1060864K
  class space    used 1831K, capacity 2005K, committed 2048K, reserved 1048576K
Event: 5.035 GC heap after
Heap after GC invocations=11 (full 6):
 PSYoungGen      total 139264K, used 0K [0x000000076b580000, 0x000000077c900000, 0x00000007c0000000)
  eden space 128512K, 0% used [0x000000076b580000,0x000000076b580000,0x0000000773300000)
  from space 10752K, 0% used [0x0000000773300000,0x0000000773300000,0x0000000773d80000)
  to   space 14336K, 0% used [0x000000077bb00000,0x000000077bb00000,0x000000077c900000)
 ParOldGen       total 249344K, used 228091K [0x00000006c2000000, 0x00000006d1380000, 0x000000076b580000)
  object space 249344K, 91% used [0x00000006c2000000,0x00000006cfebecd8,0x00000006d1380000)
 Metaspace       used 13369K, capacity 13974K, committed 14080K, reserved 1060864K
  class space    used 1831K, capacity 2005K, committed 2048K, reserved 1048576K
}
Event: 5.278 GC heap before
{Heap before GC invocations=12 (full 7):
 PSYoungGen      total 139264K, used 115957K [0x000000076b580000, 0x000000077c900000, 0x00000007c0000000)
  eden space 128512K, 90% used [0x000000076b580000,0x00000007726bd510,0x0000000773300000)
  from space 10752K, 0% used [0x0000000773300000,0x0000000773300000,0x0000000773d80000)
  to   space 14336K, 0% used [0x000000077bb00000,0x000000077bb00000,0x000000077c900000)
 ParOldGen       total 249344K, used 228091K [0x00000006c2000000, 0x00000006d1380000, 0x000000076b580000)
  object space 249344K, 91% used [0x00000006c2000000,0x00000006cfebecd8,0x00000006d1380000)
 Metaspace       used 13456K, capacity 14038K, committed 14336K, reserved 1060864K
  class space    used 1831K, capacity 2005K, committed 2048K, reserved 1048576K
Event: 5.290 GC heap after
Heap after GC invocations=12 (full 7):
 PSYoungGen      total 139264K, used 0K [0x000000076b580000, 0x000000077c900000, 0x00000007c0000000)
  eden space 128512K, 0% used [0x000000076b580000,0x000000076b580000,0x0000000773300000)
  from space 10752K, 0% used [0x0000000773300000,0x0000000773300000,0x0000000773d80000)
  to   space 14336K, 0% used [0x000000077bb00000,0x000000077bb00000,0x000000077c900000)
 ParOldGen       total 249344K, used 228185K [0x00000006c2000000, 0x00000006d1380000, 0x000000076b580000)
  object space 249344K, 91% used [0x00000006c2000000,0x00000006cfed6650,0x00000006d1380000)
 Metaspace       used 13456K, capacity 14038K, committed 14336K, reserved 1060864K
  class space    used 1831K, capacity 2005K, committed 2048K, reserved 1048576K
}

