# JRE version: Java(TM) SE Runtime Environment (8.0_261-b12) (build 1.8.0_261-b12)
# Java VM: Java HotSpot(TM) 64-Bit Server VM (25.261-b12 mixed mode windows-amd64 compressed oops)
Heap:
 PSYoungGen      total 857600K, used 131177K [0x000000076b580000, 0x00000007b7100000, 0x00000007c0000000)
  eden space 836096K, 15% used [0x000000076b580000,0x0000000773475448,0x000000079e600000)
  from space 21504K, 5% used [0x000000079e600000,0x000000079e725020,0x000000079fb00000)
  to   space 22016K, 0% used [0x00000007b5b80000,0x00000007b5b80000,0x00000007b7100000)
 ParOldGen       total 387584K, used 263632K [0x00000006c2000000, 0x00000006d9a80000, 0x000000076b580000)
  object space 387584K, 68% used [0x00000006c2000000,0x00000006d2174378,0x00000006d9a80000)
 Metaspace       used 13986K, capacity 14564K, committed 14848K, reserved 1062912K
  class space    used 1840K, capacity 2004K, committed 2048K, reserved 1048576K
GC Heap History (10 events):
Event: 4.207 GC heap before
{Heap before GC invocations=6 (full 1):
 PSYoungGen      total 247808K, used 241033K [0x000000076b580000, 0x000000077be80000, 0x00000007c0000000)
  eden space 247296K, 97% used [0x000000076b580000,0x000000077a07a628,0x000000077a700000)
  from space 512K, 81% used [0x000000077be00000,0x000000077be68000,0x000000077be80000)
  to   space 10752K, 0% used [0x000000077a980000,0x000000077a980000,0x000000077b400000)
 ParOldGen       total 387584K, used 243197K [0x00000006c2000000, 0x00000006d9a80000, 0x000000076b580000)
  object space 387584K, 62% used [0x00000006c2000000,0x00000006d0d7f678,0x00000006d9a80000)
 Metaspace       used 13492K, capacity 14074K, committed 14336K, reserved 1060864K
  class space    used 1833K, capacity 1995K, committed 2048K, reserved 1048576K
Event: 4.223 GC heap after
Heap after GC invocations=6 (full 1):
 PSYoungGen      total 260608K, used 3882K [0x000000076b580000, 0x0000000789700000, 0x00000007c0000000)
  eden space 249856K, 0% used [0x000000076b580000,0x000000076b580000,0x000000077a980000)
  from space 10752K, 36% used [0x000000077a980000,0x000000077ad4a910,0x000000077b400000)
  to   space 14336K, 0% used [0x0000000788900000,0x0000000788900000,0x0000000789700000)
 ParOldGen       total 387584K, used 256430K [0x00000006c2000000, 0x00000006d9a80000, 0x000000076b580000)
  object space 387584K, 66% used [0x00000006c2000000,0x00000006d1a6ba88,0x00000006d9a80000)
 Metaspace       used 13492K, capacity 14074K, committed 14336K, reserved 1060864K
  class space    used 1833K, capacity 1995K, committed 2048K, reserved 1048576K
}
Event: 4.975 GC heap before
{Heap before GC invocations=7 (full 1):
 PSYoungGen      total 260608K, used 245701K [0x000000076b580000, 0x0000000789700000, 0x00000007c0000000)
  eden space 249856K, 96% used [0x000000076b580000,0x000000077a1a6b30,0x000000077a980000)
  from space 10752K, 36% used [0x000000077a980000,0x000000077ad4a910,0x000000077b400000)
  to   space 14336K, 0% used [0x0000000788900000,0x0000000788900000,0x0000000789700000)
 ParOldGen       total 387584K, used 256430K [0x00000006c2000000, 0x00000006d9a80000, 0x000000076b580000)
  object space 387584K, 66% used [0x00000006c2000000,0x00000006d1a6ba88,0x00000006d9a80000)
 Metaspace       used 13657K, capacity 14208K, committed 14336K, reserved 1060864K
  class space    used 1834K, capacity 1996K, committed 2048K, reserved 1048576K
Event: 4.989 GC heap after
Heap after GC invocations=7 (full 1):
 PSYoungGen      total 476160K, used 13993K [0x000000076b580000, 0x0000000789a80000, 0x00000007c0000000)
  eden space 461824K, 0% used [0x000000076b580000,0x000000076b580000,0x0000000787880000)
  from space 14336K, 97% used [0x0000000788900000,0x00000007896aa410,0x0000000789700000)
  to   space 16896K, 0% used [0x0000000787880000,0x0000000787880000,0x0000000788900000)
 ParOldGen       total 387584K, used 259744K [0x00000006c2000000, 0x00000006d9a80000, 0x000000076b580000)
  object space 387584K, 67% used [0x00000006c2000000,0x00000006d1da8398,0x00000006d9a80000)
 Metaspace       used 13657K, capacity 14208K, committed 14336K, reserved 1060864K
  class space    used 1834K, capacity 1996K, committed 2048K, reserved 1048576K
}
Event: 5.872 GC heap before
{Heap before GC invocations=8 (full 1):
 PSYoungGen      total 476160K, used 475656K [0x000000076b580000, 0x0000000789a80000, 0x00000007c0000000)
  eden space 461824K, 99% used [0x000000076b580000,0x0000000787857f60,0x0000000787880000)
  from space 14336K, 97% used [0x0000000788900000,0x00000007896aa410,0x0000000789700000)
  to   space 16896K, 0% used [0x0000000787880000,0x0000000787880000,0x0000000788900000)
 ParOldGen       total 387584K, used 259744K [0x00000006c2000000, 0x00000006d9a80000, 0x000000076b580000)
  object space 387584K, 67% used [0x00000006c2000000,0x00000006d1da8398,0x00000006d9a80000)
 Metaspace       used 13691K, capacity 14276K, committed 14336K, reserved 1060864K
  class space    used 1834K, capacity 1996K, committed 2048K, reserved 1048576K
Event: 5.887 GC heap after
Heap after GC invocations=8 (full 1):
 PSYoungGen      total 478720K, used 14249K [0x000000076b580000, 0x00000007a1100000, 0x00000007c0000000)
  eden space 461824K, 0% used [0x000000076b580000,0x000000076b580000,0x0000000787880000)
  from space 16896K, 84% used [0x0000000787880000,0x000000078866a410,0x0000000788900000)
  to   space 18944K, 0% used [0x000000079fe80000,0x000000079fe80000,0x00000007a1100000)
 ParOldGen       total 387584K, used 263059K [0x00000006c2000000, 0x00000006d9a80000, 0x000000076b580000)
  object space 387584K, 67% used [0x00000006c2000000,0x00000006d20e4ca8,0x00000006d9a80000)
 Metaspace       used 13691K, capacity 14276K, committed 14336K, reserved 1060864K
  class space    used 1834K, capacity 1996K, committed 2048K, reserved 1048576K
}
Event: 7.012 GC heap before
{Heap before GC invocations=9 (full 1):
 PSYoungGen      total 478720K, used 473626K [0x000000076b580000, 0x00000007a1100000, 0x00000007c0000000)
  eden space 461824K, 99% used [0x000000076b580000,0x000000078761c578,0x0000000787880000)
  from space 16896K, 84% used [0x0000000787880000,0x000000078866a410,0x0000000788900000)
  to   space 18944K, 0% used [0x000000079fe80000,0x000000079fe80000,0x00000007a1100000)
 ParOldGen       total 387584K, used 263059K [0x00000006c2000000, 0x00000006d9a80000, 0x000000076b580000)
  object space 387584K, 67% used [0x00000006c2000000,0x00000006d20e4ca8,0x00000006d9a80000)
 Metaspace       used 13770K, capacity 14340K, committed 14592K, reserved 1062912K
  class space    used 1834K, capacity 1996K, committed 2048K, reserved 1048576K
Event: 7.027 GC heap after
Heap after GC invocations=9 (full 1):
 PSYoungGen      total 845824K, used 17715K [0x000000076b580000, 0x00000007a1000000, 0x00000007c0000000)
  eden space 827904K, 0% used [0x000000076b580000,0x000000076b580000,0x000000079de00000)
  from space 17920K, 98% used [0x000000079fe80000,0x00000007a0fccd20,0x00000007a1000000)
  to   space 21504K, 0% used [0x000000079e600000,0x000000079e600000,0x000000079fb00000)
 ParOldGen       total 387584K, used 263254K [0x00000006c2000000, 0x00000006d9a80000, 0x000000076b580000)
  object space 387584K, 67% used [0x00000006c2000000,0x00000006d2115808,0x00000006d9a80000)
 Metaspace       used 13770K, capacity 14340K, committed 14592K, reserved 1062912K
  class space    used 1834K, capacity 1996K, committed 2048K, reserved 1048576K
}
Event: 15.448 GC heap before
{Heap before GC invocations=10 (full 1):
 PSYoungGen      total 845824K, used 845619K [0x000000076b580000, 0x00000007a1000000, 0x00000007c0000000)
  eden space 827904K, 100% used [0x000000076b580000,0x000000079de00000,0x000000079de00000)
  from space 17920K, 98% used [0x000000079fe80000,0x00000007a0fccd20,0x00000007a1000000)
  to   space 21504K, 0% used [0x000000079e600000,0x000000079e600000,0x000000079fb00000)
 ParOldGen       total 387584K, used 263254K [0x00000006c2000000, 0x00000006d9a80000, 0x000000076b580000)
  object space 387584K, 67% used [0x00000006c2000000,0x00000006d2115808,0x00000006d9a80000)
 Metaspace       used 13975K, capacity 14564K, committed 14848K, reserved 1062912K
  class space    used 1840K, capacity 2004K, committed 2048K, reserved 1048576K
Event: 15.454 GC heap after
Heap after GC invocations=10 (full 1):
 PSYoungGen      total 857600K, used 1172K [0x000000076b580000, 0x00000007b7100000, 0x00000007c0000000)
  eden space 836096K, 0% used [0x000000076b580000,0x000000076b580000,0x000000079e600000)
  from space 21504K, 5% used [0x000000079e600000,0x000000079e725020,0x000000079fb00000)
  to   space 22016K, 0% used [0x00000007b5b80000,0x00000007b5b80000,0x00000007b7100000)
 ParOldGen       total 387584K, used 263632K [0x00000006c2000000, 0x00000006d9a80000, 0x000000076b580000)
  object space 387584K, 68% used [0x00000006c2000000,0x00000006d2174378,0x00000006d9a80000)
 Metaspace       used 13975K, capacity 14564K, committed 14848K, reserved 1062912K
  class space    used 1840K, capacity 2004K, committed 2048K, reserved 1048576K
}

