# JRE version: Java(TM) SE Runtime Environment (8.0_261-b12) (build 1.8.0_261-b12)
# Java VM: Java HotSpot(TM) 64-Bit Server VM (25.261-b12 mixed mode windows-amd64 compressed oops)
Heap:
 PSYoungGen      total 139264K, used 82998K [0x000000076b580000, 0x000000077c780000, 0x00000007c0000000)
  eden space 128512K, 64% used [0x000000076b580000,0x000000077068d9b0,0x0000000773300000)
  from space 10752K, 0% used [0x0000000773300000,0x0000000773300000,0x0000000773d80000)
  to   space 13824K, 0% used [0x000000077ba00000,0x000000077ba00000,0x000000077c780000)
 ParOldGen       total 263168K, used 228104K [0x00000006c2000000, 0x00000006d2100000, 0x000000076b580000)
  object space 263168K, 86% used [0x00000006c2000000,0x00000006cfec21c0,0x00000006d2100000)
 Metaspace       used 13412K, capacity 14010K, committed 14080K, reserved 1060864K
  class space    used 1828K, capacity 1995K, committed 2048K, reserved 1048576K
GC Heap History (10 events):
Event: 4.214 GC heap before
{Heap before GC invocations=8 (full 3):
 PSYoungGen      total 139264K, used 116141K [0x000000076b580000, 0x000000077c780000, 0x00000007c0000000)
  eden space 128512K, 90% used [0x000000076b580000,0x00000007726eb510,0x0000000773300000)
  from space 10752K, 0% used [0x0000000773300000,0x0000000773300000,0x0000000773d80000)
  to   space 13824K, 0% used [0x000000077ba00000,0x000000077ba00000,0x000000077c780000)
 ParOldGen       total 263168K, used 245358K [0x00000006c2000000, 0x00000006d2100000, 0x000000076b580000)
  object space 263168K, 93% used [0x00000006c2000000,0x00000006d0f9b9c0,0x00000006d2100000)
 Metaspace       used 13166K, capacity 13744K, committed 13824K, reserved 1060864K
  class space    used 1822K, capacity 1994K, committed 2048K, reserved 1048576K
Event: 4.247 GC heap after
Heap after GC invocations=8 (full 3):
 PSYoungGen      total 139264K, used 0K [0x000000076b580000, 0x000000077c780000, 0x00000007c0000000)
  eden space 128512K, 0% used [0x000000076b580000,0x000000076b580000,0x0000000773300000)
  from space 10752K, 0% used [0x0000000773300000,0x0000000773300000,0x0000000773d80000)
  to   space 13824K, 0% used [0x000000077ba00000,0x000000077ba00000,0x000000077c780000)
 ParOldGen       total 263168K, used 227826K [0x00000006c2000000, 0x00000006d2100000, 0x000000076b580000)
  object space 263168K, 86% used [0x00000006c2000000,0x00000006cfe7c820,0x00000006d2100000)
 Metaspace       used 13166K, capacity 13744K, committed 13824K, reserved 1060864K
  class space    used 1822K, capacity 1994K, committed 2048K, reserved 1048576K
}
Event: 4.401 GC heap before
{Heap before GC invocations=9 (full 4):
 PSYoungGen      total 139264K, used 116340K [0x000000076b580000, 0x000000077c780000, 0x00000007c0000000)
  eden space 128512K, 90% used [0x000000076b580000,0x000000077271d3d0,0x0000000773300000)
  from space 10752K, 0% used [0x0000000773300000,0x0000000773300000,0x0000000773d80000)
  to   space 13824K, 0% used [0x000000077ba00000,0x000000077ba00000,0x000000077c780000)
 ParOldGen       total 263168K, used 227826K [0x00000006c2000000, 0x00000006d2100000, 0x000000076b580000)
  object space 263168K, 86% used [0x00000006c2000000,0x00000006cfe7c820,0x00000006d2100000)
 Metaspace       used 13221K, capacity 13810K, committed 14080K, reserved 1060864K
  class space    used 1827K, capacity 1995K, committed 2048K, reserved 1048576K
Event: 4.414 GC heap after
Heap after GC invocations=9 (full 4):
 PSYoungGen      total 139264K, used 0K [0x000000076b580000, 0x000000077c780000, 0x00000007c0000000)
  eden space 128512K, 0% used [0x000000076b580000,0x000000076b580000,0x0000000773300000)
  from space 10752K, 0% used [0x0000000773300000,0x0000000773300000,0x0000000773d80000)
  to   space 13824K, 0% used [0x000000077ba00000,0x000000077ba00000,0x000000077c780000)
 ParOldGen       total 263168K, used 227942K [0x00000006c2000000, 0x00000006d2100000, 0x000000076b580000)
  object space 263168K, 86% used [0x00000006c2000000,0x00000006cfe99bf0,0x00000006d2100000)
 Metaspace       used 13221K, capacity 13810K, committed 14080K, reserved 1060864K
  class space    used 1827K, capacity 1995K, committed 2048K, reserved 1048576K
}
Event: 4.605 GC heap before
{Heap before GC invocations=10 (full 5):
 PSYoungGen      total 139264K, used 115846K [0x000000076b580000, 0x000000077c780000, 0x00000007c0000000)
  eden space 128512K, 90% used [0x000000076b580000,0x00000007726a19f8,0x0000000773300000)
  from space 10752K, 0% used [0x0000000773300000,0x0000000773300000,0x0000000773d80000)
  to   space 13824K, 0% used [0x000000077ba00000,0x000000077ba00000,0x000000077c780000)
 ParOldGen       total 263168K, used 227942K [0x00000006c2000000, 0x00000006d2100000, 0x000000076b580000)
  object space 263168K, 86% used [0x00000006c2000000,0x00000006cfe99bf0,0x00000006d2100000)
 Metaspace       used 13258K, capacity 13814K, committed 14080K, reserved 1060864K
  class space    used 1828K, capacity 1995K, committed 2048K, reserved 1048576K
Event: 4.618 GC heap after
Heap after GC invocations=10 (full 5):
 PSYoungGen      total 139264K, used 0K [0x000000076b580000, 0x000000077c780000, 0x00000007c0000000)
  eden space 128512K, 0% used [0x000000076b580000,0x000000076b580000,0x0000000773300000)
  from space 10752K, 0% used [0x0000000773300000,0x0000000773300000,0x0000000773d80000)
  to   space 13824K, 0% used [0x000000077ba00000,0x000000077ba00000,0x000000077c780000)
 ParOldGen       total 263168K, used 227975K [0x00000006c2000000, 0x00000006d2100000, 0x000000076b580000)
  object space 263168K, 86% used [0x00000006c2000000,0x00000006cfea1ff0,0x00000006d2100000)
 Metaspace       used 13258K, capacity 13814K, committed 14080K, reserved 1060864K
  class space    used 1828K, capacity 1995K, committed 2048K, reserved 1048576K
}
Event: 4.913 GC heap before
{Heap before GC invocations=11 (full 6):
 PSYoungGen      total 139264K, used 115934K [0x000000076b580000, 0x000000077c780000, 0x00000007c0000000)
  eden space 128512K, 90% used [0x000000076b580000,0x00000007726b7be8,0x0000000773300000)
  from space 10752K, 0% used [0x0000000773300000,0x0000000773300000,0x0000000773d80000)
  to   space 13824K, 0% used [0x000000077ba00000,0x000000077ba00000,0x000000077c780000)
 ParOldGen       total 263168K, used 227975K [0x00000006c2000000, 0x00000006d2100000, 0x000000076b580000)
  object space 263168K, 86% used [0x00000006c2000000,0x00000006cfea1ff0,0x00000006d2100000)
 Metaspace       used 13334K, capacity 13946K, committed 14080K, reserved 1060864K
  class space    used 1828K, capacity 1995K, committed 2048K, reserved 1048576K
Event: 4.926 GC heap after
Heap after GC invocations=11 (full 6):
 PSYoungGen      total 139264K, used 0K [0x000000076b580000, 0x000000077c780000, 0x00000007c0000000)
  eden space 128512K, 0% used [0x000000076b580000,0x000000076b580000,0x0000000773300000)
  from space 10752K, 0% used [0x0000000773300000,0x0000000773300000,0x0000000773d80000)
  to   space 13824K, 0% used [0x000000077ba00000,0x000000077ba00000,0x000000077c780000)
 ParOldGen       total 263168K, used 228038K [0x00000006c2000000, 0x00000006d2100000, 0x000000076b580000)
  object space 263168K, 86% used [0x00000006c2000000,0x00000006cfeb19d8,0x00000006d2100000)
 Metaspace       used 13334K, capacity 13946K, committed 14080K, reserved 1060864K
  class space    used 1828K, capacity 1995K, committed 2048K, reserved 1048576K
}
Event: 5.090 GC heap before
{Heap before GC invocations=12 (full 7):
 PSYoungGen      total 139264K, used 115329K [0x000000076b580000, 0x000000077c780000, 0x00000007c0000000)
  eden space 128512K, 89% used [0x000000076b580000,0x00000007726205f0,0x0000000773300000)
  from space 10752K, 0% used [0x0000000773300000,0x0000000773300000,0x0000000773d80000)
  to   space 13824K, 0% used [0x000000077ba00000,0x000000077ba00000,0x000000077c780000)
 ParOldGen       total 263168K, used 228038K [0x00000006c2000000, 0x00000006d2100000, 0x000000076b580000)
  object space 263168K, 86% used [0x00000006c2000000,0x00000006cfeb19d8,0x00000006d2100000)
 Metaspace       used 13351K, capacity 13946K, committed 14080K, reserved 1060864K
  class space    used 1828K, capacity 1995K, committed 2048K, reserved 1048576K
Event: 5.102 GC heap after
Heap after GC invocations=12 (full 7):
 PSYoungGen      total 139264K, used 0K [0x000000076b580000, 0x000000077c780000, 0x00000007c0000000)
  eden space 128512K, 0% used [0x000000076b580000,0x000000076b580000,0x0000000773300000)
  from space 10752K, 0% used [0x0000000773300000,0x0000000773300000,0x0000000773d80000)
  to   space 13824K, 0% used [0x000000077ba00000,0x000000077ba00000,0x000000077c780000)
 ParOldGen       total 263168K, used 228104K [0x00000006c2000000, 0x00000006d2100000, 0x000000076b580000)
  object space 263168K, 86% used [0x00000006c2000000,0x00000006cfec21c0,0x00000006d2100000)
 Metaspace       used 13351K, capacity 13946K, committed 14080K, reserved 1060864K
  class space    used 1828K, capacity 1995K, committed 2048K, reserved 1048576K
}

