# JRE version: Java(TM) SE Runtime Environment (8.0_261-b12) (build 1.8.0_261-b12)
# Java VM: Java HotSpot(TM) 64-Bit Server VM (25.261-b12 mixed mode windows-amd64 compressed oops)
Heap:
 PSYoungGen      total 331776K, used 148357K [0x000000076b580000, 0x0000000783580000, 0x00000007c0000000)
  eden space 317952K, 42% used [0x000000076b580000,0x00000007738ef270,0x000000077ec00000)
  from space 13824K, 99% used [0x0000000782800000,0x0000000783572410,0x0000000783580000)
  to   space 20992K, 0% used [0x0000000780c80000,0x0000000780c80000,0x0000000782100000)
 ParOldGen       total 416256K, used 245780K [0x00000006c2000000, 0x00000006db680000, 0x000000076b580000)
  object space 416256K, 59% used [0x00000006c2000000,0x00000006d10050e8,0x00000006db680000)
 Metaspace       used 13690K, capacity 14220K, committed 14336K, reserved 1060864K
  class space    used 1829K, capacity 1996K, committed 2048K, reserved 1048576K
GC Heap History (10 events):
Event: 2.504 GC heap before
{Heap before GC invocations=8 (full 2):
 PSYoungGen      total 138752K, used 128000K [0x000000076b580000, 0x000000077c480000, 0x00000007c0000000)
  eden space 128000K, 100% used [0x000000076b580000,0x0000000773280000,0x0000000773280000)
  from space 10752K, 0% used [0x0000000773280000,0x0000000773280000,0x0000000773d00000)
  to   space 13824K, 0% used [0x000000077b700000,0x000000077b700000,0x000000077c480000)
 ParOldGen       total 416256K, used 245365K [0x00000006c2000000, 0x00000006db680000, 0x000000076b580000)
  object space 416256K, 58% used [0x00000006c2000000,0x00000006d0f9d728,0x00000006db680000)
 Metaspace       used 13279K, capacity 13878K, committed 14080K, reserved 1060864K
  class space    used 1828K, capacity 1995K, committed 2048K, reserved 1048576K
Event: 2.505 GC heap after
Heap after GC invocations=8 (full 2):
 PSYoungGen      total 225280K, used 1098K [0x000000076b580000, 0x000000077b880000, 0x00000007c0000000)
  eden space 223744K, 0% used [0x000000076b580000,0x000000076b580000,0x0000000779000000)
  from space 1536K, 71% used [0x000000077b700000,0x000000077b812990,0x000000077b880000)
  to   space 14336K, 0% used [0x0000000779c80000,0x0000000779c80000,0x000000077aa80000)
 ParOldGen       total 416256K, used 245373K [0x00000006c2000000, 0x00000006db680000, 0x000000076b580000)
  object space 416256K, 58% used [0x00000006c2000000,0x00000006d0f9f728,0x00000006db680000)
 Metaspace       used 13279K, capacity 13878K, committed 14080K, reserved 1060864K
  class space    used 1828K, capacity 1995K, committed 2048K, reserved 1048576K
}
Event: 2.725 GC heap before
{Heap before GC invocations=9 (full 2):
 PSYoungGen      total 225280K, used 221695K [0x000000076b580000, 0x000000077b880000, 0x00000007c0000000)
  eden space 223744K, 98% used [0x000000076b580000,0x0000000778ced4a8,0x0000000779000000)
  from space 1536K, 71% used [0x000000077b700000,0x000000077b812990,0x000000077b880000)
  to   space 14336K, 0% used [0x0000000779c80000,0x0000000779c80000,0x000000077aa80000)
 ParOldGen       total 416256K, used 245373K [0x00000006c2000000, 0x00000006db680000, 0x000000076b580000)
  object space 416256K, 58% used [0x00000006c2000000,0x00000006d0f9f728,0x00000006db680000)
 Metaspace       used 13374K, capacity 14014K, committed 14080K, reserved 1060864K
  class space    used 1828K, capacity 1995K, committed 2048K, reserved 1048576K
Event: 2.732 GC heap after
Heap after GC invocations=9 (full 2):
 PSYoungGen      total 250880K, used 13769K [0x000000076b580000, 0x0000000784c00000, 0x00000007c0000000)
  eden space 236544K, 0% used [0x000000076b580000,0x000000076b580000,0x0000000779c80000)
  from space 14336K, 96% used [0x0000000779c80000,0x000000077a9f2410,0x000000077aa80000)
  to   space 17408K, 0% used [0x0000000783b00000,0x0000000783b00000,0x0000000784c00000)
 ParOldGen       total 416256K, used 245381K [0x00000006c2000000, 0x00000006db680000, 0x000000076b580000)
  object space 416256K, 58% used [0x00000006c2000000,0x00000006d0fa1728,0x00000006db680000)
 Metaspace       used 13374K, capacity 14014K, committed 14080K, reserved 1060864K
  class space    used 1828K, capacity 1995K, committed 2048K, reserved 1048576K
}
Event: 2.959 GC heap before
{Heap before GC invocations=10 (full 2):
 PSYoungGen      total 250880K, used 238745K [0x000000076b580000, 0x0000000784c00000, 0x00000007c0000000)
  eden space 236544K, 95% used [0x000000076b580000,0x0000000779134250,0x0000000779c80000)
  from space 14336K, 96% used [0x0000000779c80000,0x000000077a9f2410,0x000000077aa80000)
  to   space 17408K, 0% used [0x0000000783b00000,0x0000000783b00000,0x0000000784c00000)
 ParOldGen       total 416256K, used 245381K [0x00000006c2000000, 0x00000006db680000, 0x000000076b580000)
  object space 416256K, 58% used [0x00000006c2000000,0x00000006d0fa1728,0x00000006db680000)
 Metaspace       used 13434K, capacity 14028K, committed 14080K, reserved 1060864K
  class space    used 1829K, capacity 1996K, committed 2048K, reserved 1048576K
Event: 2.966 GC heap after
Heap after GC invocations=10 (full 2):
 PSYoungGen      total 253952K, used 13801K [0x000000076b580000, 0x0000000784c00000, 0x00000007c0000000)
  eden space 236544K, 0% used [0x000000076b580000,0x000000076b580000,0x0000000779c80000)
  from space 17408K, 79% used [0x0000000783b00000,0x000000078487a410,0x0000000784c00000)
  to   space 14336K, 0% used [0x0000000779c80000,0x0000000779c80000,0x000000077aa80000)
 ParOldGen       total 416256K, used 245389K [0x00000006c2000000, 0x00000006db680000, 0x000000076b580000)
  object space 416256K, 58% used [0x00000006c2000000,0x00000006d0fa3728,0x00000006db680000)
 Metaspace       used 13434K, capacity 14028K, committed 14080K, reserved 1060864K
  class space    used 1829K, capacity 1996K, committed 2048K, reserved 1048576K
}
Event: 3.197 GC heap before
{Heap before GC invocations=11 (full 2):
 PSYoungGen      total 253952K, used 248289K [0x000000076b580000, 0x0000000784c00000, 0x00000007c0000000)
  eden space 236544K, 99% used [0x000000076b580000,0x0000000779a7e2a8,0x0000000779c80000)
  from space 17408K, 79% used [0x0000000783b00000,0x000000078487a410,0x0000000784c00000)
  to   space 14336K, 0% used [0x0000000779c80000,0x0000000779c80000,0x000000077aa80000)
 ParOldGen       total 416256K, used 245389K [0x00000006c2000000, 0x00000006db680000, 0x000000076b580000)
  object space 416256K, 58% used [0x00000006c2000000,0x00000006d0fa3728,0x00000006db680000)
 Metaspace       used 13552K, capacity 14156K, committed 14336K, reserved 1060864K
  class space    used 1829K, capacity 1996K, committed 2048K, reserved 1048576K
Event: 3.201 GC heap after
Heap after GC invocations=11 (full 2):
 PSYoungGen      total 250880K, used 13801K [0x000000076b580000, 0x0000000783b80000, 0x00000007c0000000)
  eden space 236544K, 0% used [0x000000076b580000,0x000000076b580000,0x0000000779c80000)
  from space 14336K, 96% used [0x0000000779c80000,0x000000077a9fa410,0x000000077aa80000)
  to   space 19968K, 0% used [0x0000000782800000,0x0000000782800000,0x0000000783b80000)
 ParOldGen       total 416256K, used 245558K [0x00000006c2000000, 0x00000006db680000, 0x000000076b580000)
  object space 416256K, 58% used [0x00000006c2000000,0x00000006d0fcdb68,0x00000006db680000)
 Metaspace       used 13552K, capacity 14156K, committed 14336K, reserved 1060864K
  class space    used 1829K, capacity 1996K, committed 2048K, reserved 1048576K
}
Event: 3.405 GC heap before
{Heap before GC invocations=12 (full 2):
 PSYoungGen      total 250880K, used 250273K [0x000000076b580000, 0x0000000783b80000, 0x00000007c0000000)
  eden space 236544K, 99% used [0x000000076b580000,0x0000000779c6e2b8,0x0000000779c80000)
  from space 14336K, 96% used [0x0000000779c80000,0x000000077a9fa410,0x000000077aa80000)
  to   space 19968K, 0% used [0x0000000782800000,0x0000000782800000,0x0000000783b80000)
 ParOldGen       total 416256K, used 245558K [0x00000006c2000000, 0x00000006db680000, 0x000000076b580000)
  object space 416256K, 58% used [0x00000006c2000000,0x00000006d0fcdb68,0x00000006db680000)
 Metaspace       used 13566K, capacity 14156K, committed 14336K, reserved 1060864K
  class space    used 1829K, capacity 1996K, committed 2048K, reserved 1048576K
Event: 3.411 GC heap after
Heap after GC invocations=12 (full 2):
 PSYoungGen      total 331776K, used 13769K [0x000000076b580000, 0x0000000783580000, 0x00000007c0000000)
  eden space 317952K, 0% used [0x000000076b580000,0x000000076b580000,0x000000077ec00000)
  from space 13824K, 99% used [0x0000000782800000,0x0000000783572410,0x0000000783580000)
  to   space 20992K, 0% used [0x0000000780c80000,0x0000000780c80000,0x0000000782100000)
 ParOldGen       total 416256K, used 245780K [0x00000006c2000000, 0x00000006db680000, 0x000000076b580000)
  object space 416256K, 59% used [0x00000006c2000000,0x00000006d10050e8,0x00000006db680000)
 Metaspace       used 13566K, capacity 14156K, committed 14336K, reserved 1060864K
  class space    used 1829K, capacity 1996K, committed 2048K, reserved 1048576K
}

