# JRE version: Java(TM) SE Runtime Environment (8.0_261-b12) (build 1.8.0_261-b12)
# Java VM: Java HotSpot(TM) 64-Bit Server VM (25.261-b12 mixed mode windows-amd64 compressed oops)
Heap:
 PSYoungGen      total 417280K, used 11615K [0x000000076b580000, 0x0000000787580000, 0x00000007c0000000)
  eden space 381952K, 2% used [0x000000076b580000,0x000000076bf60ef0,0x0000000782a80000)
  from space 35328K, 4% used [0x0000000785300000,0x0000000785476f80,0x0000000787580000)
  to   space 38400K, 0% used [0x0000000782a80000,0x0000000782a80000,0x0000000785000000)
 ParOldGen       total 459776K, used 229750K [0x00000006c2000000, 0x00000006de100000, 0x000000076b580000)
  object space 459776K, 49% used [0x00000006c2000000,0x00000006d005daf0,0x00000006de100000)
 Metaspace       used 13915K, capacity 14504K, committed 14592K, reserved 1062912K
  class space    used 1844K, capacity 2006K, committed 2048K, reserved 1048576K
GC Heap History (10 events):
Event: 4.845 GC heap before
{Heap before GC invocations=12 (full 4):
 PSYoungGen      total 259584K, used 236378K [0x000000076b580000, 0x0000000787800000, 0x00000007c0000000)
  eden space 245760K, 96% used [0x000000076b580000,0x0000000779c56a40,0x000000077a580000)
  from space 13824K, 0% used [0x000000077a580000,0x000000077a580000,0x000000077b300000)
  to   space 37888K, 0% used [0x0000000785300000,0x0000000785300000,0x0000000787800000)
 ParOldGen       total 459776K, used 229718K [0x00000006c2000000, 0x00000006de100000, 0x000000076b580000)
  object space 459776K, 49% used [0x00000006c2000000,0x00000006d0055af0,0x00000006de100000)
 Metaspace       used 13650K, capacity 14248K, committed 14336K, reserved 1060864K
  class space    used 1844K, capacity 2006K, committed 2048K, reserved 1048576K
Event: 4.846 GC heap after
Heap after GC invocations=12 (full 4):
 PSYoungGen      total 417280K, used 256K [0x000000076b580000, 0x0000000787580000, 0x00000007c0000000)
  eden space 381952K, 0% used [0x000000076b580000,0x000000076b580000,0x0000000782a80000)
  from space 35328K, 0% used [0x0000000785300000,0x0000000785340000,0x0000000787580000)
  to   space 38400K, 0% used [0x0000000782a80000,0x0000000782a80000,0x0000000785000000)
 ParOldGen       total 459776K, used 229726K [0x00000006c2000000, 0x00000006de100000, 0x000000076b580000)
  object space 459776K, 49% used [0x00000006c2000000,0x00000006d0057af0,0x00000006de100000)
 Metaspace       used 13650K, capacity 14248K, committed 14336K, reserved 1060864K
  class space    used 1844K, capacity 2006K, committed 2048K, reserved 1048576K
}
Event: 5.429 GC heap before
{Heap before GC invocations=13 (full 4):
 PSYoungGen      total 417280K, used 369272K [0x000000076b580000, 0x0000000787580000, 0x00000007c0000000)
  eden space 381952K, 96% used [0x000000076b580000,0x0000000781dde058,0x0000000782a80000)
  from space 35328K, 0% used [0x0000000785300000,0x0000000785340000,0x0000000787580000)
  to   space 38400K, 0% used [0x0000000782a80000,0x0000000782a80000,0x0000000785000000)
 ParOldGen       total 459776K, used 229726K [0x00000006c2000000, 0x00000006de100000, 0x000000076b580000)
  object space 459776K, 49% used [0x00000006c2000000,0x00000006d0057af0,0x00000006de100000)
 Metaspace       used 13706K, capacity 14312K, committed 14592K, reserved 1062912K
  class space    used 1844K, capacity 2006K, committed 2048K, reserved 1048576K
Event: 5.438 GC heap after
Heap after GC invocations=13 (full 4):
 PSYoungGen      total 420352K, used 17297K [0x000000076b580000, 0x0000000787580000, 0x00000007c0000000)
  eden space 381952K, 0% used [0x000000076b580000,0x000000076b580000,0x0000000782a80000)
  from space 38400K, 45% used [0x0000000782a80000,0x0000000783b644e0,0x0000000785000000)
  to   space 35328K, 0% used [0x0000000785300000,0x0000000785300000,0x0000000787580000)
 ParOldGen       total 459776K, used 229734K [0x00000006c2000000, 0x00000006de100000, 0x000000076b580000)
  object space 459776K, 49% used [0x00000006c2000000,0x00000006d0059af0,0x00000006de100000)
 Metaspace       used 13706K, capacity 14312K, committed 14592K, reserved 1062912K
  class space    used 1844K, capacity 2006K, committed 2048K, reserved 1048576K
}
Event: 6.092 GC heap before
{Heap before GC invocations=14 (full 4):
 PSYoungGen      total 420352K, used 396297K [0x000000076b580000, 0x0000000787580000, 0x00000007c0000000)
  eden space 381952K, 99% used [0x000000076b580000,0x000000078279dfe0,0x0000000782a80000)
  from space 38400K, 45% used [0x0000000782a80000,0x0000000783b644e0,0x0000000785000000)
  to   space 35328K, 0% used [0x0000000785300000,0x0000000785300000,0x0000000787580000)
 ParOldGen       total 459776K, used 229734K [0x00000006c2000000, 0x00000006de100000, 0x000000076b580000)
  object space 459776K, 49% used [0x00000006c2000000,0x00000006d0059af0,0x00000006de100000)
 Metaspace       used 13751K, capacity 14312K, committed 14592K, reserved 1062912K
  class space    used 1844K, capacity 2006K, committed 2048K, reserved 1048576K
Event: 6.100 GC heap after
Heap after GC invocations=14 (full 4):
 PSYoungGen      total 417280K, used 17615K [0x000000076b580000, 0x0000000787580000, 0x00000007c0000000)
  eden space 381952K, 0% used [0x000000076b580000,0x000000076b580000,0x0000000782a80000)
  from space 35328K, 49% used [0x0000000785300000,0x0000000786433ca0,0x0000000787580000)
  to   space 38400K, 0% used [0x0000000782a80000,0x0000000782a80000,0x0000000785000000)
 ParOldGen       total 459776K, used 229734K [0x00000006c2000000, 0x00000006de100000, 0x000000076b580000)
  object space 459776K, 49% used [0x00000006c2000000,0x00000006d0059af0,0x00000006de100000)
 Metaspace       used 13751K, capacity 14312K, committed 14592K, reserved 1062912K
  class space    used 1844K, capacity 2006K, committed 2048K, reserved 1048576K
}
Event: 7.102 GC heap before
{Heap before GC invocations=15 (full 4):
 PSYoungGen      total 417280K, used 396189K [0x000000076b580000, 0x0000000787580000, 0x00000007c0000000)
  eden space 381952K, 99% used [0x000000076b580000,0x0000000782733850,0x0000000782a80000)
  from space 35328K, 49% used [0x0000000785300000,0x0000000786433ca0,0x0000000787580000)
  to   space 38400K, 0% used [0x0000000782a80000,0x0000000782a80000,0x0000000785000000)
 ParOldGen       total 459776K, used 229734K [0x00000006c2000000, 0x00000006de100000, 0x000000076b580000)
  object space 459776K, 49% used [0x00000006c2000000,0x00000006d0059af0,0x00000006de100000)
 Metaspace       used 13868K, capacity 14504K, committed 14592K, reserved 1062912K
  class space    used 1844K, capacity 2006K, committed 2048K, reserved 1048576K
Event: 7.106 GC heap after
Heap after GC invocations=15 (full 4):
 PSYoungGen      total 420352K, used 17807K [0x000000076b580000, 0x0000000787580000, 0x00000007c0000000)
  eden space 381952K, 0% used [0x000000076b580000,0x000000076b580000,0x0000000782a80000)
  from space 38400K, 46% used [0x0000000782a80000,0x0000000783be3ca0,0x0000000785000000)
  to   space 35328K, 0% used [0x0000000785300000,0x0000000785300000,0x0000000787580000)
 ParOldGen       total 459776K, used 229742K [0x00000006c2000000, 0x00000006de100000, 0x000000076b580000)
  object space 459776K, 49% used [0x00000006c2000000,0x00000006d005baf0,0x00000006de100000)
 Metaspace       used 13868K, capacity 14504K, committed 14592K, reserved 1062912K
  class space    used 1844K, capacity 2006K, committed 2048K, reserved 1048576K
}
Event: 8.198 GC heap before
{Heap before GC invocations=16 (full 4):
 PSYoungGen      total 420352K, used 399759K [0x000000076b580000, 0x0000000787580000, 0x00000007c0000000)
  eden space 381952K, 100% used [0x000000076b580000,0x0000000782a80000,0x0000000782a80000)
  from space 38400K, 46% used [0x0000000782a80000,0x0000000783be3ca0,0x0000000785000000)
  to   space 35328K, 0% used [0x0000000785300000,0x0000000785300000,0x0000000787580000)
 ParOldGen       total 459776K, used 229742K [0x00000006c2000000, 0x00000006de100000, 0x000000076b580000)
  object space 459776K, 49% used [0x00000006c2000000,0x00000006d005baf0,0x00000006de100000)
 Metaspace       used 13914K, capacity 14504K, committed 14592K, reserved 1062912K
  class space    used 1844K, capacity 2006K, committed 2048K, reserved 1048576K
Event: 8.199 GC heap after
Heap after GC invocations=16 (full 4):
 PSYoungGen      total 417280K, used 1499K [0x000000076b580000, 0x0000000787580000, 0x00000007c0000000)
  eden space 381952K, 0% used [0x000000076b580000,0x000000076b580000,0x0000000782a80000)
  from space 35328K, 4% used [0x0000000785300000,0x0000000785476f80,0x0000000787580000)
  to   space 38400K, 0% used [0x0000000782a80000,0x0000000782a80000,0x0000000785000000)
 ParOldGen       total 459776K, used 229750K [0x00000006c2000000, 0x00000006de100000, 0x000000076b580000)
  object space 459776K, 49% used [0x00000006c2000000,0x00000006d005daf0,0x00000006de100000)
 Metaspace       used 13914K, capacity 14504K, committed 14592K, reserved 1062912K
  class space    used 1844K, capacity 2006K, committed 2048K, reserved 1048576K
}

