# JRE version: Java(TM) SE Runtime Environment (8.0_261-b12) (build 1.8.0_261-b12)
# Java VM: Java HotSpot(TM) 64-Bit Server VM (25.261-b12 mixed mode windows-amd64 compressed oops)
Heap:
 PSYoungGen      total 347136K, used 202093K [0x000000076b580000, 0x0000000784600000, 0x00000007c0000000)
  eden space 332800K, 56% used [0x000000076b580000,0x0000000776d51260,0x000000077fa80000)
  from space 14336K, 96% used [0x0000000783800000,0x000000078458a410,0x0000000784600000)
  to   space 20480K, 0% used [0x0000000781e00000,0x0000000781e00000,0x0000000783200000)
 ParOldGen       total 415744K, used 252559K [0x00000006c2000000, 0x00000006db600000, 0x000000076b580000)
  object space 415744K, 60% used [0x00000006c2000000,0x00000006d16a3ca8,0x00000006db600000)
 Metaspace       used 13690K, capacity 14304K, committed 14592K, reserved 1062912K
  class space    used 1827K, capacity 1996K, committed 2048K, reserved 1048576K
GC Heap History (10 events):
Event: 2.376 GC heap before
{Heap before GC invocations=8 (full 2):
 PSYoungGen      total 138752K, used 116673K [0x000000076b580000, 0x000000077c600000, 0x00000007c0000000)
  eden space 128000K, 91% used [0x000000076b580000,0x00000007727706a0,0x0000000773280000)
  from space 10752K, 0% used [0x0000000773280000,0x0000000773280000,0x0000000773d00000)
  to   space 14336K, 0% used [0x000000077b800000,0x000000077b800000,0x000000077c600000)
 ParOldGen       total 415744K, used 245358K [0x00000006c2000000, 0x00000006db600000, 0x000000076b580000)
  object space 415744K, 59% used [0x00000006c2000000,0x00000006d0f9b8d8,0x00000006db600000)
 Metaspace       used 13090K, capacity 13680K, committed 13824K, reserved 1060864K
  class space    used 1820K, capacity 1994K, committed 2048K, reserved 1048576K
Event: 2.385 GC heap after
Heap after GC invocations=8 (full 2):
 PSYoungGen      total 242176K, used 13577K [0x000000076b580000, 0x000000077c580000, 0x00000007c0000000)
  eden space 228352K, 0% used [0x000000076b580000,0x000000076b580000,0x0000000779480000)
  from space 13824K, 98% used [0x000000077b800000,0x000000077c542410,0x000000077c580000)
  to   space 16384K, 0% used [0x000000077a580000,0x000000077a580000,0x000000077b580000)
 ParOldGen       total 415744K, used 248672K [0x00000006c2000000, 0x00000006db600000, 0x000000076b580000)
  object space 415744K, 59% used [0x00000006c2000000,0x00000006d12d81e8,0x00000006db600000)
 Metaspace       used 13090K, capacity 13680K, committed 13824K, reserved 1060864K
  class space    used 1820K, capacity 1994K, committed 2048K, reserved 1048576K
}
Event: 2.711 GC heap before
{Heap before GC invocations=9 (full 2):
 PSYoungGen      total 242176K, used 229560K [0x000000076b580000, 0x000000077c580000, 0x00000007c0000000)
  eden space 228352K, 94% used [0x000000076b580000,0x000000077886bcc8,0x0000000779480000)
  from space 13824K, 98% used [0x000000077b800000,0x000000077c542410,0x000000077c580000)
  to   space 16384K, 0% used [0x000000077a580000,0x000000077a580000,0x000000077b580000)
 ParOldGen       total 415744K, used 248672K [0x00000006c2000000, 0x00000006db600000, 0x000000076b580000)
  object space 415744K, 59% used [0x00000006c2000000,0x00000006d12d81e8,0x00000006db600000)
 Metaspace       used 13299K, capacity 13874K, committed 14080K, reserved 1060864K
  class space    used 1825K, capacity 1995K, committed 2048K, reserved 1048576K
Event: 2.719 GC heap after
Heap after GC invocations=9 (full 2):
 PSYoungGen      total 262144K, used 13769K [0x000000076b580000, 0x0000000785d00000, 0x00000007c0000000)
  eden space 245760K, 0% used [0x000000076b580000,0x000000076b580000,0x000000077a580000)
  from space 16384K, 84% used [0x000000077a580000,0x000000077b2f2410,0x000000077b580000)
  to   space 18432K, 0% used [0x0000000784b00000,0x0000000784b00000,0x0000000785d00000)
 ParOldGen       total 415744K, used 251986K [0x00000006c2000000, 0x00000006db600000, 0x000000076b580000)
  object space 415744K, 60% used [0x00000006c2000000,0x00000006d1614af8,0x00000006db600000)
 Metaspace       used 13299K, capacity 13874K, committed 14080K, reserved 1060864K
  class space    used 1825K, capacity 1995K, committed 2048K, reserved 1048576K
}
Event: 2.953 GC heap before
{Heap before GC invocations=10 (full 2):
 PSYoungGen      total 262144K, used 257662K [0x000000076b580000, 0x0000000785d00000, 0x00000007c0000000)
  eden space 245760K, 99% used [0x000000076b580000,0x000000077a3ad728,0x000000077a580000)
  from space 16384K, 84% used [0x000000077a580000,0x000000077b2f2410,0x000000077b580000)
  to   space 18432K, 0% used [0x0000000784b00000,0x0000000784b00000,0x0000000785d00000)
 ParOldGen       total 415744K, used 251986K [0x00000006c2000000, 0x00000006db600000, 0x000000076b580000)
  object space 415744K, 60% used [0x00000006c2000000,0x00000006d1614af8,0x00000006db600000)
 Metaspace       used 13380K, capacity 13954K, committed 14080K, reserved 1060864K
  class space    used 1825K, capacity 1995K, committed 2048K, reserved 1048576K
Event: 2.961 GC heap after
Heap after GC invocations=10 (full 2):
 PSYoungGen      total 264192K, used 13862K [0x000000076b580000, 0x0000000785d00000, 0x00000007c0000000)
  eden space 245760K, 0% used [0x000000076b580000,0x000000076b580000,0x000000077a580000)
  from space 18432K, 75% used [0x0000000784b00000,0x0000000785889bd0,0x0000000785d00000)
  to   space 16384K, 0% used [0x000000077a580000,0x000000077a580000,0x000000077b580000)
 ParOldGen       total 415744K, used 251994K [0x00000006c2000000, 0x00000006db600000, 0x000000076b580000)
  object space 415744K, 60% used [0x00000006c2000000,0x00000006d1616af8,0x00000006db600000)
 Metaspace       used 13380K, capacity 13954K, committed 14080K, reserved 1060864K
  class space    used 1825K, capacity 1995K, committed 2048K, reserved 1048576K
}
Event: 3.235 GC heap before
{Heap before GC invocations=11 (full 2):
 PSYoungGen      total 264192K, used 257708K [0x000000076b580000, 0x0000000785d00000, 0x00000007c0000000)
  eden space 245760K, 99% used [0x000000076b580000,0x000000077a3a1768,0x000000077a580000)
  from space 18432K, 75% used [0x0000000784b00000,0x0000000785889bd0,0x0000000785d00000)
  to   space 16384K, 0% used [0x000000077a580000,0x000000077a580000,0x000000077b580000)
 ParOldGen       total 415744K, used 251994K [0x00000006c2000000, 0x00000006db600000, 0x000000076b580000)
  object space 415744K, 60% used [0x00000006c2000000,0x00000006d1616af8,0x00000006db600000)
 Metaspace       used 13441K, capacity 14022K, committed 14080K, reserved 1060864K
  class space    used 1826K, capacity 1995K, committed 2048K, reserved 1048576K
Event: 3.238 GC heap after
Heap after GC invocations=11 (full 2):
 PSYoungGen      total 262144K, used 14054K [0x000000076b580000, 0x0000000784b80000, 0x00000007c0000000)
  eden space 245760K, 0% used [0x000000076b580000,0x000000076b580000,0x000000077a580000)
  from space 16384K, 85% used [0x000000077a580000,0x000000077b339bd0,0x000000077b580000)
  to   space 19968K, 0% used [0x0000000783800000,0x0000000783800000,0x0000000784b80000)
 ParOldGen       total 415744K, used 252091K [0x00000006c2000000, 0x00000006db600000, 0x000000076b580000)
  object space 415744K, 60% used [0x00000006c2000000,0x00000006d162ef68,0x00000006db600000)
 Metaspace       used 13441K, capacity 14022K, committed 14080K, reserved 1060864K
  class space    used 1826K, capacity 1995K, committed 2048K, reserved 1048576K
}
Event: 3.629 GC heap before
{Heap before GC invocations=12 (full 2):
 PSYoungGen      total 262144K, used 258052K [0x000000076b580000, 0x0000000784b80000, 0x00000007c0000000)
  eden space 245760K, 99% used [0x000000076b580000,0x000000077a3c75c8,0x000000077a580000)
  from space 16384K, 85% used [0x000000077a580000,0x000000077b339bd0,0x000000077b580000)
  to   space 19968K, 0% used [0x0000000783800000,0x0000000783800000,0x0000000784b80000)
 ParOldGen       total 415744K, used 252091K [0x00000006c2000000, 0x00000006db600000, 0x000000076b580000)
  object space 415744K, 60% used [0x00000006c2000000,0x00000006d162ef68,0x00000006db600000)
 Metaspace       used 13602K, capacity 14156K, committed 14336K, reserved 1060864K
  class space    used 1827K, capacity 1996K, committed 2048K, reserved 1048576K
Event: 3.634 GC heap after
Heap after GC invocations=12 (full 2):
 PSYoungGen      total 347136K, used 13865K [0x000000076b580000, 0x0000000784600000, 0x00000007c0000000)
  eden space 332800K, 0% used [0x000000076b580000,0x000000076b580000,0x000000077fa80000)
  from space 14336K, 96% used [0x0000000783800000,0x000000078458a410,0x0000000784600000)
  to   space 20480K, 0% used [0x0000000781e00000,0x0000000781e00000,0x0000000783200000)
 ParOldGen       total 415744K, used 252559K [0x00000006c2000000, 0x00000006db600000, 0x000000076b580000)
  object space 415744K, 60% used [0x00000006c2000000,0x00000006d16a3ca8,0x00000006db600000)
 Metaspace       used 13602K, capacity 14156K, committed 14336K, reserved 1060864K
  class space    used 1827K, capacity 1996K, committed 2048K, reserved 1048576K
}

