# JRE version: Java(TM) SE Runtime Environment (8.0_261-b12) (build 1.8.0_261-b12)
# Java VM: Java HotSpot(TM) 64-Bit Server VM (25.261-b12 mixed mode windows-amd64 compressed oops)
Heap:
 PSYoungGen      total 259072K, used 120852K [0x000000076b580000, 0x000000077c580000, 0x00000007c0000000)
  eden space 242688K, 44% used [0x000000076b580000,0x0000000771e02d60,0x000000077a280000)
  from space 16384K, 84% used [0x000000077a580000,0x000000077b302410,0x000000077b580000)
  to   space 13824K, 0% used [0x000000077b800000,0x000000077b800000,0x000000077c580000)
 ParOldGen       total 418304K, used 279720K [0x00000006c2000000, 0x00000006db880000, 0x000000076b580000)
  object space 418304K, 66% used [0x00000006c2000000,0x00000006d312a1b8,0x00000006db880000)
 Metaspace       used 13534K, capacity 14148K, committed 14336K, reserved 1060864K
  class space    used 1829K, capacity 1996K, committed 2048K, reserved 1048576K
GC Heap History (10 events):
Event: 2.015 GC heap before
{Heap before GC invocations=5 (full 1):
 PSYoungGen      total 75776K, used 46792K [0x000000076b580000, 0x0000000774980000, 0x00000007c0000000)
  eden space 65024K, 71% used [0x000000076b580000,0x000000076e3321d0,0x000000076f500000)
  from space 10752K, 0% used [0x000000076f500000,0x000000076f500000,0x000000076ff80000)
  to   space 10752K, 0% used [0x0000000773f00000,0x0000000773f00000,0x0000000774980000)
 ParOldGen       total 251904K, used 117459K [0x00000006c2000000, 0x00000006d1600000, 0x000000076b580000)
  object space 251904K, 46% used [0x00000006c2000000,0x00000006c92b4f00,0x00000006d1600000)
 Metaspace       used 12993K, capacity 13544K, committed 13824K, reserved 1060864K
  class space    used 1794K, capacity 1927K, committed 2048K, reserved 1048576K
Event: 2.026 GC heap after
Heap after GC invocations=5 (full 1):
 PSYoungGen      total 136704K, used 857K [0x000000076b580000, 0x0000000774780000, 0x00000007c0000000)
  eden space 128000K, 0% used [0x000000076b580000,0x000000076b580000,0x0000000773280000)
  from space 8704K, 9% used [0x0000000773f00000,0x0000000773fd6440,0x0000000774780000)
  to   space 10752K, 0% used [0x0000000773280000,0x0000000773280000,0x0000000773d00000)
 ParOldGen       total 251904K, used 162459K [0x00000006c2000000, 0x00000006d1600000, 0x000000076b580000)
  object space 251904K, 64% used [0x00000006c2000000,0x00000006cbea6f20,0x00000006d1600000)
 Metaspace       used 12993K, capacity 13544K, committed 13824K, reserved 1060864K
  class space    used 1794K, capacity 1927K, committed 2048K, reserved 1048576K
}
Event: 2.346 GC heap before
{Heap before GC invocations=6 (full 1):
 PSYoungGen      total 136704K, used 122769K [0x000000076b580000, 0x0000000774780000, 0x00000007c0000000)
  eden space 128000K, 95% used [0x000000076b580000,0x0000000772c8e340,0x0000000773280000)
  from space 8704K, 9% used [0x0000000773f00000,0x0000000773fd6440,0x0000000774780000)
  to   space 10752K, 0% used [0x0000000773280000,0x0000000773280000,0x0000000773d00000)
 ParOldGen       total 251904K, used 162459K [0x00000006c2000000, 0x00000006d1600000, 0x000000076b580000)
  object space 251904K, 64% used [0x00000006c2000000,0x00000006cbea6f20,0x00000006d1600000)
 Metaspace       used 13084K, capacity 13610K, committed 13824K, reserved 1060864K
  class space    used 1819K, capacity 1993K, committed 2048K, reserved 1048576K
Event: 2.360 GC heap after
Heap after GC invocations=6 (full 1):
 PSYoungGen      total 138752K, used 3754K [0x000000076b580000, 0x000000077c580000, 0x00000007c0000000)
  eden space 128000K, 0% used [0x000000076b580000,0x000000076b580000,0x0000000773280000)
  from space 10752K, 34% used [0x0000000773280000,0x000000077362a910,0x0000000773d00000)
  to   space 13824K, 0% used [0x000000077b800000,0x000000077b800000,0x000000077c580000)
 ParOldGen       total 265216K, used 256417K [0x00000006c2000000, 0x00000006d2300000, 0x000000076b580000)
  object space 265216K, 96% used [0x00000006c2000000,0x00000006d1a68770,0x00000006d2300000)
 Metaspace       used 13084K, capacity 13610K, committed 13824K, reserved 1060864K
  class space    used 1819K, capacity 1993K, committed 2048K, reserved 1048576K
}
Event: 2.360 GC heap before
{Heap before GC invocations=7 (full 2):
 PSYoungGen      total 138752K, used 3754K [0x000000076b580000, 0x000000077c580000, 0x00000007c0000000)
  eden space 128000K, 0% used [0x000000076b580000,0x000000076b580000,0x0000000773280000)
  from space 10752K, 34% used [0x0000000773280000,0x000000077362a910,0x0000000773d00000)
  to   space 13824K, 0% used [0x000000077b800000,0x000000077b800000,0x000000077c580000)
 ParOldGen       total 265216K, used 256417K [0x00000006c2000000, 0x00000006d2300000, 0x000000076b580000)
  object space 265216K, 96% used [0x00000006c2000000,0x00000006d1a68770,0x00000006d2300000)
 Metaspace       used 13084K, capacity 13610K, committed 13824K, reserved 1060864K
  class space    used 1819K, capacity 1993K, committed 2048K, reserved 1048576K
Event: 2.369 GC heap after
Heap after GC invocations=7 (full 2):
 PSYoungGen      total 138752K, used 0K [0x000000076b580000, 0x000000077c580000, 0x00000007c0000000)
  eden space 128000K, 0% used [0x000000076b580000,0x000000076b580000,0x0000000773280000)
  from space 10752K, 0% used [0x0000000773280000,0x0000000773280000,0x0000000773d00000)
  to   space 13824K, 0% used [0x000000077b800000,0x000000077b800000,0x000000077c580000)
 ParOldGen       total 418304K, used 246641K [0x00000006c2000000, 0x00000006db880000, 0x000000076b580000)
  object space 418304K, 58% used [0x00000006c2000000,0x00000006d10dc778,0x00000006db880000)
 Metaspace       used 13084K, capacity 13610K, committed 13824K, reserved 1060864K
  class space    used 1819K, capacity 1993K, committed 2048K, reserved 1048576K
}
Event: 2.581 GC heap before
{Heap before GC invocations=8 (full 2):
 PSYoungGen      total 138752K, used 126288K [0x000000076b580000, 0x000000077c580000, 0x00000007c0000000)
  eden space 128000K, 98% used [0x000000076b580000,0x00000007730d41b0,0x0000000773280000)
  from space 10752K, 0% used [0x0000000773280000,0x0000000773280000,0x0000000773d00000)
  to   space 13824K, 0% used [0x000000077b800000,0x000000077b800000,0x000000077c580000)
 ParOldGen       total 418304K, used 246641K [0x00000006c2000000, 0x00000006db880000, 0x000000076b580000)
  object space 418304K, 58% used [0x00000006c2000000,0x00000006d10dc778,0x00000006db880000)
 Metaspace       used 13301K, capacity 13874K, committed 14080K, reserved 1060864K
  class space    used 1828K, capacity 1995K, committed 2048K, reserved 1048576K
Event: 2.589 GC heap after
Heap after GC invocations=8 (full 2):
 PSYoungGen      total 256512K, used 13737K [0x000000076b580000, 0x000000077c580000, 0x00000007c0000000)
  eden space 242688K, 0% used [0x000000076b580000,0x000000076b580000,0x000000077a280000)
  from space 13824K, 99% used [0x000000077b800000,0x000000077c56a410,0x000000077c580000)
  to   space 16384K, 0% used [0x000000077a580000,0x000000077a580000,0x000000077b580000)
 ParOldGen       total 418304K, used 263181K [0x00000006c2000000, 0x00000006db880000, 0x000000076b580000)
  object space 418304K, 62% used [0x00000006c2000000,0x00000006d2103498,0x00000006db880000)
 Metaspace       used 13301K, capacity 13874K, committed 14080K, reserved 1060864K
  class space    used 1828K, capacity 1995K, committed 2048K, reserved 1048576K
}
Event: 3.015 GC heap before
{Heap before GC invocations=9 (full 2):
 PSYoungGen      total 256512K, used 244291K [0x000000076b580000, 0x000000077c580000, 0x00000007c0000000)
  eden space 242688K, 95% used [0x000000076b580000,0x00000007796a6910,0x000000077a280000)
  from space 13824K, 99% used [0x000000077b800000,0x000000077c56a410,0x000000077c580000)
  to   space 16384K, 0% used [0x000000077a580000,0x000000077a580000,0x000000077b580000)
 ParOldGen       total 418304K, used 263181K [0x00000006c2000000, 0x00000006db880000, 0x000000076b580000)
  object space 418304K, 62% used [0x00000006c2000000,0x00000006d2103498,0x00000006db880000)
 Metaspace       used 13446K, capacity 14020K, committed 14080K, reserved 1060864K
  class space    used 1829K, capacity 1996K, committed 2048K, reserved 1048576K
Event: 3.024 GC heap after
Heap after GC invocations=9 (full 2):
 PSYoungGen      total 259072K, used 13833K [0x000000076b580000, 0x000000077c580000, 0x00000007c0000000)
  eden space 242688K, 0% used [0x000000076b580000,0x000000076b580000,0x000000077a280000)
  from space 16384K, 84% used [0x000000077a580000,0x000000077b302410,0x000000077b580000)
  to   space 13824K, 0% used [0x000000077b800000,0x000000077b800000,0x000000077c580000)
 ParOldGen       total 418304K, used 279720K [0x00000006c2000000, 0x00000006db880000, 0x000000076b580000)
  object space 418304K, 66% used [0x00000006c2000000,0x00000006d312a1b8,0x00000006db880000)
 Metaspace       used 13446K, capacity 14020K, committed 14080K, reserved 1060864K
  class space    used 1829K, capacity 1996K, committed 2048K, reserved 1048576K
}

