# JRE version: Java(TM) SE Runtime Environment (8.0_261-b12) (build 1.8.0_261-b12)
# Java VM: Java HotSpot(TM) 64-Bit Server VM (25.261-b12 mixed mode windows-amd64 compressed oops)
Heap:
 PSYoungGen      total 1259520K, used 226518K [0x000000076b580000, 0x00000007ba480000, 0x00000007c0000000)
  eden space 1256960K, 17% used [0x000000076b580000,0x000000077904d370,0x00000007b8100000)
  from space 2560K, 96% used [0x00000007ba200000,0x00000007ba468680,0x00000007ba480000)
  to   space 11264K, 0% used [0x00000007b8e80000,0x00000007b8e80000,0x00000007b9980000)
 ParOldGen       total 402944K, used 310456K [0x00000006c2000000, 0x00000006da980000, 0x000000076b580000)
  object space 402944K, 77% used [0x00000006c2000000,0x00000006d4f2e0f8,0x00000006da980000)
 Metaspace       used 14180K, capacity 14756K, committed 14848K, reserved 1062912K
  class space    used 1838K, capacity 2004K, committed 2048K, reserved 1048576K
GC Heap History (10 events):
Event: 8.104 GC heap before
{Heap before GC invocations=13 (full 3):
 PSYoungGen      total 651776K, used 4498K [0x000000076b580000, 0x0000000794700000, 0x00000007c0000000)
  eden space 647168K, 0% used [0x000000076b580000,0x000000076b580000,0x0000000792d80000)
  from space 4608K, 97% used [0x0000000794280000,0x00000007946e4ab0,0x0000000794700000)
  to   space 12288K, 0% used [0x0000000792f00000,0x0000000792f00000,0x0000000793b00000)
 ParOldGen       total 419328K, used 352923K [0x00000006c2000000, 0x00000006db980000, 0x000000076b580000)
  object space 419328K, 84% used [0x00000006c2000000,0x00000006d78a6ed0,0x00000006db980000)
 Metaspace       used 13781K, capacity 14340K, committed 14592K, reserved 1062912K
  class space    used 1831K, capacity 1996K, committed 2048K, reserved 1048576K
Event: 8.148 GC heap after
Heap after GC invocations=13 (full 3):
 PSYoungGen      total 651776K, used 0K [0x000000076b580000, 0x0000000794700000, 0x00000007c0000000)
  eden space 647168K, 0% used [0x000000076b580000,0x000000076b580000,0x0000000792d80000)
  from space 4608K, 0% used [0x0000000794280000,0x0000000794280000,0x0000000794700000)
  to   space 12288K, 0% used [0x0000000792f00000,0x0000000792f00000,0x0000000793b00000)
 ParOldGen       total 402944K, used 228900K [0x00000006c2000000, 0x00000006da980000, 0x000000076b580000)
  object space 402944K, 56% used [0x00000006c2000000,0x00000006cff89298,0x00000006da980000)
 Metaspace       used 13781K, capacity 14340K, committed 14592K, reserved 1062912K
  class space    used 1831K, capacity 1996K, committed 2048K, reserved 1048576K
}
Event: 10.129 GC heap before
{Heap before GC invocations=14 (full 3):
 PSYoungGen      total 651776K, used 640391K [0x000000076b580000, 0x0000000794700000, 0x00000007c0000000)
  eden space 647168K, 98% used [0x000000076b580000,0x00000007926e1e60,0x0000000792d80000)
  from space 4608K, 0% used [0x0000000794280000,0x0000000794280000,0x0000000794700000)
  to   space 12288K, 0% used [0x0000000792f00000,0x0000000792f00000,0x0000000793b00000)
 ParOldGen       total 402944K, used 228900K [0x00000006c2000000, 0x00000006da980000, 0x000000076b580000)
  object space 402944K, 56% used [0x00000006c2000000,0x00000006cff89298,0x00000006da980000)
 Metaspace       used 13914K, capacity 14532K, committed 14592K, reserved 1062912K
  class space    used 1831K, capacity 1996K, committed 2048K, reserved 1048576K
Event: 10.142 GC heap after
Heap after GC invocations=14 (full 3):
 PSYoungGen      total 660992K, used 4560K [0x000000076b580000, 0x00000007a5d00000, 0x00000007c0000000)
  eden space 648704K, 0% used [0x000000076b580000,0x000000076b580000,0x0000000792f00000)
  from space 12288K, 37% used [0x0000000792f00000,0x00000007933741b0,0x0000000793b00000)
  to   space 11776K, 0% used [0x00000007a5180000,0x00000007a5180000,0x00000007a5d00000)
 ParOldGen       total 402944K, used 255358K [0x00000006c2000000, 0x00000006da980000, 0x000000076b580000)
  object space 402944K, 63% used [0x00000006c2000000,0x00000006d195fab8,0x00000006da980000)
 Metaspace       used 13914K, capacity 14532K, committed 14592K, reserved 1062912K
  class space    used 1831K, capacity 1996K, committed 2048K, reserved 1048576K
}
Event: 11.463 GC heap before
{Heap before GC invocations=15 (full 3):
 PSYoungGen      total 660992K, used 643579K [0x000000076b580000, 0x00000007a5d00000, 0x00000007c0000000)
  eden space 648704K, 98% used [0x000000076b580000,0x000000079258ae30,0x0000000792f00000)
  from space 12288K, 37% used [0x0000000792f00000,0x00000007933741b0,0x0000000793b00000)
  to   space 11776K, 0% used [0x00000007a5180000,0x00000007a5180000,0x00000007a5d00000)
 ParOldGen       total 402944K, used 255358K [0x00000006c2000000, 0x00000006da980000, 0x000000076b580000)
  object space 402944K, 63% used [0x00000006c2000000,0x00000006d195fab8,0x00000006da980000)
 Metaspace       used 13939K, capacity 14532K, committed 14592K, reserved 1062912K
  class space    used 1831K, capacity 1996K, committed 2048K, reserved 1048576K
Event: 11.471 GC heap after
Heap after GC invocations=15 (full 3):
 PSYoungGen      total 921600K, used 4086K [0x000000076b580000, 0x00000007a5580000, 0x00000007c0000000)
  eden space 917504K, 0% used [0x000000076b580000,0x000000076b580000,0x00000007a3580000)
  from space 4096K, 99% used [0x00000007a5180000,0x00000007a557dab0,0x00000007a5580000)
  to   space 11264K, 0% used [0x00000007a3f80000,0x00000007a3f80000,0x00000007a4a80000)
 ParOldGen       total 402944K, used 282784K [0x00000006c2000000, 0x00000006da980000, 0x000000076b580000)
  object space 402944K, 70% used [0x00000006c2000000,0x00000006d34282f8,0x00000006da980000)
 Metaspace       used 13939K, capacity 14532K, committed 14592K, reserved 1062912K
  class space    used 1831K, capacity 1996K, committed 2048K, reserved 1048576K
}
Event: 13.806 GC heap before
{Heap before GC invocations=16 (full 3):
 PSYoungGen      total 921600K, used 916352K [0x000000076b580000, 0x00000007a5580000, 0x00000007c0000000)
  eden space 917504K, 99% used [0x000000076b580000,0x00000007a3062720,0x00000007a3580000)
  from space 4096K, 99% used [0x00000007a5180000,0x00000007a557dab0,0x00000007a5580000)
  to   space 11264K, 0% used [0x00000007a3f80000,0x00000007a3f80000,0x00000007a4a80000)
 ParOldGen       total 402944K, used 282784K [0x00000006c2000000, 0x00000006da980000, 0x000000076b580000)
  object space 402944K, 70% used [0x00000006c2000000,0x00000006d34282f8,0x00000006da980000)
 Metaspace       used 14009K, capacity 14596K, committed 14848K, reserved 1062912K
  class space    used 1831K, capacity 1996K, committed 2048K, reserved 1048576K
Event: 13.839 GC heap after
Heap after GC invocations=16 (full 3):
 PSYoungGen      total 939008K, used 1081K [0x000000076b580000, 0x00000007bad00000, 0x00000007c0000000)
  eden space 927744K, 0% used [0x000000076b580000,0x000000076b580000,0x00000007a3f80000)
  from space 11264K, 9% used [0x00000007a3f80000,0x00000007a408e500,0x00000007a4a80000)
  to   space 11264K, 0% used [0x00000007ba200000,0x00000007ba200000,0x00000007bad00000)
 ParOldGen       total 402944K, used 309746K [0x00000006c2000000, 0x00000006da980000, 0x000000076b580000)
  object space 402944K, 76% used [0x00000006c2000000,0x00000006d4e7c9f8,0x00000006da980000)
 Metaspace       used 14009K, capacity 14596K, committed 14848K, reserved 1062912K
  class space    used 1831K, capacity 1996K, committed 2048K, reserved 1048576K
}
Event: 22.110 GC heap before
{Heap before GC invocations=17 (full 3):
 PSYoungGen      total 939008K, used 928825K [0x000000076b580000, 0x00000007bad00000, 0x00000007c0000000)
  eden space 927744K, 100% used [0x000000076b580000,0x00000007a3f80000,0x00000007a3f80000)
  from space 11264K, 9% used [0x00000007a3f80000,0x00000007a408e500,0x00000007a4a80000)
  to   space 11264K, 0% used [0x00000007ba200000,0x00000007ba200000,0x00000007bad00000)
 ParOldGen       total 402944K, used 309746K [0x00000006c2000000, 0x00000006da980000, 0x000000076b580000)
  object space 402944K, 76% used [0x00000006c2000000,0x00000006d4e7c9f8,0x00000006da980000)
 Metaspace       used 14173K, capacity 14756K, committed 14848K, reserved 1062912K
  class space    used 1838K, capacity 2004K, committed 2048K, reserved 1048576K
Event: 22.114 GC heap after
Heap after GC invocations=17 (full 3):
 PSYoungGen      total 1259520K, used 2465K [0x000000076b580000, 0x00000007ba480000, 0x00000007c0000000)
  eden space 1256960K, 0% used [0x000000076b580000,0x000000076b580000,0x00000007b8100000)
  from space 2560K, 96% used [0x00000007ba200000,0x00000007ba468680,0x00000007ba480000)
  to   space 11264K, 0% used [0x00000007b8e80000,0x00000007b8e80000,0x00000007b9980000)
 ParOldGen       total 402944K, used 310456K [0x00000006c2000000, 0x00000006da980000, 0x000000076b580000)
  object space 402944K, 77% used [0x00000006c2000000,0x00000006d4f2e0f8,0x00000006da980000)
 Metaspace       used 14173K, capacity 14756K, committed 14848K, reserved 1062912K
  class space    used 1838K, capacity 2004K, committed 2048K, reserved 1048576K
}

