# JRE version: Java(TM) SE Runtime Environment (8.0_261-b12) (build 1.8.0_261-b12)
# Java VM: Java HotSpot(TM) 64-Bit Server VM (25.261-b12 mixed mode windows-amd64 compressed oops)
Heap:
 PSYoungGen      total 139264K, used 116082K [0x000000076b580000, 0x000000077c880000, 0x00000007c0000000)
  eden space 128512K, 90% used [0x000000076b580000,0x00000007726dc8c0,0x0000000773300000)
  from space 10752K, 0% used [0x0000000773300000,0x0000000773300000,0x0000000773d80000)
  to   space 14336K, 0% used [0x000000077ba80000,0x000000077ba80000,0x000000077c880000)
 ParOldGen       total 249344K, used 228814K [0x00000006c2000000, 0x00000006d1380000, 0x000000076b580000)
  object space 249344K, 91% used [0x00000006c2000000,0x00000006cff73970,0x00000006d1380000)
 Metaspace       used 13705K, capacity 14276K, committed 14336K, reserved 1060864K
  class space    used 1831K, capacity 1996K, committed 2048K, reserved 1048576K
GC Heap History (10 events):
Event: 5.648 GC heap before
{Heap before GC invocations=15 (full 10):
 PSYoungGen      total 139264K, used 125852K [0x000000076b580000, 0x000000077c880000, 0x00000007c0000000)
  eden space 128512K, 97% used [0x000000076b580000,0x00000007730670b8,0x0000000773300000)
  from space 10752K, 0% used [0x0000000773300000,0x0000000773300000,0x0000000773d80000)
  to   space 14336K, 0% used [0x000000077ba80000,0x000000077ba80000,0x000000077c880000)
 ParOldGen       total 249344K, used 228254K [0x00000006c2000000, 0x00000006d1380000, 0x000000076b580000)
  object space 249344K, 91% used [0x00000006c2000000,0x00000006cfee78c0,0x00000006d1380000)
 Metaspace       used 13576K, capacity 14148K, committed 14336K, reserved 1060864K
  class space    used 1831K, capacity 1996K, committed 2048K, reserved 1048576K
Event: 5.661 GC heap after
Heap after GC invocations=15 (full 10):
 PSYoungGen      total 139264K, used 0K [0x000000076b580000, 0x000000077c880000, 0x00000007c0000000)
  eden space 128512K, 0% used [0x000000076b580000,0x000000076b580000,0x0000000773300000)
  from space 10752K, 0% used [0x0000000773300000,0x0000000773300000,0x0000000773d80000)
  to   space 14336K, 0% used [0x000000077ba80000,0x000000077ba80000,0x000000077c880000)
 ParOldGen       total 249344K, used 228371K [0x00000006c2000000, 0x00000006d1380000, 0x000000076b580000)
  object space 249344K, 91% used [0x00000006c2000000,0x00000006cff04d88,0x00000006d1380000)
 Metaspace       used 13576K, capacity 14148K, committed 14336K, reserved 1060864K
  class space    used 1831K, capacity 1996K, committed 2048K, reserved 1048576K
}
Event: 5.836 GC heap before
{Heap before GC invocations=16 (full 11):
 PSYoungGen      total 139264K, used 118957K [0x000000076b580000, 0x000000077c880000, 0x00000007c0000000)
  eden space 128512K, 92% used [0x000000076b580000,0x00000007729ab4d0,0x0000000773300000)
  from space 10752K, 0% used [0x0000000773300000,0x0000000773300000,0x0000000773d80000)
  to   space 14336K, 0% used [0x000000077ba80000,0x000000077ba80000,0x000000077c880000)
 ParOldGen       total 249344K, used 228371K [0x00000006c2000000, 0x00000006d1380000, 0x000000076b580000)
  object space 249344K, 91% used [0x00000006c2000000,0x00000006cff04d88,0x00000006d1380000)
 Metaspace       used 13586K, capacity 14148K, committed 14336K, reserved 1060864K
  class space    used 1831K, capacity 1996K, committed 2048K, reserved 1048576K
Event: 5.848 GC heap after
Heap after GC invocations=16 (full 11):
 PSYoungGen      total 139264K, used 0K [0x000000076b580000, 0x000000077c880000, 0x00000007c0000000)
  eden space 128512K, 0% used [0x000000076b580000,0x000000076b580000,0x0000000773300000)
  from space 10752K, 0% used [0x0000000773300000,0x0000000773300000,0x0000000773d80000)
  to   space 14336K, 0% used [0x000000077ba80000,0x000000077ba80000,0x000000077c880000)
 ParOldGen       total 249344K, used 228502K [0x00000006c2000000, 0x00000006d1380000, 0x000000076b580000)
  object space 249344K, 91% used [0x00000006c2000000,0x00000006cff25960,0x00000006d1380000)
 Metaspace       used 13586K, capacity 14148K, committed 14336K, reserved 1060864K
  class space    used 1831K, capacity 1996K, committed 2048K, reserved 1048576K
}
Event: 6.013 GC heap before
{Heap before GC invocations=17 (full 12):
 PSYoungGen      total 139264K, used 116088K [0x000000076b580000, 0x000000077c880000, 0x00000007c0000000)
  eden space 128512K, 90% used [0x000000076b580000,0x00000007726de250,0x0000000773300000)
  from space 10752K, 0% used [0x0000000773300000,0x0000000773300000,0x0000000773d80000)
  to   space 14336K, 0% used [0x000000077ba80000,0x000000077ba80000,0x000000077c880000)
 ParOldGen       total 249344K, used 228502K [0x00000006c2000000, 0x00000006d1380000, 0x000000076b580000)
  object space 249344K, 91% used [0x00000006c2000000,0x00000006cff25960,0x00000006d1380000)
 Metaspace       used 13593K, capacity 14148K, committed 14336K, reserved 1060864K
  class space    used 1831K, capacity 1996K, committed 2048K, reserved 1048576K
Event: 6.026 GC heap after
Heap after GC invocations=17 (full 12):
 PSYoungGen      total 139264K, used 0K [0x000000076b580000, 0x000000077c880000, 0x00000007c0000000)
  eden space 128512K, 0% used [0x000000076b580000,0x000000076b580000,0x0000000773300000)
  from space 10752K, 0% used [0x0000000773300000,0x0000000773300000,0x0000000773d80000)
  to   space 14336K, 0% used [0x000000077ba80000,0x000000077ba80000,0x000000077c880000)
 ParOldGen       total 249344K, used 228683K [0x00000006c2000000, 0x00000006d1380000, 0x000000076b580000)
  object space 249344K, 91% used [0x00000006c2000000,0x00000006cff52f80,0x00000006d1380000)
 Metaspace       used 13593K, capacity 14148K, committed 14336K, reserved 1060864K
  class space    used 1831K, capacity 1996K, committed 2048K, reserved 1048576K
}
Event: 6.187 GC heap before
{Heap before GC invocations=18 (full 13):
 PSYoungGen      total 139264K, used 115384K [0x000000076b580000, 0x000000077c880000, 0x00000007c0000000)
  eden space 128512K, 89% used [0x000000076b580000,0x000000077262e370,0x0000000773300000)
  from space 10752K, 0% used [0x0000000773300000,0x0000000773300000,0x0000000773d80000)
  to   space 14336K, 0% used [0x000000077ba80000,0x000000077ba80000,0x000000077c880000)
 ParOldGen       total 249344K, used 228683K [0x00000006c2000000, 0x00000006d1380000, 0x000000076b580000)
  object space 249344K, 91% used [0x00000006c2000000,0x00000006cff52f80,0x00000006d1380000)
 Metaspace       used 13610K, capacity 14148K, committed 14336K, reserved 1060864K
  class space    used 1831K, capacity 1996K, committed 2048K, reserved 1048576K
Event: 6.201 GC heap after
Heap after GC invocations=18 (full 13):
 PSYoungGen      total 139264K, used 0K [0x000000076b580000, 0x000000077c880000, 0x00000007c0000000)
  eden space 128512K, 0% used [0x000000076b580000,0x000000076b580000,0x0000000773300000)
  from space 10752K, 0% used [0x0000000773300000,0x0000000773300000,0x0000000773d80000)
  to   space 14336K, 0% used [0x000000077ba80000,0x000000077ba80000,0x000000077c880000)
 ParOldGen       total 249344K, used 228757K [0x00000006c2000000, 0x00000006d1380000, 0x000000076b580000)
  object space 249344K, 91% used [0x00000006c2000000,0x00000006cff655b8,0x00000006d1380000)
 Metaspace       used 13610K, capacity 14148K, committed 14336K, reserved 1060864K
  class space    used 1831K, capacity 1996K, committed 2048K, reserved 1048576K
}
Event: 6.470 GC heap before
{Heap before GC invocations=19 (full 14):
 PSYoungGen      total 139264K, used 118018K [0x000000076b580000, 0x000000077c880000, 0x00000007c0000000)
  eden space 128512K, 91% used [0x000000076b580000,0x00000007728c08d8,0x0000000773300000)
  from space 10752K, 0% used [0x0000000773300000,0x0000000773300000,0x0000000773d80000)
  to   space 14336K, 0% used [0x000000077ba80000,0x000000077ba80000,0x000000077c880000)
 ParOldGen       total 249344K, used 228757K [0x00000006c2000000, 0x00000006d1380000, 0x000000076b580000)
  object space 249344K, 91% used [0x00000006c2000000,0x00000006cff655b8,0x00000006d1380000)
 Metaspace       used 13645K, capacity 14212K, committed 14336K, reserved 1060864K
  class space    used 1831K, capacity 1996K, committed 2048K, reserved 1048576K
Event: 6.483 GC heap after
Heap after GC invocations=19 (full 14):
 PSYoungGen      total 139264K, used 0K [0x000000076b580000, 0x000000077c880000, 0x00000007c0000000)
  eden space 128512K, 0% used [0x000000076b580000,0x000000076b580000,0x0000000773300000)
  from space 10752K, 0% used [0x0000000773300000,0x0000000773300000,0x0000000773d80000)
  to   space 14336K, 0% used [0x000000077ba80000,0x000000077ba80000,0x000000077c880000)
 ParOldGen       total 249344K, used 228814K [0x00000006c2000000, 0x00000006d1380000, 0x000000076b580000)
  object space 249344K, 91% used [0x00000006c2000000,0x00000006cff73970,0x00000006d1380000)
 Metaspace       used 13645K, capacity 14212K, committed 14336K, reserved 1060864K
  class space    used 1831K, capacity 1996K, committed 2048K, reserved 1048576K
}

