# JRE version: Java(TM) SE Runtime Environment (8.0_261-b12) (build 1.8.0_261-b12)
# Java VM: Java HotSpot(TM) 64-Bit Server VM (25.261-b12 mixed mode windows-amd64 compressed oops)
Heap:
 PSYoungGen      total 241664K, used 217743K [0x000000076b580000, 0x000000077c580000, 0x00000007c0000000)
  eden space 227840K, 89% used [0x000000076b580000,0x0000000777cd98a8,0x0000000779400000)
  from space 13824K, 98% used [0x000000077b800000,0x000000077c54a410,0x000000077c580000)
  to   space 16384K, 0% used [0x000000077a580000,0x000000077a580000,0x000000077b580000)
 ParOldGen       total 414720K, used 248679K [0x00000006c2000000, 0x00000006db500000, 0x000000076b580000)
  object space 414720K, 59% used [0x00000006c2000000,0x00000006d12d9fb8,0x00000006db500000)
 Metaspace       used 13517K, capacity 14138K, committed 14336K, reserved 1060864K
  class space    used 1828K, capacity 1995K, committed 2048K, reserved 1048576K
GC Heap History (10 events):
Event: 1.851 GC heap before
{Heap before GC invocations=4 (full 1):
 PSYoungGen      total 75776K, used 10610K [0x000000076b580000, 0x0000000774980000, 0x00000007c0000000)
  eden space 65024K, 0% used [0x000000076b580000,0x000000076b580000,0x000000076f500000)
  from space 10752K, 98% used [0x000000076f500000,0x000000076ff5cac8,0x000000076ff80000)
  to   space 10752K, 0% used [0x0000000773f00000,0x0000000773f00000,0x0000000774980000)
 ParOldGen       total 173568K, used 109128K [0x00000006c2000000, 0x00000006cc980000, 0x000000076b580000)
  object space 173568K, 62% used [0x00000006c2000000,0x00000006c8a920c0,0x00000006cc980000)
 Metaspace       used 12946K, capacity 13480K, committed 13824K, reserved 1060864K
  class space    used 1795K, capacity 1927K, committed 2048K, reserved 1048576K
Event: 1.866 GC heap after
Heap after GC invocations=4 (full 1):
 PSYoungGen      total 75776K, used 0K [0x000000076b580000, 0x0000000774980000, 0x00000007c0000000)
  eden space 65024K, 0% used [0x000000076b580000,0x000000076b580000,0x000000076f500000)
  from space 10752K, 0% used [0x000000076f500000,0x000000076f500000,0x000000076ff80000)
  to   space 10752K, 0% used [0x0000000773f00000,0x0000000773f00000,0x0000000774980000)
 ParOldGen       total 250368K, used 117460K [0x00000006c2000000, 0x00000006d1480000, 0x000000076b580000)
  object space 250368K, 46% used [0x00000006c2000000,0x00000006c92b5160,0x00000006d1480000)
 Metaspace       used 12946K, capacity 13480K, committed 13824K, reserved 1060864K
  class space    used 1795K, capacity 1927K, committed 2048K, reserved 1048576K
}
Event: 1.878 GC heap before
{Heap before GC invocations=5 (full 1):
 PSYoungGen      total 75776K, used 46791K [0x000000076b580000, 0x0000000774980000, 0x00000007c0000000)
  eden space 65024K, 71% used [0x000000076b580000,0x000000076e331f48,0x000000076f500000)
  from space 10752K, 0% used [0x000000076f500000,0x000000076f500000,0x000000076ff80000)
  to   space 10752K, 0% used [0x0000000773f00000,0x0000000773f00000,0x0000000774980000)
 ParOldGen       total 250368K, used 117460K [0x00000006c2000000, 0x00000006d1480000, 0x000000076b580000)
  object space 250368K, 46% used [0x00000006c2000000,0x00000006c92b5160,0x00000006d1480000)
 Metaspace       used 12946K, capacity 13480K, committed 13824K, reserved 1060864K
  class space    used 1795K, capacity 1927K, committed 2048K, reserved 1048576K
Event: 1.889 GC heap after
Heap after GC invocations=5 (full 1):
 PSYoungGen      total 136704K, used 793K [0x000000076b580000, 0x0000000774780000, 0x00000007c0000000)
  eden space 128000K, 0% used [0x000000076b580000,0x000000076b580000,0x0000000773280000)
  from space 8704K, 9% used [0x0000000773f00000,0x0000000773fc6440,0x0000000774780000)
  to   space 10752K, 0% used [0x0000000773280000,0x0000000773280000,0x0000000773d00000)
 ParOldGen       total 250368K, used 162460K [0x00000006c2000000, 0x00000006d1480000, 0x000000076b580000)
  object space 250368K, 64% used [0x00000006c2000000,0x00000006cbea7180,0x00000006d1480000)
 Metaspace       used 12946K, capacity 13480K, committed 13824K, reserved 1060864K
  class space    used 1795K, capacity 1927K, committed 2048K, reserved 1048576K
}
Event: 2.211 GC heap before
{Heap before GC invocations=6 (full 1):
 PSYoungGen      total 136704K, used 122701K [0x000000076b580000, 0x0000000774780000, 0x00000007c0000000)
  eden space 128000K, 95% used [0x000000076b580000,0x0000000772c8d350,0x0000000773280000)
  from space 8704K, 9% used [0x0000000773f00000,0x0000000773fc6440,0x0000000774780000)
  to   space 10752K, 0% used [0x0000000773280000,0x0000000773280000,0x0000000773d00000)
 ParOldGen       total 250368K, used 162460K [0x00000006c2000000, 0x00000006d1480000, 0x000000076b580000)
  object space 250368K, 64% used [0x00000006c2000000,0x00000006cbea7180,0x00000006d1480000)
 Metaspace       used 13036K, capacity 13546K, committed 13824K, reserved 1060864K
  class space    used 1819K, capacity 1993K, committed 2048K, reserved 1048576K
Event: 2.224 GC heap after
Heap after GC invocations=6 (full 1):
 PSYoungGen      total 138752K, used 3754K [0x000000076b580000, 0x000000077c600000, 0x00000007c0000000)
  eden space 128000K, 0% used [0x000000076b580000,0x000000076b580000,0x0000000773280000)
  from space 10752K, 34% used [0x0000000773280000,0x000000077362a910,0x0000000773d00000)
  to   space 14336K, 0% used [0x000000077b800000,0x000000077b800000,0x000000077c600000)
 ParOldGen       total 250368K, used 243193K [0x00000006c2000000, 0x00000006d1480000, 0x000000076b580000)
  object space 250368K, 97% used [0x00000006c2000000,0x00000006d0d7e5c0,0x00000006d1480000)
 Metaspace       used 13036K, capacity 13546K, committed 13824K, reserved 1060864K
  class space    used 1819K, capacity 1993K, committed 2048K, reserved 1048576K
}
Event: 2.224 GC heap before
{Heap before GC invocations=7 (full 2):
 PSYoungGen      total 138752K, used 3754K [0x000000076b580000, 0x000000077c600000, 0x00000007c0000000)
  eden space 128000K, 0% used [0x000000076b580000,0x000000076b580000,0x0000000773280000)
  from space 10752K, 34% used [0x0000000773280000,0x000000077362a910,0x0000000773d00000)
  to   space 14336K, 0% used [0x000000077b800000,0x000000077b800000,0x000000077c600000)
 ParOldGen       total 250368K, used 243193K [0x00000006c2000000, 0x00000006d1480000, 0x000000076b580000)
  object space 250368K, 97% used [0x00000006c2000000,0x00000006d0d7e5c0,0x00000006d1480000)
 Metaspace       used 13036K, capacity 13546K, committed 13824K, reserved 1060864K
  class space    used 1819K, capacity 1993K, committed 2048K, reserved 1048576K
Event: 2.249 GC heap after
Heap after GC invocations=7 (full 2):
 PSYoungGen      total 138752K, used 0K [0x000000076b580000, 0x000000077c600000, 0x00000007c0000000)
  eden space 128000K, 0% used [0x000000076b580000,0x000000076b580000,0x0000000773280000)
  from space 10752K, 0% used [0x0000000773280000,0x0000000773280000,0x0000000773d00000)
  to   space 14336K, 0% used [0x000000077b800000,0x000000077b800000,0x000000077c600000)
 ParOldGen       total 414720K, used 245365K [0x00000006c2000000, 0x00000006db500000, 0x000000076b580000)
  object space 414720K, 59% used [0x00000006c2000000,0x00000006d0f9d6a8,0x00000006db500000)
 Metaspace       used 13036K, capacity 13546K, committed 13824K, reserved 1060864K
  class space    used 1819K, capacity 1993K, committed 2048K, reserved 1048576K
}
Event: 2.462 GC heap before
{Heap before GC invocations=8 (full 2):
 PSYoungGen      total 138752K, used 120022K [0x000000076b580000, 0x000000077c600000, 0x00000007c0000000)
  eden space 128000K, 93% used [0x000000076b580000,0x0000000772ab5898,0x0000000773280000)
  from space 10752K, 0% used [0x0000000773280000,0x0000000773280000,0x0000000773d00000)
  to   space 14336K, 0% used [0x000000077b800000,0x000000077b800000,0x000000077c600000)
 ParOldGen       total 414720K, used 245365K [0x00000006c2000000, 0x00000006db500000, 0x000000076b580000)
  object space 414720K, 59% used [0x00000006c2000000,0x00000006d0f9d6a8,0x00000006db500000)
 Metaspace       used 13243K, capacity 13874K, committed 14080K, reserved 1060864K
  class space    used 1825K, capacity 1995K, committed 2048K, reserved 1048576K
Event: 2.469 GC heap after
Heap after GC invocations=8 (full 2):
 PSYoungGen      total 241664K, used 13609K [0x000000076b580000, 0x000000077c580000, 0x00000007c0000000)
  eden space 227840K, 0% used [0x000000076b580000,0x000000076b580000,0x0000000779400000)
  from space 13824K, 98% used [0x000000077b800000,0x000000077c54a410,0x000000077c580000)
  to   space 16384K, 0% used [0x000000077a580000,0x000000077a580000,0x000000077b580000)
 ParOldGen       total 414720K, used 248679K [0x00000006c2000000, 0x00000006db500000, 0x000000076b580000)
  object space 414720K, 59% used [0x00000006c2000000,0x00000006d12d9fb8,0x00000006db500000)
 Metaspace       used 13243K, capacity 13874K, committed 14080K, reserved 1060864K
  class space    used 1825K, capacity 1995K, committed 2048K, reserved 1048576K
}

