# JRE version: Java(TM) SE Runtime Environment (8.0_261-b12) (build 1.8.0_261-b12)
# Java VM: Java HotSpot(TM) 64-Bit Server VM (25.261-b12 mixed mode windows-amd64 compressed oops)
Heap:
 PSYoungGen      total 139264K, used 81812K [0x000000076b580000, 0x000000077c900000, 0x00000007c0000000)
  eden space 128512K, 63% used [0x000000076b580000,0x0000000770565350,0x0000000773300000)
  from space 10752K, 0% used [0x0000000773300000,0x0000000773300000,0x0000000773d80000)
  to   space 14336K, 0% used [0x000000077bb00000,0x000000077bb00000,0x000000077c900000)
 ParOldGen       total 262656K, used 228003K [0x00000006c2000000, 0x00000006d2080000, 0x000000076b580000)
  object space 262656K, 86% used [0x00000006c2000000,0x00000006cfea8d10,0x00000006d2080000)
 Metaspace       used 13509K, capacity 14074K, committed 14336K, reserved 1060864K
  class space    used 1830K, capacity 1995K, committed 2048K, reserved 1048576K
GC Heap History (10 events):
Event: 4.748 GC heap before
{Heap before GC invocations=6 (full 1):
 PSYoungGen      total 137728K, used 122545K [0x000000076b580000, 0x0000000774800000, 0x00000007c0000000)
  eden space 128512K, 94% used [0x000000076b580000,0x0000000772c661e0,0x0000000773300000)
  from space 9216K, 8% used [0x0000000773f00000,0x0000000773fc6440,0x0000000774800000)
  to   space 10752K, 0% used [0x0000000773300000,0x0000000773300000,0x0000000773d80000)
 ParOldGen       total 249344K, used 162459K [0x00000006c2000000, 0x00000006d1380000, 0x000000076b580000)
  object space 249344K, 65% used [0x00000006c2000000,0x00000006cbea6da8,0x00000006d1380000)
 Metaspace       used 13186K, capacity 13738K, committed 13824K, reserved 1060864K
  class space    used 1821K, capacity 1993K, committed 2048K, reserved 1048576K
Event: 4.785 GC heap after
Heap after GC invocations=6 (full 1):
 PSYoungGen      total 139264K, used 3754K [0x000000076b580000, 0x000000077c900000, 0x00000007c0000000)
  eden space 128512K, 0% used [0x000000076b580000,0x000000076b580000,0x0000000773300000)
  from space 10752K, 34% used [0x0000000773300000,0x00000007736aa910,0x0000000773d80000)
  to   space 14336K, 0% used [0x000000077bb00000,0x000000077bb00000,0x000000077c900000)
 ParOldGen       total 262656K, used 256417K [0x00000006c2000000, 0x00000006d2080000, 0x000000076b580000)
  object space 262656K, 97% used [0x00000006c2000000,0x00000006d1a685f8,0x00000006d2080000)
 Metaspace       used 13186K, capacity 13738K, committed 13824K, reserved 1060864K
  class space    used 1821K, capacity 1993K, committed 2048K, reserved 1048576K
}
Event: 4.785 GC heap before
{Heap before GC invocations=7 (full 2):
 PSYoungGen      total 139264K, used 3754K [0x000000076b580000, 0x000000077c900000, 0x00000007c0000000)
  eden space 128512K, 0% used [0x000000076b580000,0x000000076b580000,0x0000000773300000)
  from space 10752K, 34% used [0x0000000773300000,0x00000007736aa910,0x0000000773d80000)
  to   space 14336K, 0% used [0x000000077bb00000,0x000000077bb00000,0x000000077c900000)
 ParOldGen       total 262656K, used 256417K [0x00000006c2000000, 0x00000006d2080000, 0x000000076b580000)
  object space 262656K, 97% used [0x00000006c2000000,0x00000006d1a685f8,0x00000006d2080000)
 Metaspace       used 13186K, capacity 13738K, committed 13824K, reserved 1060864K
  class space    used 1821K, capacity 1993K, committed 2048K, reserved 1048576K
Event: 4.816 GC heap after
Heap after GC invocations=7 (full 2):
 PSYoungGen      total 139264K, used 0K [0x000000076b580000, 0x000000077c900000, 0x00000007c0000000)
  eden space 128512K, 0% used [0x000000076b580000,0x000000076b580000,0x0000000773300000)
  from space 10752K, 0% used [0x0000000773300000,0x0000000773300000,0x0000000773d80000)
  to   space 14336K, 0% used [0x000000077bb00000,0x000000077bb00000,0x000000077c900000)
 ParOldGen       total 262656K, used 245364K [0x00000006c2000000, 0x00000006d2080000, 0x000000076b580000)
  object space 262656K, 93% used [0x00000006c2000000,0x00000006d0f9d340,0x00000006d2080000)
 Metaspace       used 13186K, capacity 13738K, committed 13824K, reserved 1060864K
  class space    used 1821K, capacity 1993K, committed 2048K, reserved 1048576K
}
Event: 4.938 GC heap before
{Heap before GC invocations=8 (full 3):
 PSYoungGen      total 139264K, used 116684K [0x000000076b580000, 0x000000077c900000, 0x00000007c0000000)
  eden space 128512K, 90% used [0x000000076b580000,0x0000000772773288,0x0000000773300000)
  from space 10752K, 0% used [0x0000000773300000,0x0000000773300000,0x0000000773d80000)
  to   space 14336K, 0% used [0x000000077bb00000,0x000000077bb00000,0x000000077c900000)
 ParOldGen       total 262656K, used 245364K [0x00000006c2000000, 0x00000006d2080000, 0x000000076b580000)
  object space 262656K, 93% used [0x00000006c2000000,0x00000006d0f9d340,0x00000006d2080000)
 Metaspace       used 13207K, capacity 13816K, committed 14080K, reserved 1060864K
  class space    used 1825K, capacity 1994K, committed 2048K, reserved 1048576K
Event: 4.973 GC heap after
Heap after GC invocations=8 (full 3):
 PSYoungGen      total 139264K, used 0K [0x000000076b580000, 0x000000077c900000, 0x00000007c0000000)
  eden space 128512K, 0% used [0x000000076b580000,0x000000076b580000,0x0000000773300000)
  from space 10752K, 0% used [0x0000000773300000,0x0000000773300000,0x0000000773d80000)
  to   space 14336K, 0% used [0x000000077bb00000,0x000000077bb00000,0x000000077c900000)
 ParOldGen       total 262656K, used 227825K [0x00000006c2000000, 0x00000006d2080000, 0x000000076b580000)
  object space 262656K, 86% used [0x00000006c2000000,0x00000006cfe7c768,0x00000006d2080000)
 Metaspace       used 13207K, capacity 13816K, committed 14080K, reserved 1060864K
  class space    used 1825K, capacity 1994K, committed 2048K, reserved 1048576K
}
Event: 5.198 GC heap before
{Heap before GC invocations=9 (full 4):
 PSYoungGen      total 139264K, used 116147K [0x000000076b580000, 0x000000077c900000, 0x00000007c0000000)
  eden space 128512K, 90% used [0x000000076b580000,0x00000007726ece98,0x0000000773300000)
  from space 10752K, 0% used [0x0000000773300000,0x0000000773300000,0x0000000773d80000)
  to   space 14336K, 0% used [0x000000077bb00000,0x000000077bb00000,0x000000077c900000)
 ParOldGen       total 262656K, used 227825K [0x00000006c2000000, 0x00000006d2080000, 0x000000076b580000)
  object space 262656K, 86% used [0x00000006c2000000,0x00000006cfe7c768,0x00000006d2080000)
 Metaspace       used 13277K, capacity 13818K, committed 14080K, reserved 1060864K
  class space    used 1830K, capacity 1995K, committed 2048K, reserved 1048576K
Event: 5.214 GC heap after
Heap after GC invocations=9 (full 4):
 PSYoungGen      total 139264K, used 0K [0x000000076b580000, 0x000000077c900000, 0x00000007c0000000)
  eden space 128512K, 0% used [0x000000076b580000,0x000000076b580000,0x0000000773300000)
  from space 10752K, 0% used [0x0000000773300000,0x0000000773300000,0x0000000773d80000)
  to   space 14336K, 0% used [0x000000077bb00000,0x000000077bb00000,0x000000077c900000)
 ParOldGen       total 262656K, used 227945K [0x00000006c2000000, 0x00000006d2080000, 0x000000076b580000)
  object space 262656K, 86% used [0x00000006c2000000,0x00000006cfe9a5f0,0x00000006d2080000)
 Metaspace       used 13277K, capacity 13818K, committed 14080K, reserved 1060864K
  class space    used 1830K, capacity 1995K, committed 2048K, reserved 1048576K
}
Event: 5.717 GC heap before
{Heap before GC invocations=10 (full 5):
 PSYoungGen      total 139264K, used 117080K [0x000000076b580000, 0x000000077c900000, 0x00000007c0000000)
  eden space 128512K, 91% used [0x000000076b580000,0x00000007727d6248,0x0000000773300000)
  from space 10752K, 0% used [0x0000000773300000,0x0000000773300000,0x0000000773d80000)
  to   space 14336K, 0% used [0x000000077bb00000,0x000000077bb00000,0x000000077c900000)
 ParOldGen       total 262656K, used 227945K [0x00000006c2000000, 0x00000006d2080000, 0x000000076b580000)
  object space 262656K, 86% used [0x00000006c2000000,0x00000006cfe9a5f0,0x00000006d2080000)
 Metaspace       used 13508K, capacity 14074K, committed 14336K, reserved 1060864K
  class space    used 1830K, capacity 1995K, committed 2048K, reserved 1048576K
Event: 5.731 GC heap after
Heap after GC invocations=10 (full 5):
 PSYoungGen      total 139264K, used 0K [0x000000076b580000, 0x000000077c900000, 0x00000007c0000000)
  eden space 128512K, 0% used [0x000000076b580000,0x000000076b580000,0x0000000773300000)
  from space 10752K, 0% used [0x0000000773300000,0x0000000773300000,0x0000000773d80000)
  to   space 14336K, 0% used [0x000000077bb00000,0x000000077bb00000,0x000000077c900000)
 ParOldGen       total 262656K, used 228003K [0x00000006c2000000, 0x00000006d2080000, 0x000000076b580000)
  object space 262656K, 86% used [0x00000006c2000000,0x00000006cfea8d10,0x00000006d2080000)
 Metaspace       used 13508K, capacity 14074K, committed 14336K, reserved 1060864K
  class space    used 1830K, capacity 1995K, committed 2048K, reserved 1048576K
}

