# JRE version: Java(TM) SE Runtime Environment (8.0_261-b12) (build 1.8.0_261-b12)
# Java VM: Java HotSpot(TM) 64-Bit Server VM (25.261-b12 mixed mode windows-amd64 compressed oops)
Heap:
 PSYoungGen      total 559104K, used 53923K [0x000000076b580000, 0x000000078fb80000, 0x00000007c0000000)
  eden space 524288K, 9% used [0x000000076b580000,0x000000076e574ea8,0x000000078b580000)
  from space 34816K, 13% used [0x000000078d980000,0x000000078de33f20,0x000000078fb80000)
  to   space 35840K, 0% used [0x000000078b580000,0x000000078b580000,0x000000078d880000)
 ParOldGen       total 352768K, used 232722K [0x00000006c2000000, 0x00000006d7880000, 0x000000076b580000)
  object space 352768K, 65% used [0x00000006c2000000,0x00000006d0344960,0x00000006d7880000)
 Metaspace       used 14436K, capacity 15048K, committed 15104K, reserved 1062912K
  class space    used 1830K, capacity 1996K, committed 2048K, reserved 1048576K
GC Heap History (10 events):
Event: 1480.631 GC heap before
{Heap before GC invocations=24 (full 2):
 PSYoungGen      total 525312K, used 498420K [0x000000076b580000, 0x000000078e100000, 0x00000007c0000000)
  eden space 481792K, 100% used [0x000000076b580000,0x0000000788c00000,0x0000000788c00000)
  from space 43520K, 38% used [0x0000000788c00000,0x0000000789c3d290,0x000000078b680000)
  to   space 36864K, 0% used [0x000000078bd00000,0x000000078bd00000,0x000000078e100000)
 ParOldGen       total 352768K, used 232682K [0x00000006c2000000, 0x00000006d7880000, 0x000000076b580000)
  object space 352768K, 65% used [0x00000006c2000000,0x00000006d033a960,0x00000006d7880000)
 Metaspace       used 14290K, capacity 14856K, committed 15104K, reserved 1062912K
  class space    used 1830K, capacity 1996K, committed 2048K, reserved 1048576K
Event: 1480.632 GC heap after
Heap after GC invocations=24 (full 2):
 PSYoungGen      total 518656K, used 4218K [0x000000076b580000, 0x000000078e100000, 0x00000007c0000000)
  eden space 481792K, 0% used [0x000000076b580000,0x000000076b580000,0x0000000788c00000)
  from space 36864K, 11% used [0x000000078bd00000,0x000000078c11ea60,0x000000078e100000)
  to   space 43520K, 0% used [0x0000000788c00000,0x0000000788c00000,0x000000078b680000)
 ParOldGen       total 352768K, used 232690K [0x00000006c2000000, 0x00000006d7880000, 0x000000076b580000)
  object space 352768K, 65% used [0x00000006c2000000,0x00000006d033c960,0x00000006d7880000)
 Metaspace       used 14290K, capacity 14856K, committed 15104K, reserved 1062912K
  class space    used 1830K, capacity 1996K, committed 2048K, reserved 1048576K
}
Event: 1481.406 GC heap before
{Heap before GC invocations=25 (full 2):
 PSYoungGen      total 518656K, used 486010K [0x000000076b580000, 0x000000078e100000, 0x00000007c0000000)
  eden space 481792K, 100% used [0x000000076b580000,0x0000000788c00000,0x0000000788c00000)
  from space 36864K, 11% used [0x000000078bd00000,0x000000078c11ea60,0x000000078e100000)
  to   space 43520K, 0% used [0x0000000788c00000,0x0000000788c00000,0x000000078b680000)
 ParOldGen       total 352768K, used 232690K [0x00000006c2000000, 0x00000006d7880000, 0x000000076b580000)
  object space 352768K, 65% used [0x00000006c2000000,0x00000006d033c960,0x00000006d7880000)
 Metaspace       used 14332K, capacity 14920K, committed 15104K, reserved 1062912K
  class space    used 1830K, capacity 1996K, committed 2048K, reserved 1048576K
Event: 1481.408 GC heap after
Heap after GC invocations=25 (full 2):
 PSYoungGen      total 525312K, used 4986K [0x000000076b580000, 0x000000078e100000, 0x00000007c0000000)
  eden space 481792K, 0% used [0x000000076b580000,0x000000076b580000,0x0000000788c00000)
  from space 43520K, 11% used [0x0000000788c00000,0x00000007890dea70,0x000000078b680000)
  to   space 36864K, 0% used [0x000000078bd00000,0x000000078bd00000,0x000000078e100000)
 ParOldGen       total 352768K, used 232698K [0x00000006c2000000, 0x00000006d7880000, 0x000000076b580000)
  object space 352768K, 65% used [0x00000006c2000000,0x00000006d033e960,0x00000006d7880000)
 Metaspace       used 14332K, capacity 14920K, committed 15104K, reserved 1062912K
  class space    used 1830K, capacity 1996K, committed 2048K, reserved 1048576K
}
Event: 1482.141 GC heap before
{Heap before GC invocations=26 (full 2):
 PSYoungGen      total 525312K, used 486778K [0x000000076b580000, 0x000000078e100000, 0x00000007c0000000)
  eden space 481792K, 100% used [0x000000076b580000,0x0000000788c00000,0x0000000788c00000)
  from space 43520K, 11% used [0x0000000788c00000,0x00000007890dea70,0x000000078b680000)
  to   space 36864K, 0% used [0x000000078bd00000,0x000000078bd00000,0x000000078e100000)
 ParOldGen       total 352768K, used 232698K [0x00000006c2000000, 0x00000006d7880000, 0x000000076b580000)
  object space 352768K, 65% used [0x00000006c2000000,0x00000006d033e960,0x00000006d7880000)
 Metaspace       used 14366K, capacity 14920K, committed 15104K, reserved 1062912K
  class space    used 1830K, capacity 1996K, committed 2048K, reserved 1048576K
Event: 1482.143 GC heap after
Heap after GC invocations=26 (full 2):
 PSYoungGen      total 518656K, used 4419K [0x000000076b580000, 0x000000078e100000, 0x00000007c0000000)
  eden space 481792K, 0% used [0x000000076b580000,0x000000076b580000,0x0000000788c00000)
  from space 36864K, 11% used [0x000000078bd00000,0x000000078c150e60,0x000000078e100000)
  to   space 43520K, 0% used [0x0000000788c00000,0x0000000788c00000,0x000000078b680000)
 ParOldGen       total 352768K, used 232706K [0x00000006c2000000, 0x00000006d7880000, 0x000000076b580000)
  object space 352768K, 65% used [0x00000006c2000000,0x00000006d0340960,0x00000006d7880000)
 Metaspace       used 14366K, capacity 14920K, committed 15104K, reserved 1062912K
  class space    used 1830K, capacity 1996K, committed 2048K, reserved 1048576K
}
Event: 1482.913 GC heap before
{Heap before GC invocations=27 (full 2):
 PSYoungGen      total 518656K, used 486211K [0x000000076b580000, 0x000000078e100000, 0x00000007c0000000)
  eden space 481792K, 100% used [0x000000076b580000,0x0000000788c00000,0x0000000788c00000)
  from space 36864K, 11% used [0x000000078bd00000,0x000000078c150e60,0x000000078e100000)
  to   space 43520K, 0% used [0x0000000788c00000,0x0000000788c00000,0x000000078b680000)
 ParOldGen       total 352768K, used 232706K [0x00000006c2000000, 0x00000006d7880000, 0x000000076b580000)
  object space 352768K, 65% used [0x00000006c2000000,0x00000006d0340960,0x00000006d7880000)
 Metaspace       used 14401K, capacity 14984K, committed 15104K, reserved 1062912K
  class space    used 1830K, capacity 1996K, committed 2048K, reserved 1048576K
Event: 1482.915 GC heap after
Heap after GC invocations=27 (full 2):
 PSYoungGen      total 525312K, used 5154K [0x000000076b580000, 0x000000078fd80000, 0x00000007c0000000)
  eden space 481792K, 0% used [0x000000076b580000,0x000000076b580000,0x0000000788c00000)
  from space 43520K, 11% used [0x0000000788c00000,0x0000000789108a50,0x000000078b680000)
  to   space 36864K, 0% used [0x000000078d980000,0x000000078d980000,0x000000078fd80000)
 ParOldGen       total 352768K, used 232714K [0x00000006c2000000, 0x00000006d7880000, 0x000000076b580000)
  object space 352768K, 65% used [0x00000006c2000000,0x00000006d0342960,0x00000006d7880000)
 Metaspace       used 14401K, capacity 14984K, committed 15104K, reserved 1062912K
  class space    used 1830K, capacity 1996K, committed 2048K, reserved 1048576K
}
Event: 1483.667 GC heap before
{Heap before GC invocations=28 (full 2):
 PSYoungGen      total 525312K, used 486946K [0x000000076b580000, 0x000000078fd80000, 0x00000007c0000000)
  eden space 481792K, 100% used [0x000000076b580000,0x0000000788c00000,0x0000000788c00000)
  from space 43520K, 11% used [0x0000000788c00000,0x0000000789108a50,0x000000078b680000)
  to   space 36864K, 0% used [0x000000078d980000,0x000000078d980000,0x000000078fd80000)
 ParOldGen       total 352768K, used 232714K [0x00000006c2000000, 0x00000006d7880000, 0x000000076b580000)
  object space 352768K, 65% used [0x00000006c2000000,0x00000006d0342960,0x00000006d7880000)
 Metaspace       used 14436K, capacity 15048K, committed 15104K, reserved 1062912K
  class space    used 1830K, capacity 1996K, committed 2048K, reserved 1048576K
Event: 1483.670 GC heap after
Heap after GC invocations=28 (full 2):
 PSYoungGen      total 559104K, used 4815K [0x000000076b580000, 0x000000078fb80000, 0x00000007c0000000)
  eden space 524288K, 0% used [0x000000076b580000,0x000000076b580000,0x000000078b580000)
  from space 34816K, 13% used [0x000000078d980000,0x000000078de33f20,0x000000078fb80000)
  to   space 35840K, 0% used [0x000000078b580000,0x000000078b580000,0x000000078d880000)
 ParOldGen       total 352768K, used 232722K [0x00000006c2000000, 0x00000006d7880000, 0x000000076b580000)
  object space 352768K, 65% used [0x00000006c2000000,0x00000006d0344960,0x00000006d7880000)
 Metaspace       used 14436K, capacity 15048K, committed 15104K, reserved 1062912K
  class space    used 1830K, capacity 1996K, committed 2048K, reserved 1048576K
}

