# JRE version: Java(TM) SE Runtime Environment (8.0_261-b12) (build 1.8.0_261-b12)
# Java VM: Java HotSpot(TM) 64-Bit Server VM (25.261-b12 mixed mode windows-amd64 compressed oops)
Heap:
 PSYoungGen      total 377344K, used 349971K [0x000000076b580000, 0x0000000784580000, 0x00000007c0000000)
  eden space 363520K, 95% used [0x000000076b580000,0x00000007809d49c0,0x0000000781880000)
  from space 13824K, 10% used [0x0000000783480000,0x00000007835f04e0,0x0000000784200000)
  to   space 23040K, 0% used [0x0000000781880000,0x0000000781880000,0x0000000782f00000)
 ParOldGen       total 475648K, used 291446K [0x00000006c2000000, 0x00000006df080000, 0x000000076b580000)
  object space 475648K, 61% used [0x00000006c2000000,0x00000006d3c9d9e8,0x00000006df080000)
 Metaspace       used 14105K, capacity 14736K, committed 14848K, reserved 1062912K
  class space    used 1832K, capacity 1996K, committed 2048K, reserved 1048576K
GC Heap History (10 events):
Event: 9.403 GC heap before
{Heap before GC invocations=18 (full 4):
 PSYoungGen      total 386560K, used 377691K [0x000000076b580000, 0x0000000784580000, 0x00000007c0000000)
  eden space 363520K, 100% used [0x000000076b580000,0x0000000781880000,0x0000000781880000)
  from space 23040K, 61% used [0x0000000781880000,0x0000000782656f50,0x0000000782f00000)
  to   space 13824K, 0% used [0x0000000783480000,0x0000000783480000,0x0000000784200000)
 ParOldGen       total 475648K, used 245495K [0x00000006c2000000, 0x00000006df080000, 0x000000076b580000)
  object space 475648K, 51% used [0x00000006c2000000,0x00000006d0fbdc98,0x00000006df080000)
 Metaspace       used 14033K, capacity 14608K, committed 14848K, reserved 1062912K
  class space    used 1832K, capacity 1996K, committed 2048K, reserved 1048576K
Event: 9.406 GC heap after
Heap after GC invocations=18 (full 4):
 PSYoungGen      total 377344K, used 13819K [0x000000076b580000, 0x0000000784580000, 0x00000007c0000000)
  eden space 363520K, 0% used [0x000000076b580000,0x000000076b580000,0x0000000781880000)
  from space 13824K, 99% used [0x0000000783480000,0x00000007841fefd0,0x0000000784200000)
  to   space 23040K, 0% used [0x0000000781880000,0x0000000781880000,0x0000000782f00000)
 ParOldGen       total 475648K, used 262745K [0x00000006c2000000, 0x00000006df080000, 0x000000076b580000)
  object space 475648K, 55% used [0x00000006c2000000,0x00000006d20966f8,0x00000006df080000)
 Metaspace       used 14033K, capacity 14608K, committed 14848K, reserved 1062912K
  class space    used 1832K, capacity 1996K, committed 2048K, reserved 1048576K
}
Event: 9.744 GC heap before
{Heap before GC invocations=19 (full 4):
 PSYoungGen      total 377344K, used 374420K [0x000000076b580000, 0x0000000784580000, 0x00000007c0000000)
  eden space 363520K, 99% used [0x000000076b580000,0x00000007815a61b8,0x0000000781880000)
  from space 13824K, 99% used [0x0000000783480000,0x00000007841fefd0,0x0000000784200000)
  to   space 23040K, 0% used [0x0000000781880000,0x0000000781880000,0x0000000782f00000)
 ParOldGen       total 475648K, used 262745K [0x00000006c2000000, 0x00000006df080000, 0x000000076b580000)
  object space 475648K, 55% used [0x00000006c2000000,0x00000006d20966f8,0x00000006df080000)
 Metaspace       used 14038K, capacity 14608K, committed 14848K, reserved 1062912K
  class space    used 1832K, capacity 1996K, committed 2048K, reserved 1048576K
Event: 9.748 GC heap after
Heap after GC invocations=19 (full 4):
 PSYoungGen      total 386560K, used 20237K [0x000000076b580000, 0x0000000784580000, 0x00000007c0000000)
  eden space 363520K, 0% used [0x000000076b580000,0x000000076b580000,0x0000000781880000)
  from space 23040K, 87% used [0x0000000781880000,0x0000000782c43630,0x0000000782f00000)
  to   space 13824K, 0% used [0x0000000783480000,0x0000000783480000,0x0000000784200000)
 ParOldGen       total 475648K, used 276094K [0x00000006c2000000, 0x00000006df080000, 0x000000076b580000)
  object space 475648K, 58% used [0x00000006c2000000,0x00000006d2d9fb48,0x00000006df080000)
 Metaspace       used 14038K, capacity 14608K, committed 14848K, reserved 1062912K
  class space    used 1832K, capacity 1996K, committed 2048K, reserved 1048576K
}
Event: 10.501 GC heap before
{Heap before GC invocations=20 (full 4):
 PSYoungGen      total 386560K, used 381611K [0x000000076b580000, 0x0000000784580000, 0x00000007c0000000)
  eden space 363520K, 99% used [0x000000076b580000,0x00000007816676a0,0x0000000781880000)
  from space 23040K, 87% used [0x0000000781880000,0x0000000782c43630,0x0000000782f00000)
  to   space 13824K, 0% used [0x0000000783480000,0x0000000783480000,0x0000000784200000)
 ParOldGen       total 475648K, used 276094K [0x00000006c2000000, 0x00000006df080000, 0x000000076b580000)
  object space 475648K, 58% used [0x00000006c2000000,0x00000006d2d9fb48,0x00000006df080000)
 Metaspace       used 14075K, capacity 14672K, committed 14848K, reserved 1062912K
  class space    used 1832K, capacity 1996K, committed 2048K, reserved 1048576K
Event: 10.505 GC heap after
Heap after GC invocations=20 (full 4):
 PSYoungGen      total 377344K, used 13823K [0x000000076b580000, 0x0000000784580000, 0x00000007c0000000)
  eden space 363520K, 0% used [0x000000076b580000,0x000000076b580000,0x0000000781880000)
  from space 13824K, 99% used [0x0000000783480000,0x00000007841ffe40,0x0000000784200000)
  to   space 23040K, 0% used [0x0000000781880000,0x0000000781880000,0x0000000782f00000)
 ParOldGen       total 475648K, used 291376K [0x00000006c2000000, 0x00000006df080000, 0x000000076b580000)
  object space 475648K, 61% used [0x00000006c2000000,0x00000006d3c8c1d8,0x00000006df080000)
 Metaspace       used 14075K, capacity 14672K, committed 14848K, reserved 1062912K
  class space    used 1832K, capacity 1996K, committed 2048K, reserved 1048576K
}
Event: 11.262 GC heap before
{Heap before GC invocations=21 (full 4):
 PSYoungGen      total 377344K, used 377343K [0x000000076b580000, 0x0000000784580000, 0x00000007c0000000)
  eden space 363520K, 100% used [0x000000076b580000,0x0000000781880000,0x0000000781880000)
  from space 13824K, 99% used [0x0000000783480000,0x00000007841ffe40,0x0000000784200000)
  to   space 23040K, 0% used [0x0000000781880000,0x0000000781880000,0x0000000782f00000)
 ParOldGen       total 475648K, used 291376K [0x00000006c2000000, 0x00000006df080000, 0x000000076b580000)
  object space 475648K, 61% used [0x00000006c2000000,0x00000006d3c8c1d8,0x00000006df080000)
 Metaspace       used 14091K, capacity 14672K, committed 14848K, reserved 1062912K
  class space    used 1832K, capacity 1996K, committed 2048K, reserved 1048576K
Event: 11.263 GC heap after
Heap after GC invocations=21 (full 4):
 PSYoungGen      total 386560K, used 2131K [0x000000076b580000, 0x0000000784580000, 0x00000007c0000000)
  eden space 363520K, 0% used [0x000000076b580000,0x000000076b580000,0x0000000781880000)
  from space 23040K, 9% used [0x0000000781880000,0x0000000781a94fe0,0x0000000782f00000)
  to   space 13824K, 0% used [0x0000000783480000,0x0000000783480000,0x0000000784200000)
 ParOldGen       total 475648K, used 291446K [0x00000006c2000000, 0x00000006df080000, 0x000000076b580000)
  object space 475648K, 61% used [0x00000006c2000000,0x00000006d3c9d9e8,0x00000006df080000)
 Metaspace       used 14091K, capacity 14672K, committed 14848K, reserved 1062912K
  class space    used 1832K, capacity 1996K, committed 2048K, reserved 1048576K
}
Event: 12.427 GC heap before
{Heap before GC invocations=22 (full 4):
 PSYoungGen      total 386560K, used 358068K [0x000000076b580000, 0x0000000784580000, 0x00000007c0000000)
  eden space 363520K, 97% used [0x000000076b580000,0x0000000781118258,0x0000000781880000)
  from space 23040K, 9% used [0x0000000781880000,0x0000000781a94fe0,0x0000000782f00000)
  to   space 13824K, 0% used [0x0000000783480000,0x0000000783480000,0x0000000784200000)
 ParOldGen       total 475648K, used 291446K [0x00000006c2000000, 0x00000006df080000, 0x000000076b580000)
  object space 475648K, 61% used [0x00000006c2000000,0x00000006d3c9d9e8,0x00000006df080000)
 Metaspace       used 14096K, capacity 14736K, committed 14848K, reserved 1062912K
  class space    used 1832K, capacity 1996K, committed 2048K, reserved 1048576K
Event: 12.428 GC heap after
Heap after GC invocations=22 (full 4):
 PSYoungGen      total 377344K, used 1473K [0x000000076b580000, 0x0000000784580000, 0x00000007c0000000)
  eden space 363520K, 0% used [0x000000076b580000,0x000000076b580000,0x0000000781880000)
  from space 13824K, 10% used [0x0000000783480000,0x00000007835f04e0,0x0000000784200000)
  to   space 23040K, 0% used [0x0000000781880000,0x0000000781880000,0x0000000782f00000)
 ParOldGen       total 475648K, used 291446K [0x00000006c2000000, 0x00000006df080000, 0x000000076b580000)
  object space 475648K, 61% used [0x00000006c2000000,0x00000006d3c9d9e8,0x00000006df080000)
 Metaspace       used 14096K, capacity 14736K, committed 14848K, reserved 1062912K
  class space    used 1832K, capacity 1996K, committed 2048K, reserved 1048576K
}

