# JRE version: Java(TM) SE Runtime Environment (8.0_261-b12) (build 1.8.0_261-b12)
# Java VM: Java HotSpot(TM) 64-Bit Server VM (25.261-b12 mixed mode windows-amd64 compressed oops)
Heap:
 PSYoungGen      total 673280K, used 393124K [0x000000076b580000, 0x0000000796000000, 0x00000007c0000000)
  eden space 647680K, 59% used [0x000000076b580000,0x00000007830da0d0,0x0000000792e00000)
  from space 25600K, 18% used [0x0000000792e00000,0x000000079328ef80,0x0000000794700000)
  to   space 15360K, 0% used [0x0000000795100000,0x0000000795100000,0x0000000796000000)
 ParOldGen       total 413184K, used 264039K [0x00000006c2000000, 0x00000006db380000, 0x000000076b580000)
  object space 413184K, 63% used [0x00000006c2000000,0x00000006d21d9f60,0x00000006db380000)
 Metaspace       used 14338K, capacity 14940K, committed 15104K, reserved 1062912K
  class space    used 1832K, capacity 1996K, committed 2048K, reserved 1048576K
GC Heap History (10 events):
Event: 18.679 GC heap before
{Heap before GC invocations=21 (full 2):
 PSYoungGen      total 624640K, used 620884K [0x000000076b580000, 0x0000000793480000, 0x00000007c0000000)
  eden space 605184K, 100% used [0x000000076b580000,0x0000000790480000,0x0000000790480000)
  from space 19456K, 80% used [0x0000000792180000,0x00000007930d5350,0x0000000793480000)
  to   space 24576K, 0% used [0x0000000790480000,0x0000000790480000,0x0000000791c80000)
 ParOldGen       total 413184K, used 264023K [0x00000006c2000000, 0x00000006db380000, 0x000000076b580000)
  object space 413184K, 63% used [0x00000006c2000000,0x00000006d21d5f60,0x00000006db380000)
 Metaspace       used 14294K, capacity 14860K, committed 15104K, reserved 1062912K
  class space    used 1832K, capacity 1996K, committed 2048K, reserved 1048576K
Event: 18.691 GC heap after
Heap after GC invocations=21 (full 2):
 PSYoungGen      total 629760K, used 16538K [0x000000076b580000, 0x0000000796a80000, 0x00000007c0000000)
  eden space 605184K, 0% used [0x000000076b580000,0x000000076b580000,0x0000000790480000)
  from space 24576K, 67% used [0x0000000790480000,0x00000007914a6ae0,0x0000000791c80000)
  to   space 26112K, 0% used [0x0000000795100000,0x0000000795100000,0x0000000796a80000)
 ParOldGen       total 413184K, used 264023K [0x00000006c2000000, 0x00000006db380000, 0x000000076b580000)
  object space 413184K, 63% used [0x00000006c2000000,0x00000006d21d5f60,0x00000006db380000)
 Metaspace       used 14294K, capacity 14860K, committed 15104K, reserved 1062912K
  class space    used 1832K, capacity 1996K, committed 2048K, reserved 1048576K
}
Event: 20.701 GC heap before
{Heap before GC invocations=22 (full 2):
 PSYoungGen      total 629760K, used 621722K [0x000000076b580000, 0x0000000796a80000, 0x00000007c0000000)
  eden space 605184K, 100% used [0x000000076b580000,0x0000000790480000,0x0000000790480000)
  from space 24576K, 67% used [0x0000000790480000,0x00000007914a6ae0,0x0000000791c80000)
  to   space 26112K, 0% used [0x0000000795100000,0x0000000795100000,0x0000000796a80000)
 ParOldGen       total 413184K, used 264023K [0x00000006c2000000, 0x00000006db380000, 0x000000076b580000)
  object space 413184K, 63% used [0x00000006c2000000,0x00000006d21d5f60,0x00000006db380000)
 Metaspace       used 14296K, capacity 14860K, committed 15104K, reserved 1062912K
  class space    used 1832K, capacity 1996K, committed 2048K, reserved 1048576K
Event: 20.703 GC heap after
Heap after GC invocations=22 (full 2):
 PSYoungGen      total 663040K, used 3997K [0x000000076b580000, 0x0000000796000000, 0x00000007c0000000)
  eden space 647680K, 0% used [0x000000076b580000,0x000000076b580000,0x0000000792e00000)
  from space 15360K, 26% used [0x0000000795100000,0x00000007954e76f0,0x0000000796000000)
  to   space 25600K, 0% used [0x0000000792e00000,0x0000000792e00000,0x0000000794700000)
 ParOldGen       total 413184K, used 264023K [0x00000006c2000000, 0x00000006db380000, 0x000000076b580000)
  object space 413184K, 63% used [0x00000006c2000000,0x00000006d21d5f60,0x00000006db380000)
 Metaspace       used 14296K, capacity 14860K, committed 15104K, reserved 1062912K
  class space    used 1832K, capacity 1996K, committed 2048K, reserved 1048576K
}
Event: 21.760 GC heap before
{Heap before GC invocations=23 (full 2):
 PSYoungGen      total 663040K, used 651677K [0x000000076b580000, 0x0000000796000000, 0x00000007c0000000)
  eden space 647680K, 100% used [0x000000076b580000,0x0000000792e00000,0x0000000792e00000)
  from space 15360K, 26% used [0x0000000795100000,0x00000007954e76f0,0x0000000796000000)
  to   space 25600K, 0% used [0x0000000792e00000,0x0000000792e00000,0x0000000794700000)
 ParOldGen       total 413184K, used 264023K [0x00000006c2000000, 0x00000006db380000, 0x000000076b580000)
  object space 413184K, 63% used [0x00000006c2000000,0x00000006d21d5f60,0x00000006db380000)
 Metaspace       used 14300K, capacity 14860K, committed 15104K, reserved 1062912K
  class space    used 1832K, capacity 1996K, committed 2048K, reserved 1048576K
Event: 21.762 GC heap after
Heap after GC invocations=23 (full 2):
 PSYoungGen      total 673280K, used 3554K [0x000000076b580000, 0x0000000796000000, 0x00000007c0000000)
  eden space 647680K, 0% used [0x000000076b580000,0x000000076b580000,0x0000000792e00000)
  from space 25600K, 13% used [0x0000000792e00000,0x0000000793178850,0x0000000794700000)
  to   space 15360K, 0% used [0x0000000795100000,0x0000000795100000,0x0000000796000000)
 ParOldGen       total 413184K, used 264031K [0x00000006c2000000, 0x00000006db380000, 0x000000076b580000)
  object space 413184K, 63% used [0x00000006c2000000,0x00000006d21d7f60,0x00000006db380000)
 Metaspace       used 14300K, capacity 14860K, committed 15104K, reserved 1062912K
  class space    used 1832K, capacity 1996K, committed 2048K, reserved 1048576K
}
Event: 22.753 GC heap before
{Heap before GC invocations=24 (full 2):
 PSYoungGen      total 673280K, used 650910K [0x000000076b580000, 0x0000000796000000, 0x00000007c0000000)
  eden space 647680K, 99% used [0x000000076b580000,0x0000000792daf210,0x0000000792e00000)
  from space 25600K, 13% used [0x0000000792e00000,0x0000000793178850,0x0000000794700000)
  to   space 15360K, 0% used [0x0000000795100000,0x0000000795100000,0x0000000796000000)
 ParOldGen       total 413184K, used 264031K [0x00000006c2000000, 0x00000006db380000, 0x000000076b580000)
  object space 413184K, 63% used [0x00000006c2000000,0x00000006d21d7f60,0x00000006db380000)
 Metaspace       used 14325K, capacity 14940K, committed 15104K, reserved 1062912K
  class space    used 1832K, capacity 1996K, committed 2048K, reserved 1048576K
Event: 22.755 GC heap after
Heap after GC invocations=24 (full 2):
 PSYoungGen      total 663040K, used 4318K [0x000000076b580000, 0x0000000796000000, 0x00000007c0000000)
  eden space 647680K, 0% used [0x000000076b580000,0x000000076b580000,0x0000000792e00000)
  from space 15360K, 28% used [0x0000000795100000,0x0000000795537950,0x0000000796000000)
  to   space 25600K, 0% used [0x0000000792e00000,0x0000000792e00000,0x0000000794700000)
 ParOldGen       total 413184K, used 264031K [0x00000006c2000000, 0x00000006db380000, 0x000000076b580000)
  object space 413184K, 63% used [0x00000006c2000000,0x00000006d21d7f60,0x00000006db380000)
 Metaspace       used 14325K, capacity 14940K, committed 15104K, reserved 1062912K
  class space    used 1832K, capacity 1996K, committed 2048K, reserved 1048576K
}
Event: 23.985 GC heap before
{Heap before GC invocations=25 (full 2):
 PSYoungGen      total 663040K, used 651998K [0x000000076b580000, 0x0000000796000000, 0x00000007c0000000)
  eden space 647680K, 100% used [0x000000076b580000,0x0000000792e00000,0x0000000792e00000)
  from space 15360K, 28% used [0x0000000795100000,0x0000000795537950,0x0000000796000000)
  to   space 25600K, 0% used [0x0000000792e00000,0x0000000792e00000,0x0000000794700000)
 ParOldGen       total 413184K, used 264031K [0x00000006c2000000, 0x00000006db380000, 0x000000076b580000)
  object space 413184K, 63% used [0x00000006c2000000,0x00000006d21d7f60,0x00000006db380000)
 Metaspace       used 14338K, capacity 14940K, committed 15104K, reserved 1062912K
  class space    used 1832K, capacity 1996K, committed 2048K, reserved 1048576K
Event: 23.987 GC heap after
Heap after GC invocations=25 (full 2):
 PSYoungGen      total 673280K, used 4667K [0x000000076b580000, 0x0000000796000000, 0x00000007c0000000)
  eden space 647680K, 0% used [0x000000076b580000,0x000000076b580000,0x0000000792e00000)
  from space 25600K, 18% used [0x0000000792e00000,0x000000079328ef80,0x0000000794700000)
  to   space 15360K, 0% used [0x0000000795100000,0x0000000795100000,0x0000000796000000)
 ParOldGen       total 413184K, used 264039K [0x00000006c2000000, 0x00000006db380000, 0x000000076b580000)
  object space 413184K, 63% used [0x00000006c2000000,0x00000006d21d9f60,0x00000006db380000)
 Metaspace       used 14338K, capacity 14940K, committed 15104K, reserved 1062912K
  class space    used 1832K, capacity 1996K, committed 2048K, reserved 1048576K
}

