# JRE version: Java(TM) SE Runtime Environment (8.0_261-b12) (build 1.8.0_261-b12)
# Java VM: Java HotSpot(TM) 64-Bit Server VM (25.261-b12 mixed mode windows-amd64 compressed oops)
Heap:
 PSYoungGen      total 136704K, used 58446K [0x000000076b580000, 0x0000000774780000, 0x00000007c0000000)
  eden space 128000K, 45% used [0x000000076b580000,0x000000076ee93bc0,0x0000000773280000)
  from space 8704K, 0% used [0x0000000773f00000,0x0000000773f00000,0x0000000774780000)
  to   space 10752K, 0% used [0x0000000773280000,0x0000000773280000,0x0000000773d00000)
 ParOldGen       total 173568K, used 166120K [0x00000006c2000000, 0x00000006cc980000, 0x000000076b580000)
  object space 173568K, 95% used [0x00000006c2000000,0x00000006cc23a2b0,0x00000006cc980000)
 Metaspace       used 13553K, capacity 14078K, committed 14336K, reserved 1060864K
  class space    used 1826K, capacity 1995K, committed 2048K, reserved 1048576K
GC Heap History (10 events):
Event: 4.858 GC heap before
{Heap before GC invocations=21 (full 17):
 PSYoungGen      total 136704K, used 126236K [0x000000076b580000, 0x0000000774780000, 0x00000007c0000000)
  eden space 128000K, 98% used [0x000000076b580000,0x00000007730c71a8,0x0000000773280000)
  from space 8704K, 0% used [0x0000000773f00000,0x0000000773f00000,0x0000000774780000)
  to   space 10752K, 0% used [0x0000000773280000,0x0000000773280000,0x0000000773d00000)
 ParOldGen       total 173568K, used 166120K [0x00000006c2000000, 0x00000006cc980000, 0x000000076b580000)
  object space 173568K, 95% used [0x00000006c2000000,0x00000006cc23a3d8,0x00000006cc980000)
 Metaspace       used 13384K, capacity 13950K, committed 14080K, reserved 1060864K
  class space    used 1825K, capacity 1995K, committed 2048K, reserved 1048576K
Event: 4.871 GC heap after
Heap after GC invocations=21 (full 17):
 PSYoungGen      total 136704K, used 58845K [0x000000076b580000, 0x0000000774780000, 0x00000007c0000000)
  eden space 128000K, 45% used [0x000000076b580000,0x000000076eef74f0,0x0000000773280000)
  from space 8704K, 0% used [0x0000000773f00000,0x0000000773f00000,0x0000000774780000)
  to   space 10752K, 0% used [0x0000000773280000,0x0000000773280000,0x0000000773d00000)
 ParOldGen       total 173568K, used 166120K [0x00000006c2000000, 0x00000006cc980000, 0x000000076b580000)
  object space 173568K, 95% used [0x00000006c2000000,0x00000006cc23a3d8,0x00000006cc980000)
 Metaspace       used 13384K, capacity 13950K, committed 14080K, reserved 1060864K
  class space    used 1825K, capacity 1995K, committed 2048K, reserved 1048576K
}
Event: 4.932 GC heap before
{Heap before GC invocations=22 (full 18):
 PSYoungGen      total 136704K, used 126396K [0x000000076b580000, 0x0000000774780000, 0x00000007c0000000)
  eden space 128000K, 98% used [0x000000076b580000,0x00000007730ef168,0x0000000773280000)
  from space 8704K, 0% used [0x0000000773f00000,0x0000000773f00000,0x0000000774780000)
  to   space 10752K, 0% used [0x0000000773280000,0x0000000773280000,0x0000000773d00000)
 ParOldGen       total 173568K, used 166120K [0x00000006c2000000, 0x00000006cc980000, 0x000000076b580000)
  object space 173568K, 95% used [0x00000006c2000000,0x00000006cc23a3d8,0x00000006cc980000)
 Metaspace       used 13385K, capacity 13950K, committed 14080K, reserved 1060864K
  class space    used 1825K, capacity 1995K, committed 2048K, reserved 1048576K
Event: 4.947 GC heap after
Heap after GC invocations=22 (full 18):
 PSYoungGen      total 136704K, used 62151K [0x000000076b580000, 0x0000000774780000, 0x00000007c0000000)
  eden space 128000K, 48% used [0x000000076b580000,0x000000076f231f38,0x0000000773280000)
  from space 8704K, 0% used [0x0000000773f00000,0x0000000773f00000,0x0000000774780000)
  to   space 10752K, 0% used [0x0000000773280000,0x0000000773280000,0x0000000773d00000)
 ParOldGen       total 173568K, used 166120K [0x00000006c2000000, 0x00000006cc980000, 0x000000076b580000)
  object space 173568K, 95% used [0x00000006c2000000,0x00000006cc23a3d8,0x00000006cc980000)
 Metaspace       used 13385K, capacity 13950K, committed 14080K, reserved 1060864K
  class space    used 1825K, capacity 1995K, committed 2048K, reserved 1048576K
}
Event: 4.997 GC heap before
{Heap before GC invocations=23 (full 19):
 PSYoungGen      total 136704K, used 126387K [0x000000076b580000, 0x0000000774780000, 0x00000007c0000000)
  eden space 128000K, 98% used [0x000000076b580000,0x00000007730eccf8,0x0000000773280000)
  from space 8704K, 0% used [0x0000000773f00000,0x0000000773f00000,0x0000000774780000)
  to   space 10752K, 0% used [0x0000000773280000,0x0000000773280000,0x0000000773d00000)
 ParOldGen       total 173568K, used 166120K [0x00000006c2000000, 0x00000006cc980000, 0x000000076b580000)
  object space 173568K, 95% used [0x00000006c2000000,0x00000006cc23a3d8,0x00000006cc980000)
 Metaspace       used 13385K, capacity 13950K, committed 14080K, reserved 1060864K
  class space    used 1825K, capacity 1995K, committed 2048K, reserved 1048576K
Event: 5.010 GC heap after
Heap after GC invocations=23 (full 19):
 PSYoungGen      total 136704K, used 58922K [0x000000076b580000, 0x0000000774780000, 0x00000007c0000000)
  eden space 128000K, 46% used [0x000000076b580000,0x000000076ef0ab80,0x0000000773280000)
  from space 8704K, 0% used [0x0000000773f00000,0x0000000773f00000,0x0000000774780000)
  to   space 10752K, 0% used [0x0000000773280000,0x0000000773280000,0x0000000773d00000)
 ParOldGen       total 173568K, used 166120K [0x00000006c2000000, 0x00000006cc980000, 0x000000076b580000)
  object space 173568K, 95% used [0x00000006c2000000,0x00000006cc23a3d8,0x00000006cc980000)
 Metaspace       used 13385K, capacity 13950K, committed 14080K, reserved 1060864K
  class space    used 1825K, capacity 1995K, committed 2048K, reserved 1048576K
}
Event: 5.179 GC heap before
{Heap before GC invocations=24 (full 20):
 PSYoungGen      total 136704K, used 127948K [0x000000076b580000, 0x0000000774780000, 0x00000007c0000000)
  eden space 128000K, 99% used [0x000000076b580000,0x00000007732733e8,0x0000000773280000)
  from space 8704K, 0% used [0x0000000773f00000,0x0000000773f00000,0x0000000774780000)
  to   space 10752K, 0% used [0x0000000773280000,0x0000000773280000,0x0000000773d00000)
 ParOldGen       total 173568K, used 166120K [0x00000006c2000000, 0x00000006cc980000, 0x000000076b580000)
  object space 173568K, 95% used [0x00000006c2000000,0x00000006cc23a3d8,0x00000006cc980000)
 Metaspace       used 13412K, capacity 13950K, committed 14080K, reserved 1060864K
  class space    used 1825K, capacity 1995K, committed 2048K, reserved 1048576K
Event: 5.192 GC heap after
Heap after GC invocations=24 (full 20):
 PSYoungGen      total 136704K, used 58870K [0x000000076b580000, 0x0000000774780000, 0x00000007c0000000)
  eden space 128000K, 45% used [0x000000076b580000,0x000000076eefd920,0x0000000773280000)
  from space 8704K, 0% used [0x0000000773f00000,0x0000000773f00000,0x0000000774780000)
  to   space 10752K, 0% used [0x0000000773280000,0x0000000773280000,0x0000000773d00000)
 ParOldGen       total 173568K, used 166120K [0x00000006c2000000, 0x00000006cc980000, 0x000000076b580000)
  object space 173568K, 95% used [0x00000006c2000000,0x00000006cc23a3d8,0x00000006cc980000)
 Metaspace       used 13412K, capacity 13950K, committed 14080K, reserved 1060864K
  class space    used 1825K, capacity 1995K, committed 2048K, reserved 1048576K
}
Event: 5.279 GC heap before
{Heap before GC invocations=25 (full 21):
 PSYoungGen      total 136704K, used 127224K [0x000000076b580000, 0x0000000774780000, 0x00000007c0000000)
  eden space 128000K, 99% used [0x000000076b580000,0x00000007731be0a0,0x0000000773280000)
  from space 8704K, 0% used [0x0000000773f00000,0x0000000773f00000,0x0000000774780000)
  to   space 10752K, 0% used [0x0000000773280000,0x0000000773280000,0x0000000773d00000)
 ParOldGen       total 173568K, used 166120K [0x00000006c2000000, 0x00000006cc980000, 0x000000076b580000)
  object space 173568K, 95% used [0x00000006c2000000,0x00000006cc23a3d8,0x00000006cc980000)
 Metaspace       used 13420K, capacity 14014K, committed 14080K, reserved 1060864K
  class space    used 1826K, capacity 1995K, committed 2048K, reserved 1048576K
Event: 5.321 GC heap after
Heap after GC invocations=25 (full 21):
 PSYoungGen      total 136704K, used 45687K [0x000000076b580000, 0x0000000774780000, 0x00000007c0000000)
  eden space 128000K, 35% used [0x000000076b580000,0x000000076e21dd18,0x0000000773280000)
  from space 8704K, 0% used [0x0000000773f00000,0x0000000773f00000,0x0000000774780000)
  to   space 10752K, 0% used [0x0000000773280000,0x0000000773280000,0x0000000773d00000)
 ParOldGen       total 173568K, used 166120K [0x00000006c2000000, 0x00000006cc980000, 0x000000076b580000)
  object space 173568K, 95% used [0x00000006c2000000,0x00000006cc23a2b0,0x00000006cc980000)
 Metaspace       used 13420K, capacity 14014K, committed 14080K, reserved 1060864K
  class space    used 1826K, capacity 1995K, committed 2048K, reserved 1048576K
}

