# JRE version: Java(TM) SE Runtime Environment (8.0_261-b12) (build 1.8.0_261-b12)
# Java VM: Java HotSpot(TM) 64-Bit Server VM (25.261-b12 mixed mode windows-amd64 compressed oops)
Heap:
 PSYoungGen      total 139264K, used 38890K [0x000000076b580000, 0x0000000774800000, 0x00000007c0000000)
  eden space 128512K, 30% used [0x000000076b580000,0x000000076db7a890,0x0000000773300000)
  from space 10752K, 0% used [0x0000000773300000,0x0000000773300000,0x0000000773d80000)
  to   space 9216K, 0% used [0x0000000773f00000,0x0000000773f00000,0x0000000774800000)
 ParOldGen       total 249856K, used 225251K [0x00000006c2000000, 0x00000006d1400000, 0x000000076b580000)
  object space 249856K, 90% used [0x00000006c2000000,0x00000006cfbf8cf8,0x00000006d1400000)
 Metaspace       used 13449K, capacity 14014K, committed 14080K, reserved 1060864K
  class space    used 1830K, capacity 1995K, committed 2048K, reserved 1048576K
GC Heap History (10 events):
Event: 4.015 GC heap before
{Heap before GC invocations=10 (full 5):
 PSYoungGen      total 139264K, used 115525K [0x000000076b580000, 0x0000000774800000, 0x00000007c0000000)
  eden space 128512K, 89% used [0x000000076b580000,0x00000007726517f8,0x0000000773300000)
  from space 10752K, 0% used [0x0000000773300000,0x0000000773300000,0x0000000773d80000)
  to   space 9216K, 0% used [0x0000000773f00000,0x0000000773f00000,0x0000000774800000)
 ParOldGen       total 249856K, used 227970K [0x00000006c2000000, 0x00000006d1400000, 0x000000076b580000)
  object space 249856K, 91% used [0x00000006c2000000,0x00000006cfea08d8,0x00000006d1400000)
 Metaspace       used 13276K, capacity 13874K, committed 14080K, reserved 1060864K
  class space    used 1830K, capacity 1995K, committed 2048K, reserved 1048576K
Event: 4.027 GC heap after
Heap after GC invocations=10 (full 5):
 PSYoungGen      total 139264K, used 0K [0x000000076b580000, 0x0000000774800000, 0x00000007c0000000)
  eden space 128512K, 0% used [0x000000076b580000,0x000000076b580000,0x0000000773300000)
  from space 10752K, 0% used [0x0000000773300000,0x0000000773300000,0x0000000773d80000)
  to   space 9216K, 0% used [0x0000000773f00000,0x0000000773f00000,0x0000000774800000)
 ParOldGen       total 249856K, used 228034K [0x00000006c2000000, 0x00000006d1400000, 0x000000076b580000)
  object space 249856K, 91% used [0x00000006c2000000,0x00000006cfeb0a80,0x00000006d1400000)
 Metaspace       used 13276K, capacity 13874K, committed 14080K, reserved 1060864K
  class space    used 1830K, capacity 1995K, committed 2048K, reserved 1048576K
}
Event: 4.222 GC heap before
{Heap before GC invocations=11 (full 6):
 PSYoungGen      total 139264K, used 115329K [0x000000076b580000, 0x0000000774800000, 0x00000007c0000000)
  eden space 128512K, 89% used [0x000000076b580000,0x00000007726205c0,0x0000000773300000)
  from space 10752K, 0% used [0x0000000773300000,0x0000000773300000,0x0000000773d80000)
  to   space 9216K, 0% used [0x0000000773f00000,0x0000000773f00000,0x0000000774800000)
 ParOldGen       total 249856K, used 228034K [0x00000006c2000000, 0x00000006d1400000, 0x000000076b580000)
  object space 249856K, 91% used [0x00000006c2000000,0x00000006cfeb0a80,0x00000006d1400000)
 Metaspace       used 13388K, capacity 14002K, committed 14080K, reserved 1060864K
  class space    used 1830K, capacity 1995K, committed 2048K, reserved 1048576K
Event: 4.234 GC heap after
Heap after GC invocations=11 (full 6):
 PSYoungGen      total 139264K, used 0K [0x000000076b580000, 0x0000000774800000, 0x00000007c0000000)
  eden space 128512K, 0% used [0x000000076b580000,0x000000076b580000,0x0000000773300000)
  from space 10752K, 0% used [0x0000000773300000,0x0000000773300000,0x0000000773d80000)
  to   space 9216K, 0% used [0x0000000773f00000,0x0000000773f00000,0x0000000774800000)
 ParOldGen       total 249856K, used 228102K [0x00000006c2000000, 0x00000006d1400000, 0x000000076b580000)
  object space 249856K, 91% used [0x00000006c2000000,0x00000006cfec1b50,0x00000006d1400000)
 Metaspace       used 13388K, capacity 14002K, committed 14080K, reserved 1060864K
  class space    used 1830K, capacity 1995K, committed 2048K, reserved 1048576K
}
Event: 4.432 GC heap before
{Heap before GC invocations=12 (full 7):
 PSYoungGen      total 139264K, used 128425K [0x000000076b580000, 0x0000000774800000, 0x00000007c0000000)
  eden space 128512K, 99% used [0x000000076b580000,0x00000007732ea6b0,0x0000000773300000)
  from space 10752K, 0% used [0x0000000773300000,0x0000000773300000,0x0000000773d80000)
  to   space 9216K, 0% used [0x0000000773f00000,0x0000000773f00000,0x0000000774800000)
 ParOldGen       total 249856K, used 228102K [0x00000006c2000000, 0x00000006d1400000, 0x000000076b580000)
  object space 249856K, 91% used [0x00000006c2000000,0x00000006cfec1b50,0x00000006d1400000)
 Metaspace       used 13419K, capacity 14010K, committed 14080K, reserved 1060864K
  class space    used 1830K, capacity 1995K, committed 2048K, reserved 1048576K
Event: 4.449 GC heap after
Heap after GC invocations=12 (full 7):
 PSYoungGen      total 139264K, used 0K [0x000000076b580000, 0x0000000774800000, 0x00000007c0000000)
  eden space 128512K, 0% used [0x000000076b580000,0x000000076b580000,0x0000000773300000)
  from space 10752K, 0% used [0x0000000773300000,0x0000000773300000,0x0000000773d80000)
  to   space 9216K, 0% used [0x0000000773f00000,0x0000000773f00000,0x0000000774800000)
 ParOldGen       total 249856K, used 224866K [0x00000006c2000000, 0x00000006d1400000, 0x000000076b580000)
  object space 249856K, 89% used [0x00000006c2000000,0x00000006cfb98968,0x00000006d1400000)
 Metaspace       used 13419K, capacity 14010K, committed 14080K, reserved 1060864K
  class space    used 1830K, capacity 1995K, committed 2048K, reserved 1048576K
}
Event: 4.633 GC heap before
{Heap before GC invocations=13 (full 8):
 PSYoungGen      total 139264K, used 118571K [0x000000076b580000, 0x0000000774800000, 0x00000007c0000000)
  eden space 128512K, 92% used [0x000000076b580000,0x000000077294ae78,0x0000000773300000)
  from space 10752K, 0% used [0x0000000773300000,0x0000000773300000,0x0000000773d80000)
  to   space 9216K, 0% used [0x0000000773f00000,0x0000000773f00000,0x0000000774800000)
 ParOldGen       total 249856K, used 224866K [0x00000006c2000000, 0x00000006d1400000, 0x000000076b580000)
  object space 249856K, 89% used [0x00000006c2000000,0x00000006cfb98968,0x00000006d1400000)
 Metaspace       used 13429K, capacity 14010K, committed 14080K, reserved 1060864K
  class space    used 1830K, capacity 1995K, committed 2048K, reserved 1048576K
Event: 4.645 GC heap after
Heap after GC invocations=13 (full 8):
 PSYoungGen      total 139264K, used 0K [0x000000076b580000, 0x0000000774800000, 0x00000007c0000000)
  eden space 128512K, 0% used [0x000000076b580000,0x000000076b580000,0x0000000773300000)
  from space 10752K, 0% used [0x0000000773300000,0x0000000773300000,0x0000000773d80000)
  to   space 9216K, 0% used [0x0000000773f00000,0x0000000773f00000,0x0000000774800000)
 ParOldGen       total 249856K, used 228287K [0x00000006c2000000, 0x00000006d1400000, 0x000000076b580000)
  object space 249856K, 91% used [0x00000006c2000000,0x00000006cfeeff40,0x00000006d1400000)
 Metaspace       used 13429K, capacity 14010K, committed 14080K, reserved 1060864K
  class space    used 1830K, capacity 1995K, committed 2048K, reserved 1048576K
}
Event: 4.806 GC heap before
{Heap before GC invocations=14 (full 9):
 PSYoungGen      total 139264K, used 128485K [0x000000076b580000, 0x0000000774800000, 0x00000007c0000000)
  eden space 128512K, 99% used [0x000000076b580000,0x00000007732f9400,0x0000000773300000)
  from space 10752K, 0% used [0x0000000773300000,0x0000000773300000,0x0000000773d80000)
  to   space 9216K, 0% used [0x0000000773f00000,0x0000000773f00000,0x0000000774800000)
 ParOldGen       total 249856K, used 228287K [0x00000006c2000000, 0x00000006d1400000, 0x000000076b580000)
  object space 249856K, 91% used [0x00000006c2000000,0x00000006cfeeff40,0x00000006d1400000)
 Metaspace       used 13449K, capacity 14014K, committed 14080K, reserved 1060864K
  class space    used 1830K, capacity 1995K, committed 2048K, reserved 1048576K
Event: 4.819 GC heap after
Heap after GC invocations=14 (full 9):
 PSYoungGen      total 139264K, used 0K [0x000000076b580000, 0x0000000774800000, 0x00000007c0000000)
  eden space 128512K, 0% used [0x000000076b580000,0x000000076b580000,0x0000000773300000)
  from space 10752K, 0% used [0x0000000773300000,0x0000000773300000,0x0000000773d80000)
  to   space 9216K, 0% used [0x0000000773f00000,0x0000000773f00000,0x0000000774800000)
 ParOldGen       total 249856K, used 225251K [0x00000006c2000000, 0x00000006d1400000, 0x000000076b580000)
  object space 249856K, 90% used [0x00000006c2000000,0x00000006cfbf8cf8,0x00000006d1400000)
 Metaspace       used 13449K, capacity 14014K, committed 14080K, reserved 1060864K
  class space    used 1830K, capacity 1995K, committed 2048K, reserved 1048576K
}

