# JRE version: Java(TM) SE Runtime Environment (8.0_261-b12) (build 1.8.0_261-b12)
# Java VM: Java HotSpot(TM) 64-Bit Server VM (25.261-b12 mixed mode windows-amd64 compressed oops)
Heap:
 PSYoungGen      total 246272K, used 544K [0x000000076b580000, 0x000000077c580000, 0x00000007c0000000)
  eden space 229888K, 0% used [0x000000076b580000,0x000000076b580000,0x0000000779600000)
  from space 16384K, 3% used [0x000000077a580000,0x000000077a608000,0x000000077b580000)
  to   space 13824K, 0% used [0x000000077b800000,0x000000077b800000,0x000000077c580000)
 ParOldGen       total 414208K, used 248866K [0x00000006c2000000, 0x00000006db480000, 0x000000076b580000)
  object space 414208K, 60% used [0x00000006c2000000,0x00000006d1308a18,0x00000006db480000)
 Metaspace       used 13476K, capacity 14016K, committed 14080K, reserved 1064960K
  class space    used 1831K, capacity 1996K, committed 2048K, reserved 1048576K
GC Heap History (10 events):
Event: 3.222 GC heap before
{Heap before GC invocations=6 (full 1):
 PSYoungGen      total 136704K, used 122704K [0x000000076b580000, 0x0000000774780000, 0x00000007c0000000)
  eden space 128000K, 95% used [0x000000076b580000,0x0000000772c8dd00,0x0000000773280000)
  from space 8704K, 9% used [0x0000000773f00000,0x0000000773fc6440,0x0000000774780000)
  to   space 10752K, 0% used [0x0000000773280000,0x0000000773280000,0x0000000773d00000)
 ParOldGen       total 250368K, used 162452K [0x00000006c2000000, 0x00000006d1480000, 0x000000076b580000)
  object space 250368K, 64% used [0x00000006c2000000,0x00000006cbea5080,0x00000006d1480000)
 Metaspace       used 13092K, capacity 13610K, committed 13824K, reserved 1060864K
  class space    used 1821K, capacity 1993K, committed 2048K, reserved 1048576K
Event: 3.252 GC heap after
Heap after GC invocations=6 (full 1):
 PSYoungGen      total 138752K, used 3722K [0x000000076b580000, 0x000000077c580000, 0x00000007c0000000)
  eden space 128000K, 0% used [0x000000076b580000,0x000000076b580000,0x0000000773280000)
  from space 10752K, 34% used [0x0000000773280000,0x0000000773622910,0x0000000773d00000)
  to   space 13824K, 0% used [0x000000077b800000,0x000000077b800000,0x000000077c580000)
 ParOldGen       total 250368K, used 243185K [0x00000006c2000000, 0x00000006d1480000, 0x000000076b580000)
  object space 250368K, 97% used [0x00000006c2000000,0x00000006d0d7c4c0,0x00000006d1480000)
 Metaspace       used 13092K, capacity 13610K, committed 13824K, reserved 1060864K
  class space    used 1821K, capacity 1993K, committed 2048K, reserved 1048576K
}
Event: 3.252 GC heap before
{Heap before GC invocations=7 (full 2):
 PSYoungGen      total 138752K, used 3722K [0x000000076b580000, 0x000000077c580000, 0x00000007c0000000)
  eden space 128000K, 0% used [0x000000076b580000,0x000000076b580000,0x0000000773280000)
  from space 10752K, 34% used [0x0000000773280000,0x0000000773622910,0x0000000773d00000)
  to   space 13824K, 0% used [0x000000077b800000,0x000000077b800000,0x000000077c580000)
 ParOldGen       total 250368K, used 243185K [0x00000006c2000000, 0x00000006d1480000, 0x000000076b580000)
  object space 250368K, 97% used [0x00000006c2000000,0x00000006d0d7c4c0,0x00000006d1480000)
 Metaspace       used 13092K, capacity 13610K, committed 13824K, reserved 1060864K
  class space    used 1821K, capacity 1993K, committed 2048K, reserved 1048576K
Event: 3.297 GC heap after
Heap after GC invocations=7 (full 2):
 PSYoungGen      total 138752K, used 0K [0x000000076b580000, 0x000000077c580000, 0x00000007c0000000)
  eden space 128000K, 0% used [0x000000076b580000,0x000000076b580000,0x0000000773280000)
  from space 10752K, 0% used [0x0000000773280000,0x0000000773280000,0x0000000773d00000)
  to   space 13824K, 0% used [0x000000077b800000,0x000000077b800000,0x000000077c580000)
 ParOldGen       total 414208K, used 245357K [0x00000006c2000000, 0x00000006db480000, 0x000000076b580000)
  object space 414208K, 59% used [0x00000006c2000000,0x00000006d0f9b5a8,0x00000006db480000)
 Metaspace       used 13092K, capacity 13610K, committed 13824K, reserved 1060864K
  class space    used 1821K, capacity 1993K, committed 2048K, reserved 1048576K
}
Event: 3.596 GC heap before
{Heap before GC invocations=8 (full 2):
 PSYoungGen      total 138752K, used 117590K [0x000000076b580000, 0x000000077c580000, 0x00000007c0000000)
  eden space 128000K, 91% used [0x000000076b580000,0x0000000772855928,0x0000000773280000)
  from space 10752K, 0% used [0x0000000773280000,0x0000000773280000,0x0000000773d00000)
  to   space 13824K, 0% used [0x000000077b800000,0x000000077b800000,0x000000077c580000)
 ParOldGen       total 414208K, used 245357K [0x00000006c2000000, 0x00000006db480000, 0x000000076b580000)
  object space 414208K, 59% used [0x00000006c2000000,0x00000006d0f9b5a8,0x00000006db480000)
 Metaspace       used 13189K, capacity 13810K, committed 14080K, reserved 1060864K
  class space    used 1827K, capacity 1995K, committed 2048K, reserved 1048576K
Event: 3.613 GC heap after
Heap after GC invocations=8 (full 2):
 PSYoungGen      total 243712K, used 13641K [0x000000076b580000, 0x000000077c580000, 0x00000007c0000000)
  eden space 229888K, 0% used [0x000000076b580000,0x000000076b580000,0x0000000779600000)
  from space 13824K, 98% used [0x000000077b800000,0x000000077c552410,0x000000077c580000)
  to   space 16384K, 0% used [0x000000077a580000,0x000000077a580000,0x000000077b580000)
 ParOldGen       total 414208K, used 248671K [0x00000006c2000000, 0x00000006db480000, 0x000000076b580000)
  object space 414208K, 60% used [0x00000006c2000000,0x00000006d12d7eb8,0x00000006db480000)
 Metaspace       used 13189K, capacity 13810K, committed 14080K, reserved 1060864K
  class space    used 1827K, capacity 1995K, committed 2048K, reserved 1048576K
}
Event: 4.098 GC heap before
{Heap before GC invocations=9 (full 2):
 PSYoungGen      total 243712K, used 242322K [0x000000076b580000, 0x000000077c580000, 0x00000007c0000000)
  eden space 229888K, 99% used [0x000000076b580000,0x00000007794d2710,0x0000000779600000)
  from space 13824K, 98% used [0x000000077b800000,0x000000077c552410,0x000000077c580000)
  to   space 16384K, 0% used [0x000000077a580000,0x000000077a580000,0x000000077b580000)
 ParOldGen       total 414208K, used 248671K [0x00000006c2000000, 0x00000006db480000, 0x000000076b580000)
  object space 414208K, 60% used [0x00000006c2000000,0x00000006d12d7eb8,0x00000006db480000)
 Metaspace       used 13362K, capacity 13946K, committed 14080K, reserved 1060864K
  class space    used 1830K, capacity 1995K, committed 2048K, reserved 1048576K
Event: 4.109 GC heap after
Heap after GC invocations=9 (full 2):
 PSYoungGen      total 246272K, used 13737K [0x000000076b580000, 0x000000077c580000, 0x00000007c0000000)
  eden space 229888K, 0% used [0x000000076b580000,0x000000076b580000,0x0000000779600000)
  from space 16384K, 83% used [0x000000077a580000,0x000000077b2ea410,0x000000077b580000)
  to   space 13824K, 0% used [0x000000077b800000,0x000000077b800000,0x000000077c580000)
 ParOldGen       total 414208K, used 248679K [0x00000006c2000000, 0x00000006db480000, 0x000000076b580000)
  object space 414208K, 60% used [0x00000006c2000000,0x00000006d12d9eb8,0x00000006db480000)
 Metaspace       used 13362K, capacity 13946K, committed 14080K, reserved 1060864K
  class space    used 1830K, capacity 1995K, committed 2048K, reserved 1048576K
}
Event: 4.514 GC heap before
{Heap before GC invocations=10 (full 2):
 PSYoungGen      total 246272K, used 241856K [0x000000076b580000, 0x000000077c580000, 0x00000007c0000000)
  eden space 229888K, 99% used [0x000000076b580000,0x0000000779445cd0,0x0000000779600000)
  from space 16384K, 83% used [0x000000077a580000,0x000000077b2ea410,0x000000077b580000)
  to   space 13824K, 0% used [0x000000077b800000,0x000000077b800000,0x000000077c580000)
 ParOldGen       total 414208K, used 248679K [0x00000006c2000000, 0x00000006db480000, 0x000000076b580000)
  object space 414208K, 60% used [0x00000006c2000000,0x00000006d12d9eb8,0x00000006db480000)
 Metaspace       used 13451K, capacity 14010K, committed 14080K, reserved 1060864K
  class space    used 1830K, capacity 1995K, committed 2048K, reserved 1048576K
Event: 4.518 GC heap after
Heap after GC invocations=10 (full 2):
 PSYoungGen      total 243712K, used 13801K [0x000000076b580000, 0x000000077c580000, 0x00000007c0000000)
  eden space 229888K, 0% used [0x000000076b580000,0x000000076b580000,0x0000000779600000)
  from space 13824K, 99% used [0x000000077b800000,0x000000077c57a410,0x000000077c580000)
  to   space 16384K, 0% used [0x000000077a580000,0x000000077a580000,0x000000077b580000)
 ParOldGen       total 414208K, used 248711K [0x00000006c2000000, 0x00000006db480000, 0x000000076b580000)
  object space 414208K, 60% used [0x00000006c2000000,0x00000006d12e1eb8,0x00000006db480000)
 Metaspace       used 13451K, capacity 14010K, committed 14080K, reserved 1060864K
  class space    used 1830K, capacity 1995K, committed 2048K, reserved 1048576K
}

