# JRE version: Java(TM) SE Runtime Environment (8.0_261-b12) (build 1.8.0_261-b12)
# Java VM: Java HotSpot(TM) 64-Bit Server VM (25.261-b12 mixed mode windows-amd64 compressed oops)
Heap:
 PSYoungGen      total 135680K, used 106011K [0x000000076b580000, 0x0000000774700000, 0x00000007c0000000)
  eden space 127488K, 80% used [0x000000076b580000,0x0000000771964468,0x0000000773200000)
  from space 8192K, 45% used [0x0000000773f00000,0x00000007742a2910,0x0000000774700000)
  to   space 10752K, 0% used [0x0000000773200000,0x0000000773200000,0x0000000773c80000)
 ParOldGen       total 418816K, used 258588K [0x00000006c2000000, 0x00000006db900000, 0x000000076b580000)
  object space 418816K, 61% used [0x00000006c2000000,0x00000006d1c873a0,0x00000006db900000)
 Metaspace       used 13335K, capacity 13946K, committed 14080K, reserved 1060864K
  class space    used 1828K, capacity 1995K, committed 2048K, reserved 1048576K
GC Heap History (10 events):
Event: 2.580 GC heap before
{Heap before GC invocations=4 (full 1):
 PSYoungGen      total 75776K, used 10443K [0x000000076b580000, 0x0000000774980000, 0x00000007c0000000)
  eden space 65024K, 0% used [0x000000076b580000,0x000000076b580000,0x000000076f500000)
  from space 10752K, 97% used [0x000000076f500000,0x000000076ff32eb8,0x000000076ff80000)
  to   space 10752K, 0% used [0x0000000773f00000,0x0000000773f00000,0x0000000774980000)
 ParOldGen       total 173568K, used 111485K [0x00000006c2000000, 0x00000006cc980000, 0x000000076b580000)
  object space 173568K, 64% used [0x00000006c2000000,0x00000006c8cdf770,0x00000006cc980000)
 Metaspace       used 13008K, capacity 13544K, committed 13824K, reserved 1060864K
  class space    used 1795K, capacity 1927K, committed 2048K, reserved 1048576K
Event: 2.604 GC heap after
Heap after GC invocations=4 (full 1):
 PSYoungGen      total 75776K, used 0K [0x000000076b580000, 0x0000000774980000, 0x00000007c0000000)
  eden space 65024K, 0% used [0x000000076b580000,0x000000076b580000,0x000000076f500000)
  from space 10752K, 0% used [0x000000076f500000,0x000000076f500000,0x000000076ff80000)
  to   space 10752K, 0% used [0x0000000773f00000,0x0000000773f00000,0x0000000774980000)
 ParOldGen       total 253440K, used 117456K [0x00000006c2000000, 0x00000006d1780000, 0x000000076b580000)
  object space 253440K, 46% used [0x00000006c2000000,0x00000006c92b41d0,0x00000006d1780000)
 Metaspace       used 13008K, capacity 13544K, committed 13824K, reserved 1060864K
  class space    used 1795K, capacity 1927K, committed 2048K, reserved 1048576K
}
Event: 2.621 GC heap before
{Heap before GC invocations=5 (full 1):
 PSYoungGen      total 75776K, used 46792K [0x000000076b580000, 0x0000000774980000, 0x00000007c0000000)
  eden space 65024K, 71% used [0x000000076b580000,0x000000076e3322f8,0x000000076f500000)
  from space 10752K, 0% used [0x000000076f500000,0x000000076f500000,0x000000076ff80000)
  to   space 10752K, 0% used [0x0000000773f00000,0x0000000773f00000,0x0000000774980000)
 ParOldGen       total 253440K, used 117456K [0x00000006c2000000, 0x00000006d1780000, 0x000000076b580000)
  object space 253440K, 46% used [0x00000006c2000000,0x00000006c92b41d0,0x00000006d1780000)
 Metaspace       used 13008K, capacity 13544K, committed 13824K, reserved 1060864K
  class space    used 1795K, capacity 1927K, committed 2048K, reserved 1048576K
Event: 2.640 GC heap after
Heap after GC invocations=5 (full 1):
 PSYoungGen      total 135680K, used 857K [0x000000076b580000, 0x0000000774700000, 0x00000007c0000000)
  eden space 127488K, 0% used [0x000000076b580000,0x000000076b580000,0x0000000773200000)
  from space 8192K, 10% used [0x0000000773f00000,0x0000000773fd6440,0x0000000774700000)
  to   space 10752K, 0% used [0x0000000773200000,0x0000000773200000,0x0000000773c80000)
 ParOldGen       total 253440K, used 162456K [0x00000006c2000000, 0x00000006d1780000, 0x000000076b580000)
  object space 253440K, 64% used [0x00000006c2000000,0x00000006cbea61f0,0x00000006d1780000)
 Metaspace       used 13008K, capacity 13544K, committed 13824K, reserved 1060864K
  class space    used 1795K, capacity 1927K, committed 2048K, reserved 1048576K
}
Event: 3.069 GC heap before
{Heap before GC invocations=6 (full 1):
 PSYoungGen      total 135680K, used 123494K [0x000000076b580000, 0x0000000774700000, 0x00000007c0000000)
  eden space 127488K, 96% used [0x000000076b580000,0x0000000772d433f0,0x0000000773200000)
  from space 8192K, 10% used [0x0000000773f00000,0x0000000773fd6440,0x0000000774700000)
  to   space 10752K, 0% used [0x0000000773200000,0x0000000773200000,0x0000000773c80000)
 ParOldGen       total 253440K, used 162456K [0x00000006c2000000, 0x00000006d1780000, 0x000000076b580000)
  object space 253440K, 64% used [0x00000006c2000000,0x00000006cbea61f0,0x00000006d1780000)
 Metaspace       used 13100K, capacity 13674K, committed 13824K, reserved 1060864K
  class space    used 1819K, capacity 1993K, committed 2048K, reserved 1048576K
Event: 3.093 GC heap after
Heap after GC invocations=6 (full 1):
 PSYoungGen      total 138240K, used 3754K [0x000000076b580000, 0x0000000774700000, 0x00000007c0000000)
  eden space 127488K, 0% used [0x000000076b580000,0x000000076b580000,0x0000000773200000)
  from space 10752K, 34% used [0x0000000773200000,0x00000007735aa910,0x0000000773c80000)
  to   space 8192K, 0% used [0x0000000773f00000,0x0000000773f00000,0x0000000774700000)
 ParOldGen       total 253440K, used 243189K [0x00000006c2000000, 0x00000006d1780000, 0x000000076b580000)
  object space 253440K, 95% used [0x00000006c2000000,0x00000006d0d7d630,0x00000006d1780000)
 Metaspace       used 13100K, capacity 13674K, committed 13824K, reserved 1060864K
  class space    used 1819K, capacity 1993K, committed 2048K, reserved 1048576K
}
Event: 3.093 GC heap before
{Heap before GC invocations=7 (full 2):
 PSYoungGen      total 138240K, used 3754K [0x000000076b580000, 0x0000000774700000, 0x00000007c0000000)
  eden space 127488K, 0% used [0x000000076b580000,0x000000076b580000,0x0000000773200000)
  from space 10752K, 34% used [0x0000000773200000,0x00000007735aa910,0x0000000773c80000)
  to   space 8192K, 0% used [0x0000000773f00000,0x0000000773f00000,0x0000000774700000)
 ParOldGen       total 253440K, used 243189K [0x00000006c2000000, 0x00000006d1780000, 0x000000076b580000)
  object space 253440K, 95% used [0x00000006c2000000,0x00000006d0d7d630,0x00000006d1780000)
 Metaspace       used 13100K, capacity 13674K, committed 13824K, reserved 1060864K
  class space    used 1819K, capacity 1993K, committed 2048K, reserved 1048576K
Event: 3.145 GC heap after
Heap after GC invocations=7 (full 2):
 PSYoungGen      total 138240K, used 0K [0x000000076b580000, 0x0000000774700000, 0x00000007c0000000)
  eden space 127488K, 0% used [0x000000076b580000,0x000000076b580000,0x0000000773200000)
  from space 10752K, 0% used [0x0000000773200000,0x0000000773200000,0x0000000773c80000)
  to   space 8192K, 0% used [0x0000000773f00000,0x0000000773f00000,0x0000000774700000)
 ParOldGen       total 418816K, used 245355K [0x00000006c2000000, 0x00000006db900000, 0x000000076b580000)
  object space 418816K, 58% used [0x00000006c2000000,0x00000006d0f9af90,0x00000006db900000)
 Metaspace       used 13100K, capacity 13674K, committed 13824K, reserved 1060864K
  class space    used 1819K, capacity 1993K, committed 2048K, reserved 1048576K
}
Event: 3.383 GC heap before
{Heap before GC invocations=8 (full 2):
 PSYoungGen      total 138240K, used 120908K [0x000000076b580000, 0x0000000774700000, 0x00000007c0000000)
  eden space 127488K, 94% used [0x000000076b580000,0x0000000772b93278,0x0000000773200000)
  from space 10752K, 0% used [0x0000000773200000,0x0000000773200000,0x0000000773c80000)
  to   space 8192K, 0% used [0x0000000773f00000,0x0000000773f00000,0x0000000774700000)
 ParOldGen       total 418816K, used 245355K [0x00000006c2000000, 0x00000006db900000, 0x000000076b580000)
  object space 418816K, 58% used [0x00000006c2000000,0x00000006d0f9af90,0x00000006db900000)
 Metaspace       used 13262K, capacity 13882K, committed 14080K, reserved 1060864K
  class space    used 1827K, capacity 1995K, committed 2048K, reserved 1048576K
Event: 3.396 GC heap after
Heap after GC invocations=8 (full 2):
 PSYoungGen      total 135680K, used 3722K [0x000000076b580000, 0x0000000774700000, 0x00000007c0000000)
  eden space 127488K, 0% used [0x000000076b580000,0x000000076b580000,0x0000000773200000)
  from space 8192K, 45% used [0x0000000773f00000,0x00000007742a2910,0x0000000774700000)
  to   space 10752K, 0% used [0x0000000773200000,0x0000000773200000,0x0000000773c80000)
 ParOldGen       total 418816K, used 258588K [0x00000006c2000000, 0x00000006db900000, 0x000000076b580000)
  object space 418816K, 61% used [0x00000006c2000000,0x00000006d1c873a0,0x00000006db900000)
 Metaspace       used 13262K, capacity 13882K, committed 14080K, reserved 1060864K
  class space    used 1827K, capacity 1995K, committed 2048K, reserved 1048576K
}

